
*** Running vivado
    with args -log hdmi_text_controller_v1_0.vds -m64 -product Vivado -mode batch -messageDb vivado.pb -notrace -source hdmi_text_controller_v1_0.tcl



****** Vivado v2022.2 (64-bit)
  **** SW Build 3671981 on Fri Oct 14 05:00:03 MDT 2022
  **** IP Build 3669848 on Fri Oct 14 08:30:02 MDT 2022
    ** Copyright 1986-2022 Xilinx, Inc. All Rights Reserved.

source hdmi_text_controller_v1_0.tcl -notrace
INFO: [IP_Flow 19-234] Refreshing IP repositories
CRITICAL WARNING: [IP_Flow 19-4648] Error loading IP definition hdmi_text_controller_v1.0 (xilinx.com:user:hdmi_text_controller:1.0): This component is not valid; it has a subcoreRef defined to be the same as its parent.
INFO: [IP_Flow 19-1700] Loaded user IP repository 'c:/Users/Warre/ip_repo/hdmi_text_controller_1_0'.
INFO: [IP_Flow 19-1700] Loaded user IP repository 'c:/Users/Warre/Downloads/RD_hdmi_ip2020/hdmi_tx_1.0'.
INFO: [IP_Flow 19-2313] Loaded Vivado IP repository 'C:/Xilinx/Vivado/2022.2/data/ip'.
Command: synth_design -top hdmi_text_controller_v1_0 -part xc7s50csga324-1
Starting synth_design
Attempting to get a license for feature 'Synthesis' and/or device 'xc7s50'
INFO: [Common 17-349] Got license for feature 'Synthesis' and/or device 'xc7s50'
INFO: [Device 21-403] Loading part xc7s50csga324-1
INFO: [Synth 8-7079] Multithreading enabled for synth_design using a maximum of 2 processes.
INFO: [Synth 8-7078] Launching helper process for spawning children vivado processes
INFO: [Synth 8-7075] Helper process launched with PID 47268
INFO: [Synth 8-11241] undeclared symbol 'REGCCE', assumed default net type 'wire' [C:/Xilinx/Vivado/2022.2/data/verilog/src/unimacro/BRAM_SINGLE_MACRO.v:2170]
INFO: [Synth 8-11241] undeclared symbol 'Clk', assumed default net type 'wire' [C:/Users/Warre/Downloads/lab7_1_provided_fa24/hdmi_text_controller_v1_0.sv:112]
INFO: [Synth 8-11241] undeclared symbol 'hdmi_tmds_clk_p', assumed default net type 'wire' [C:/Users/Warre/Downloads/lab7_1_provided_fa24/hdmi_text_controller_v1_0.sv:149]
INFO: [Synth 8-11241] undeclared symbol 'hdmi_tmds_clk_n', assumed default net type 'wire' [C:/Users/Warre/Downloads/lab7_1_provided_fa24/hdmi_text_controller_v1_0.sv:150]
INFO: [Synth 8-11241] undeclared symbol 'hdmi_tmds_data_p', assumed default net type 'wire' [C:/Users/Warre/Downloads/lab7_1_provided_fa24/hdmi_text_controller_v1_0.sv:151]
INFO: [Synth 8-11241] undeclared symbol 'hdmi_tmds_data_n', assumed default net type 'wire' [C:/Users/Warre/Downloads/lab7_1_provided_fa24/hdmi_text_controller_v1_0.sv:152]
---------------------------------------------------------------------------------
Starting RTL Elaboration : Time (s): cpu = 00:00:01 ; elapsed = 00:00:03 . Memory (MB): peak = 1186.660 ; gain = 407.555
---------------------------------------------------------------------------------
INFO: [Synth 8-6157] synthesizing module 'hdmi_text_controller_v1_0' [C:/Users/Warre/Downloads/lab7_1_provided_fa24/hdmi_text_controller_v1_0.sv:10]
INFO: [Synth 8-6157] synthesizing module 'hdmi_text_controller_v1_0_AXI' [C:/Users/Warre/lab_7.1/lab_7.1.srcs/sources_1/imports/lab7_1_provided_fa24/hdmi_text_controller_v1_0_AXI.sv:28]
	Parameter C_S_AXI_DATA_WIDTH bound to: 32 - type: integer 
	Parameter C_S_AXI_ADDR_WIDTH bound to: 12 - type: integer 
WARNING: [Synth 8-324] index 601 out of range [C:/Users/Warre/lab_7.1/lab_7.1.srcs/sources_1/imports/lab7_1_provided_fa24/hdmi_text_controller_v1_0_AXI.sv:254]
WARNING: [Synth 8-324] index 602 out of range [C:/Users/Warre/lab_7.1/lab_7.1.srcs/sources_1/imports/lab7_1_provided_fa24/hdmi_text_controller_v1_0_AXI.sv:254]
WARNING: [Synth 8-324] index 603 out of range [C:/Users/Warre/lab_7.1/lab_7.1.srcs/sources_1/imports/lab7_1_provided_fa24/hdmi_text_controller_v1_0_AXI.sv:254]
WARNING: [Synth 8-324] index 604 out of range [C:/Users/Warre/lab_7.1/lab_7.1.srcs/sources_1/imports/lab7_1_provided_fa24/hdmi_text_controller_v1_0_AXI.sv:254]
WARNING: [Synth 8-324] index 605 out of range [C:/Users/Warre/lab_7.1/lab_7.1.srcs/sources_1/imports/lab7_1_provided_fa24/hdmi_text_controller_v1_0_AXI.sv:254]
WARNING: [Synth 8-324] index 606 out of range [C:/Users/Warre/lab_7.1/lab_7.1.srcs/sources_1/imports/lab7_1_provided_fa24/hdmi_text_controller_v1_0_AXI.sv:254]
WARNING: [Synth 8-324] index 607 out of range [C:/Users/Warre/lab_7.1/lab_7.1.srcs/sources_1/imports/lab7_1_provided_fa24/hdmi_text_controller_v1_0_AXI.sv:254]
WARNING: [Synth 8-324] index 608 out of range [C:/Users/Warre/lab_7.1/lab_7.1.srcs/sources_1/imports/lab7_1_provided_fa24/hdmi_text_controller_v1_0_AXI.sv:254]
WARNING: [Synth 8-324] index 609 out of range [C:/Users/Warre/lab_7.1/lab_7.1.srcs/sources_1/imports/lab7_1_provided_fa24/hdmi_text_controller_v1_0_AXI.sv:254]
WARNING: [Synth 8-324] index 610 out of range [C:/Users/Warre/lab_7.1/lab_7.1.srcs/sources_1/imports/lab7_1_provided_fa24/hdmi_text_controller_v1_0_AXI.sv:254]
WARNING: [Synth 8-324] index 611 out of range [C:/Users/Warre/lab_7.1/lab_7.1.srcs/sources_1/imports/lab7_1_provided_fa24/hdmi_text_controller_v1_0_AXI.sv:254]
WARNING: [Synth 8-324] index 612 out of range [C:/Users/Warre/lab_7.1/lab_7.1.srcs/sources_1/imports/lab7_1_provided_fa24/hdmi_text_controller_v1_0_AXI.sv:254]
WARNING: [Synth 8-324] index 613 out of range [C:/Users/Warre/lab_7.1/lab_7.1.srcs/sources_1/imports/lab7_1_provided_fa24/hdmi_text_controller_v1_0_AXI.sv:254]
WARNING: [Synth 8-324] index 614 out of range [C:/Users/Warre/lab_7.1/lab_7.1.srcs/sources_1/imports/lab7_1_provided_fa24/hdmi_text_controller_v1_0_AXI.sv:254]
WARNING: [Synth 8-324] index 615 out of range [C:/Users/Warre/lab_7.1/lab_7.1.srcs/sources_1/imports/lab7_1_provided_fa24/hdmi_text_controller_v1_0_AXI.sv:254]
WARNING: [Synth 8-324] index 616 out of range [C:/Users/Warre/lab_7.1/lab_7.1.srcs/sources_1/imports/lab7_1_provided_fa24/hdmi_text_controller_v1_0_AXI.sv:254]
WARNING: [Synth 8-324] index 617 out of range [C:/Users/Warre/lab_7.1/lab_7.1.srcs/sources_1/imports/lab7_1_provided_fa24/hdmi_text_controller_v1_0_AXI.sv:254]
WARNING: [Synth 8-324] index 618 out of range [C:/Users/Warre/lab_7.1/lab_7.1.srcs/sources_1/imports/lab7_1_provided_fa24/hdmi_text_controller_v1_0_AXI.sv:254]
WARNING: [Synth 8-324] index 619 out of range [C:/Users/Warre/lab_7.1/lab_7.1.srcs/sources_1/imports/lab7_1_provided_fa24/hdmi_text_controller_v1_0_AXI.sv:254]
WARNING: [Synth 8-324] index 620 out of range [C:/Users/Warre/lab_7.1/lab_7.1.srcs/sources_1/imports/lab7_1_provided_fa24/hdmi_text_controller_v1_0_AXI.sv:254]
WARNING: [Synth 8-324] index 621 out of range [C:/Users/Warre/lab_7.1/lab_7.1.srcs/sources_1/imports/lab7_1_provided_fa24/hdmi_text_controller_v1_0_AXI.sv:254]
WARNING: [Synth 8-324] index 622 out of range [C:/Users/Warre/lab_7.1/lab_7.1.srcs/sources_1/imports/lab7_1_provided_fa24/hdmi_text_controller_v1_0_AXI.sv:254]
WARNING: [Synth 8-324] index 623 out of range [C:/Users/Warre/lab_7.1/lab_7.1.srcs/sources_1/imports/lab7_1_provided_fa24/hdmi_text_controller_v1_0_AXI.sv:254]
WARNING: [Synth 8-324] index 624 out of range [C:/Users/Warre/lab_7.1/lab_7.1.srcs/sources_1/imports/lab7_1_provided_fa24/hdmi_text_controller_v1_0_AXI.sv:254]
WARNING: [Synth 8-324] index 625 out of range [C:/Users/Warre/lab_7.1/lab_7.1.srcs/sources_1/imports/lab7_1_provided_fa24/hdmi_text_controller_v1_0_AXI.sv:254]
WARNING: [Synth 8-324] index 626 out of range [C:/Users/Warre/lab_7.1/lab_7.1.srcs/sources_1/imports/lab7_1_provided_fa24/hdmi_text_controller_v1_0_AXI.sv:254]
WARNING: [Synth 8-324] index 627 out of range [C:/Users/Warre/lab_7.1/lab_7.1.srcs/sources_1/imports/lab7_1_provided_fa24/hdmi_text_controller_v1_0_AXI.sv:254]
WARNING: [Synth 8-324] index 628 out of range [C:/Users/Warre/lab_7.1/lab_7.1.srcs/sources_1/imports/lab7_1_provided_fa24/hdmi_text_controller_v1_0_AXI.sv:254]
WARNING: [Synth 8-324] index 629 out of range [C:/Users/Warre/lab_7.1/lab_7.1.srcs/sources_1/imports/lab7_1_provided_fa24/hdmi_text_controller_v1_0_AXI.sv:254]
WARNING: [Synth 8-324] index 630 out of range [C:/Users/Warre/lab_7.1/lab_7.1.srcs/sources_1/imports/lab7_1_provided_fa24/hdmi_text_controller_v1_0_AXI.sv:254]
WARNING: [Synth 8-324] index 631 out of range [C:/Users/Warre/lab_7.1/lab_7.1.srcs/sources_1/imports/lab7_1_provided_fa24/hdmi_text_controller_v1_0_AXI.sv:254]
WARNING: [Synth 8-324] index 632 out of range [C:/Users/Warre/lab_7.1/lab_7.1.srcs/sources_1/imports/lab7_1_provided_fa24/hdmi_text_controller_v1_0_AXI.sv:254]
WARNING: [Synth 8-324] index 633 out of range [C:/Users/Warre/lab_7.1/lab_7.1.srcs/sources_1/imports/lab7_1_provided_fa24/hdmi_text_controller_v1_0_AXI.sv:254]
WARNING: [Synth 8-324] index 634 out of range [C:/Users/Warre/lab_7.1/lab_7.1.srcs/sources_1/imports/lab7_1_provided_fa24/hdmi_text_controller_v1_0_AXI.sv:254]
WARNING: [Synth 8-324] index 635 out of range [C:/Users/Warre/lab_7.1/lab_7.1.srcs/sources_1/imports/lab7_1_provided_fa24/hdmi_text_controller_v1_0_AXI.sv:254]
WARNING: [Synth 8-324] index 636 out of range [C:/Users/Warre/lab_7.1/lab_7.1.srcs/sources_1/imports/lab7_1_provided_fa24/hdmi_text_controller_v1_0_AXI.sv:254]
WARNING: [Synth 8-324] index 637 out of range [C:/Users/Warre/lab_7.1/lab_7.1.srcs/sources_1/imports/lab7_1_provided_fa24/hdmi_text_controller_v1_0_AXI.sv:254]
WARNING: [Synth 8-324] index 638 out of range [C:/Users/Warre/lab_7.1/lab_7.1.srcs/sources_1/imports/lab7_1_provided_fa24/hdmi_text_controller_v1_0_AXI.sv:254]
WARNING: [Synth 8-324] index 639 out of range [C:/Users/Warre/lab_7.1/lab_7.1.srcs/sources_1/imports/lab7_1_provided_fa24/hdmi_text_controller_v1_0_AXI.sv:254]
WARNING: [Synth 8-324] index 640 out of range [C:/Users/Warre/lab_7.1/lab_7.1.srcs/sources_1/imports/lab7_1_provided_fa24/hdmi_text_controller_v1_0_AXI.sv:254]
WARNING: [Synth 8-324] index 641 out of range [C:/Users/Warre/lab_7.1/lab_7.1.srcs/sources_1/imports/lab7_1_provided_fa24/hdmi_text_controller_v1_0_AXI.sv:254]
WARNING: [Synth 8-324] index 642 out of range [C:/Users/Warre/lab_7.1/lab_7.1.srcs/sources_1/imports/lab7_1_provided_fa24/hdmi_text_controller_v1_0_AXI.sv:254]
WARNING: [Synth 8-324] index 643 out of range [C:/Users/Warre/lab_7.1/lab_7.1.srcs/sources_1/imports/lab7_1_provided_fa24/hdmi_text_controller_v1_0_AXI.sv:254]
WARNING: [Synth 8-324] index 644 out of range [C:/Users/Warre/lab_7.1/lab_7.1.srcs/sources_1/imports/lab7_1_provided_fa24/hdmi_text_controller_v1_0_AXI.sv:254]
WARNING: [Synth 8-324] index 645 out of range [C:/Users/Warre/lab_7.1/lab_7.1.srcs/sources_1/imports/lab7_1_provided_fa24/hdmi_text_controller_v1_0_AXI.sv:254]
WARNING: [Synth 8-324] index 646 out of range [C:/Users/Warre/lab_7.1/lab_7.1.srcs/sources_1/imports/lab7_1_provided_fa24/hdmi_text_controller_v1_0_AXI.sv:254]
WARNING: [Synth 8-324] index 647 out of range [C:/Users/Warre/lab_7.1/lab_7.1.srcs/sources_1/imports/lab7_1_provided_fa24/hdmi_text_controller_v1_0_AXI.sv:254]
WARNING: [Synth 8-324] index 648 out of range [C:/Users/Warre/lab_7.1/lab_7.1.srcs/sources_1/imports/lab7_1_provided_fa24/hdmi_text_controller_v1_0_AXI.sv:254]
WARNING: [Synth 8-324] index 649 out of range [C:/Users/Warre/lab_7.1/lab_7.1.srcs/sources_1/imports/lab7_1_provided_fa24/hdmi_text_controller_v1_0_AXI.sv:254]
WARNING: [Synth 8-324] index 650 out of range [C:/Users/Warre/lab_7.1/lab_7.1.srcs/sources_1/imports/lab7_1_provided_fa24/hdmi_text_controller_v1_0_AXI.sv:254]
WARNING: [Synth 8-324] index 651 out of range [C:/Users/Warre/lab_7.1/lab_7.1.srcs/sources_1/imports/lab7_1_provided_fa24/hdmi_text_controller_v1_0_AXI.sv:254]
WARNING: [Synth 8-324] index 652 out of range [C:/Users/Warre/lab_7.1/lab_7.1.srcs/sources_1/imports/lab7_1_provided_fa24/hdmi_text_controller_v1_0_AXI.sv:254]
WARNING: [Synth 8-324] index 653 out of range [C:/Users/Warre/lab_7.1/lab_7.1.srcs/sources_1/imports/lab7_1_provided_fa24/hdmi_text_controller_v1_0_AXI.sv:254]
WARNING: [Synth 8-324] index 654 out of range [C:/Users/Warre/lab_7.1/lab_7.1.srcs/sources_1/imports/lab7_1_provided_fa24/hdmi_text_controller_v1_0_AXI.sv:254]
WARNING: [Synth 8-324] index 655 out of range [C:/Users/Warre/lab_7.1/lab_7.1.srcs/sources_1/imports/lab7_1_provided_fa24/hdmi_text_controller_v1_0_AXI.sv:254]
WARNING: [Synth 8-324] index 656 out of range [C:/Users/Warre/lab_7.1/lab_7.1.srcs/sources_1/imports/lab7_1_provided_fa24/hdmi_text_controller_v1_0_AXI.sv:254]
WARNING: [Synth 8-324] index 657 out of range [C:/Users/Warre/lab_7.1/lab_7.1.srcs/sources_1/imports/lab7_1_provided_fa24/hdmi_text_controller_v1_0_AXI.sv:254]
WARNING: [Synth 8-324] index 658 out of range [C:/Users/Warre/lab_7.1/lab_7.1.srcs/sources_1/imports/lab7_1_provided_fa24/hdmi_text_controller_v1_0_AXI.sv:254]
WARNING: [Synth 8-324] index 659 out of range [C:/Users/Warre/lab_7.1/lab_7.1.srcs/sources_1/imports/lab7_1_provided_fa24/hdmi_text_controller_v1_0_AXI.sv:254]
WARNING: [Synth 8-324] index 660 out of range [C:/Users/Warre/lab_7.1/lab_7.1.srcs/sources_1/imports/lab7_1_provided_fa24/hdmi_text_controller_v1_0_AXI.sv:254]
WARNING: [Synth 8-324] index 661 out of range [C:/Users/Warre/lab_7.1/lab_7.1.srcs/sources_1/imports/lab7_1_provided_fa24/hdmi_text_controller_v1_0_AXI.sv:254]
WARNING: [Synth 8-324] index 662 out of range [C:/Users/Warre/lab_7.1/lab_7.1.srcs/sources_1/imports/lab7_1_provided_fa24/hdmi_text_controller_v1_0_AXI.sv:254]
WARNING: [Synth 8-324] index 663 out of range [C:/Users/Warre/lab_7.1/lab_7.1.srcs/sources_1/imports/lab7_1_provided_fa24/hdmi_text_controller_v1_0_AXI.sv:254]
WARNING: [Synth 8-324] index 664 out of range [C:/Users/Warre/lab_7.1/lab_7.1.srcs/sources_1/imports/lab7_1_provided_fa24/hdmi_text_controller_v1_0_AXI.sv:254]
WARNING: [Synth 8-324] index 665 out of range [C:/Users/Warre/lab_7.1/lab_7.1.srcs/sources_1/imports/lab7_1_provided_fa24/hdmi_text_controller_v1_0_AXI.sv:254]
WARNING: [Synth 8-324] index 666 out of range [C:/Users/Warre/lab_7.1/lab_7.1.srcs/sources_1/imports/lab7_1_provided_fa24/hdmi_text_controller_v1_0_AXI.sv:254]
WARNING: [Synth 8-324] index 667 out of range [C:/Users/Warre/lab_7.1/lab_7.1.srcs/sources_1/imports/lab7_1_provided_fa24/hdmi_text_controller_v1_0_AXI.sv:254]
WARNING: [Synth 8-324] index 668 out of range [C:/Users/Warre/lab_7.1/lab_7.1.srcs/sources_1/imports/lab7_1_provided_fa24/hdmi_text_controller_v1_0_AXI.sv:254]
WARNING: [Synth 8-324] index 669 out of range [C:/Users/Warre/lab_7.1/lab_7.1.srcs/sources_1/imports/lab7_1_provided_fa24/hdmi_text_controller_v1_0_AXI.sv:254]
WARNING: [Synth 8-324] index 670 out of range [C:/Users/Warre/lab_7.1/lab_7.1.srcs/sources_1/imports/lab7_1_provided_fa24/hdmi_text_controller_v1_0_AXI.sv:254]
WARNING: [Synth 8-324] index 671 out of range [C:/Users/Warre/lab_7.1/lab_7.1.srcs/sources_1/imports/lab7_1_provided_fa24/hdmi_text_controller_v1_0_AXI.sv:254]
WARNING: [Synth 8-324] index 672 out of range [C:/Users/Warre/lab_7.1/lab_7.1.srcs/sources_1/imports/lab7_1_provided_fa24/hdmi_text_controller_v1_0_AXI.sv:254]
WARNING: [Synth 8-324] index 673 out of range [C:/Users/Warre/lab_7.1/lab_7.1.srcs/sources_1/imports/lab7_1_provided_fa24/hdmi_text_controller_v1_0_AXI.sv:254]
WARNING: [Synth 8-324] index 674 out of range [C:/Users/Warre/lab_7.1/lab_7.1.srcs/sources_1/imports/lab7_1_provided_fa24/hdmi_text_controller_v1_0_AXI.sv:254]
WARNING: [Synth 8-324] index 675 out of range [C:/Users/Warre/lab_7.1/lab_7.1.srcs/sources_1/imports/lab7_1_provided_fa24/hdmi_text_controller_v1_0_AXI.sv:254]
WARNING: [Synth 8-324] index 676 out of range [C:/Users/Warre/lab_7.1/lab_7.1.srcs/sources_1/imports/lab7_1_provided_fa24/hdmi_text_controller_v1_0_AXI.sv:254]
WARNING: [Synth 8-324] index 677 out of range [C:/Users/Warre/lab_7.1/lab_7.1.srcs/sources_1/imports/lab7_1_provided_fa24/hdmi_text_controller_v1_0_AXI.sv:254]
WARNING: [Synth 8-324] index 678 out of range [C:/Users/Warre/lab_7.1/lab_7.1.srcs/sources_1/imports/lab7_1_provided_fa24/hdmi_text_controller_v1_0_AXI.sv:254]
WARNING: [Synth 8-324] index 679 out of range [C:/Users/Warre/lab_7.1/lab_7.1.srcs/sources_1/imports/lab7_1_provided_fa24/hdmi_text_controller_v1_0_AXI.sv:254]
WARNING: [Synth 8-324] index 680 out of range [C:/Users/Warre/lab_7.1/lab_7.1.srcs/sources_1/imports/lab7_1_provided_fa24/hdmi_text_controller_v1_0_AXI.sv:254]
WARNING: [Synth 8-324] index 681 out of range [C:/Users/Warre/lab_7.1/lab_7.1.srcs/sources_1/imports/lab7_1_provided_fa24/hdmi_text_controller_v1_0_AXI.sv:254]
WARNING: [Synth 8-324] index 682 out of range [C:/Users/Warre/lab_7.1/lab_7.1.srcs/sources_1/imports/lab7_1_provided_fa24/hdmi_text_controller_v1_0_AXI.sv:254]
WARNING: [Synth 8-324] index 683 out of range [C:/Users/Warre/lab_7.1/lab_7.1.srcs/sources_1/imports/lab7_1_provided_fa24/hdmi_text_controller_v1_0_AXI.sv:254]
WARNING: [Synth 8-324] index 684 out of range [C:/Users/Warre/lab_7.1/lab_7.1.srcs/sources_1/imports/lab7_1_provided_fa24/hdmi_text_controller_v1_0_AXI.sv:254]
WARNING: [Synth 8-324] index 685 out of range [C:/Users/Warre/lab_7.1/lab_7.1.srcs/sources_1/imports/lab7_1_provided_fa24/hdmi_text_controller_v1_0_AXI.sv:254]
WARNING: [Synth 8-324] index 686 out of range [C:/Users/Warre/lab_7.1/lab_7.1.srcs/sources_1/imports/lab7_1_provided_fa24/hdmi_text_controller_v1_0_AXI.sv:254]
WARNING: [Synth 8-324] index 687 out of range [C:/Users/Warre/lab_7.1/lab_7.1.srcs/sources_1/imports/lab7_1_provided_fa24/hdmi_text_controller_v1_0_AXI.sv:254]
WARNING: [Synth 8-324] index 688 out of range [C:/Users/Warre/lab_7.1/lab_7.1.srcs/sources_1/imports/lab7_1_provided_fa24/hdmi_text_controller_v1_0_AXI.sv:254]
WARNING: [Synth 8-324] index 689 out of range [C:/Users/Warre/lab_7.1/lab_7.1.srcs/sources_1/imports/lab7_1_provided_fa24/hdmi_text_controller_v1_0_AXI.sv:254]
WARNING: [Synth 8-324] index 690 out of range [C:/Users/Warre/lab_7.1/lab_7.1.srcs/sources_1/imports/lab7_1_provided_fa24/hdmi_text_controller_v1_0_AXI.sv:254]
WARNING: [Synth 8-324] index 691 out of range [C:/Users/Warre/lab_7.1/lab_7.1.srcs/sources_1/imports/lab7_1_provided_fa24/hdmi_text_controller_v1_0_AXI.sv:254]
WARNING: [Synth 8-324] index 692 out of range [C:/Users/Warre/lab_7.1/lab_7.1.srcs/sources_1/imports/lab7_1_provided_fa24/hdmi_text_controller_v1_0_AXI.sv:254]
WARNING: [Synth 8-324] index 693 out of range [C:/Users/Warre/lab_7.1/lab_7.1.srcs/sources_1/imports/lab7_1_provided_fa24/hdmi_text_controller_v1_0_AXI.sv:254]
WARNING: [Synth 8-324] index 694 out of range [C:/Users/Warre/lab_7.1/lab_7.1.srcs/sources_1/imports/lab7_1_provided_fa24/hdmi_text_controller_v1_0_AXI.sv:254]
WARNING: [Synth 8-324] index 695 out of range [C:/Users/Warre/lab_7.1/lab_7.1.srcs/sources_1/imports/lab7_1_provided_fa24/hdmi_text_controller_v1_0_AXI.sv:254]
WARNING: [Synth 8-324] index 696 out of range [C:/Users/Warre/lab_7.1/lab_7.1.srcs/sources_1/imports/lab7_1_provided_fa24/hdmi_text_controller_v1_0_AXI.sv:254]
WARNING: [Synth 8-324] index 697 out of range [C:/Users/Warre/lab_7.1/lab_7.1.srcs/sources_1/imports/lab7_1_provided_fa24/hdmi_text_controller_v1_0_AXI.sv:254]
WARNING: [Synth 8-324] index 698 out of range [C:/Users/Warre/lab_7.1/lab_7.1.srcs/sources_1/imports/lab7_1_provided_fa24/hdmi_text_controller_v1_0_AXI.sv:254]
WARNING: [Synth 8-324] index 699 out of range [C:/Users/Warre/lab_7.1/lab_7.1.srcs/sources_1/imports/lab7_1_provided_fa24/hdmi_text_controller_v1_0_AXI.sv:254]
WARNING: [Synth 8-324] index 700 out of range [C:/Users/Warre/lab_7.1/lab_7.1.srcs/sources_1/imports/lab7_1_provided_fa24/hdmi_text_controller_v1_0_AXI.sv:254]
INFO: [Common 17-14] Message 'Synth 8-324' appears 100 times and further instances of the messages will be disabled. Use the Tcl command set_msg_config to change the current settings.
INFO: [Synth 8-6155] done synthesizing module 'hdmi_text_controller_v1_0_AXI' (0#1) [C:/Users/Warre/lab_7.1/lab_7.1.srcs/sources_1/imports/lab7_1_provided_fa24/hdmi_text_controller_v1_0_AXI.sv:28]
INFO: [Synth 8-6157] synthesizing module 'clk_wiz_0' [C:/Users/Warre/lab_7.1/lab_7.1.runs/synth_1/.Xil/Vivado-65544-Elinnation/realtime/clk_wiz_0_stub.v:5]
INFO: [Synth 8-6155] done synthesizing module 'clk_wiz_0' (0#1) [C:/Users/Warre/lab_7.1/lab_7.1.runs/synth_1/.Xil/Vivado-65544-Elinnation/realtime/clk_wiz_0_stub.v:5]
INFO: [Synth 8-6157] synthesizing module 'vga_controller' [C:/Users/Warre/lab_7.1/lab_7.1.srcs/sources_1/imports/lab7_1_provided_fa24/VGA_controller.sv:26]
INFO: [Synth 8-6155] done synthesizing module 'vga_controller' (0#1) [C:/Users/Warre/lab_7.1/lab_7.1.srcs/sources_1/imports/lab7_1_provided_fa24/VGA_controller.sv:26]
WARNING: [Synth 8-7071] port 'sync' of module 'vga_controller' is unconnected for instance 'vga' [C:/Users/Warre/Downloads/lab7_1_provided_fa24/hdmi_text_controller_v1_0.sv:116]
WARNING: [Synth 8-7023] instance 'vga' of module 'vga_controller' has 8 connections declared, but only 7 given [C:/Users/Warre/Downloads/lab7_1_provided_fa24/hdmi_text_controller_v1_0.sv:116]
INFO: [Synth 8-6157] synthesizing module 'hdmi_tx_0' [C:/Users/Warre/lab_7.1/lab_7.1.runs/synth_1/.Xil/Vivado-65544-Elinnation/realtime/hdmi_tx_0_stub.v:5]
INFO: [Synth 8-6155] done synthesizing module 'hdmi_tx_0' (0#1) [C:/Users/Warre/lab_7.1/lab_7.1.runs/synth_1/.Xil/Vivado-65544-Elinnation/realtime/hdmi_tx_0_stub.v:5]
WARNING: [Synth 8-689] width (1) of port connection 'TMDS_DATA_P' does not match port width (3) of module 'hdmi_tx_0' [C:/Users/Warre/Downloads/lab7_1_provided_fa24/hdmi_text_controller_v1_0.sv:151]
WARNING: [Synth 8-689] width (1) of port connection 'TMDS_DATA_N' does not match port width (3) of module 'hdmi_tx_0' [C:/Users/Warre/Downloads/lab7_1_provided_fa24/hdmi_text_controller_v1_0.sv:152]
INFO: [Synth 8-6157] synthesizing module 'color_mapper' [C:/Users/Warre/lab_7.1/lab_7.1.srcs/sources_1/new/color_mapper.sv:23]
INFO: [Synth 8-6157] synthesizing module 'font_rom' [C:/Users/Warre/lab_7.1/lab_7.1.srcs/sources_1/imports/lab7_1_provided_fa24/font_rom.sv:1]
INFO: [Synth 8-6155] done synthesizing module 'font_rom' (0#1) [C:/Users/Warre/lab_7.1/lab_7.1.srcs/sources_1/imports/lab7_1_provided_fa24/font_rom.sv:1]
INFO: [Synth 8-6155] done synthesizing module 'color_mapper' (0#1) [C:/Users/Warre/lab_7.1/lab_7.1.srcs/sources_1/new/color_mapper.sv:23]
INFO: [Synth 8-6155] done synthesizing module 'hdmi_text_controller_v1_0' (0#1) [C:/Users/Warre/Downloads/lab7_1_provided_fa24/hdmi_text_controller_v1_0.sv:10]
WARNING: [Synth 8-3848] Net hdmi_clk_n in module/entity hdmi_text_controller_v1_0 does not have driver. [C:/Users/Warre/Downloads/lab7_1_provided_fa24/hdmi_text_controller_v1_0.sv:21]
WARNING: [Synth 8-3848] Net hdmi_clk_p in module/entity hdmi_text_controller_v1_0 does not have driver. [C:/Users/Warre/Downloads/lab7_1_provided_fa24/hdmi_text_controller_v1_0.sv:22]
WARNING: [Synth 8-3848] Net hdmi_tx_n in module/entity hdmi_text_controller_v1_0 does not have driver. [C:/Users/Warre/Downloads/lab7_1_provided_fa24/hdmi_text_controller_v1_0.sv:23]
WARNING: [Synth 8-3848] Net hdmi_tx_p in module/entity hdmi_text_controller_v1_0 does not have driver. [C:/Users/Warre/Downloads/lab7_1_provided_fa24/hdmi_text_controller_v1_0.sv:24]
WARNING: [Synth 8-3848] Net Clk in module/entity hdmi_text_controller_v1_0 does not have driver. [C:/Users/Warre/Downloads/lab7_1_provided_fa24/hdmi_text_controller_v1_0.sv:112]
WARNING: [Synth 8-7129] Port Control_Reg[31] in module color_mapper is either unconnected or has no load
WARNING: [Synth 8-7129] Port Control_Reg[30] in module color_mapper is either unconnected or has no load
WARNING: [Synth 8-7129] Port Control_Reg[29] in module color_mapper is either unconnected or has no load
WARNING: [Synth 8-7129] Port Control_Reg[28] in module color_mapper is either unconnected or has no load
WARNING: [Synth 8-7129] Port Control_Reg[27] in module color_mapper is either unconnected or has no load
WARNING: [Synth 8-7129] Port Control_Reg[26] in module color_mapper is either unconnected or has no load
WARNING: [Synth 8-7129] Port Control_Reg[25] in module color_mapper is either unconnected or has no load
WARNING: [Synth 8-7129] Port Control_Reg[0] in module color_mapper is either unconnected or has no load
WARNING: [Synth 8-7129] Port address[11] in module hdmi_text_controller_v1_0_AXI is either unconnected or has no load
WARNING: [Synth 8-7129] Port address[10] in module hdmi_text_controller_v1_0_AXI is either unconnected or has no load
WARNING: [Synth 8-7129] Port S_AXI_AWPROT[2] in module hdmi_text_controller_v1_0_AXI is either unconnected or has no load
WARNING: [Synth 8-7129] Port S_AXI_AWPROT[1] in module hdmi_text_controller_v1_0_AXI is either unconnected or has no load
WARNING: [Synth 8-7129] Port S_AXI_AWPROT[0] in module hdmi_text_controller_v1_0_AXI is either unconnected or has no load
WARNING: [Synth 8-7129] Port S_AXI_ARPROT[2] in module hdmi_text_controller_v1_0_AXI is either unconnected or has no load
WARNING: [Synth 8-7129] Port S_AXI_ARPROT[1] in module hdmi_text_controller_v1_0_AXI is either unconnected or has no load
WARNING: [Synth 8-7129] Port S_AXI_ARPROT[0] in module hdmi_text_controller_v1_0_AXI is either unconnected or has no load
WARNING: [Synth 8-7129] Port hdmi_clk_n in module hdmi_text_controller_v1_0 is either unconnected or has no load
WARNING: [Synth 8-7129] Port hdmi_clk_p in module hdmi_text_controller_v1_0 is either unconnected or has no load
WARNING: [Synth 8-7129] Port hdmi_tx_n[2] in module hdmi_text_controller_v1_0 is either unconnected or has no load
WARNING: [Synth 8-7129] Port hdmi_tx_n[1] in module hdmi_text_controller_v1_0 is either unconnected or has no load
WARNING: [Synth 8-7129] Port hdmi_tx_n[0] in module hdmi_text_controller_v1_0 is either unconnected or has no load
WARNING: [Synth 8-7129] Port hdmi_tx_p[2] in module hdmi_text_controller_v1_0 is either unconnected or has no load
WARNING: [Synth 8-7129] Port hdmi_tx_p[1] in module hdmi_text_controller_v1_0 is either unconnected or has no load
WARNING: [Synth 8-7129] Port hdmi_tx_p[0] in module hdmi_text_controller_v1_0 is either unconnected or has no load
---------------------------------------------------------------------------------
Finished RTL Elaboration : Time (s): cpu = 00:00:02 ; elapsed = 00:00:05 . Memory (MB): peak = 1324.500 ; gain = 545.395
---------------------------------------------------------------------------------
---------------------------------------------------------------------------------
Start Handling Custom Attributes
---------------------------------------------------------------------------------
---------------------------------------------------------------------------------
Finished Handling Custom Attributes : Time (s): cpu = 00:00:02 ; elapsed = 00:00:05 . Memory (MB): peak = 1324.500 ; gain = 545.395
---------------------------------------------------------------------------------
---------------------------------------------------------------------------------
Finished RTL Optimization Phase 1 : Time (s): cpu = 00:00:02 ; elapsed = 00:00:05 . Memory (MB): peak = 1324.500 ; gain = 545.395
---------------------------------------------------------------------------------
Netlist sorting complete. Time (s): cpu = 00:00:00 ; elapsed = 00:00:00.110 . Memory (MB): peak = 1324.500 ; gain = 0.000
INFO: [Project 1-570] Preparing netlist for logic optimization

Processing XDC Constraints
Initializing timing engine
Parsing XDC File [c:/Users/Warre/lab_7.1/lab_7.1.gen/sources_1/ip/clk_wiz_0/clk_wiz_0/clk_wiz_0_in_context.xdc] for cell 'clk_wiz'
Finished Parsing XDC File [c:/Users/Warre/lab_7.1/lab_7.1.gen/sources_1/ip/clk_wiz_0/clk_wiz_0/clk_wiz_0_in_context.xdc] for cell 'clk_wiz'
Parsing XDC File [c:/Users/Warre/lab_7.1/lab_7.1.gen/sources_1/ip/hdmi_tx_0_1/hdmi_tx_0/hdmi_tx_0_in_context.xdc] for cell 'vga_to_hdmi'
Finished Parsing XDC File [c:/Users/Warre/lab_7.1/lab_7.1.gen/sources_1/ip/hdmi_tx_0_1/hdmi_tx_0/hdmi_tx_0_in_context.xdc] for cell 'vga_to_hdmi'
Parsing XDC File [C:/Users/Warre/Downloads/lab7_1_provided_fa24/mb_usb_hdmi_top.xdc]
WARNING: [Vivado 12-584] No ports matched 'Clk'. [C:/Users/Warre/Downloads/lab7_1_provided_fa24/mb_usb_hdmi_top.xdc:1]
WARNING: [Vivado 12-584] No ports matched 'Clk'. [C:/Users/Warre/Downloads/lab7_1_provided_fa24/mb_usb_hdmi_top.xdc:3]
WARNING: [Vivado 12-584] No ports matched 'reset_rtl_0'. [C:/Users/Warre/Downloads/lab7_1_provided_fa24/mb_usb_hdmi_top.xdc:4]
WARNING: [Vivado 12-584] No ports matched 'uart_rtl_0_rxd'. [C:/Users/Warre/Downloads/lab7_1_provided_fa24/mb_usb_hdmi_top.xdc:5]
WARNING: [Vivado 12-584] No ports matched 'uart_rtl_0_txd'. [C:/Users/Warre/Downloads/lab7_1_provided_fa24/mb_usb_hdmi_top.xdc:6]
WARNING: [Vivado 12-584] No ports matched 'Clk'. [C:/Users/Warre/Downloads/lab7_1_provided_fa24/mb_usb_hdmi_top.xdc:7]
WARNING: [Vivado 12-584] No ports matched 'reset_rtl_0'. [C:/Users/Warre/Downloads/lab7_1_provided_fa24/mb_usb_hdmi_top.xdc:8]
WARNING: [Vivado 12-584] No ports matched 'uart_rtl_0_rxd'. [C:/Users/Warre/Downloads/lab7_1_provided_fa24/mb_usb_hdmi_top.xdc:9]
WARNING: [Vivado 12-584] No ports matched 'uart_rtl_0_txd'. [C:/Users/Warre/Downloads/lab7_1_provided_fa24/mb_usb_hdmi_top.xdc:10]
WARNING: [Vivado 12-584] No ports matched 'gpio_usb_int_tri_i[0]'. [C:/Users/Warre/Downloads/lab7_1_provided_fa24/mb_usb_hdmi_top.xdc:12]
WARNING: [Vivado 12-584] No ports matched 'usb_spi_miso'. [C:/Users/Warre/Downloads/lab7_1_provided_fa24/mb_usb_hdmi_top.xdc:13]
WARNING: [Vivado 12-584] No ports matched 'usb_spi_mosi'. [C:/Users/Warre/Downloads/lab7_1_provided_fa24/mb_usb_hdmi_top.xdc:14]
WARNING: [Vivado 12-584] No ports matched 'usb_spi_sclk'. [C:/Users/Warre/Downloads/lab7_1_provided_fa24/mb_usb_hdmi_top.xdc:15]
WARNING: [Vivado 12-584] No ports matched 'gpio_usb_int_tri_i[0]'. [C:/Users/Warre/Downloads/lab7_1_provided_fa24/mb_usb_hdmi_top.xdc:16]
WARNING: [Vivado 12-584] No ports matched 'usb_spi_sclk'. [C:/Users/Warre/Downloads/lab7_1_provided_fa24/mb_usb_hdmi_top.xdc:17]
WARNING: [Vivado 12-584] No ports matched 'usb_spi_mosi'. [C:/Users/Warre/Downloads/lab7_1_provided_fa24/mb_usb_hdmi_top.xdc:18]
WARNING: [Vivado 12-584] No ports matched 'usb_spi_miso'. [C:/Users/Warre/Downloads/lab7_1_provided_fa24/mb_usb_hdmi_top.xdc:19]
WARNING: [Vivado 12-584] No ports matched 'gpio_usb_rst_tri_o'. [C:/Users/Warre/Downloads/lab7_1_provided_fa24/mb_usb_hdmi_top.xdc:21]
WARNING: [Vivado 12-584] No ports matched 'gpio_usb_rst_tri_o'. [C:/Users/Warre/Downloads/lab7_1_provided_fa24/mb_usb_hdmi_top.xdc:22]
WARNING: [Vivado 12-584] No ports matched 'usb_spi_ss'. [C:/Users/Warre/Downloads/lab7_1_provided_fa24/mb_usb_hdmi_top.xdc:23]
WARNING: [Vivado 12-584] No ports matched 'usb_spi_ss'. [C:/Users/Warre/Downloads/lab7_1_provided_fa24/mb_usb_hdmi_top.xdc:24]
WARNING: [Vivado 12-584] No ports matched 'hex_gridA[3]'. [C:/Users/Warre/Downloads/lab7_1_provided_fa24/mb_usb_hdmi_top.xdc:27]
WARNING: [Vivado 12-584] No ports matched 'hex_gridA[2]'. [C:/Users/Warre/Downloads/lab7_1_provided_fa24/mb_usb_hdmi_top.xdc:28]
WARNING: [Vivado 12-584] No ports matched 'hex_gridA[1]'. [C:/Users/Warre/Downloads/lab7_1_provided_fa24/mb_usb_hdmi_top.xdc:29]
WARNING: [Vivado 12-584] No ports matched 'hex_gridA[0]'. [C:/Users/Warre/Downloads/lab7_1_provided_fa24/mb_usb_hdmi_top.xdc:30]
WARNING: [Vivado 12-584] No ports matched 'hex_gridB[3]'. [C:/Users/Warre/Downloads/lab7_1_provided_fa24/mb_usb_hdmi_top.xdc:31]
WARNING: [Vivado 12-584] No ports matched 'hex_gridB[2]'. [C:/Users/Warre/Downloads/lab7_1_provided_fa24/mb_usb_hdmi_top.xdc:32]
WARNING: [Vivado 12-584] No ports matched 'hex_gridB[1]'. [C:/Users/Warre/Downloads/lab7_1_provided_fa24/mb_usb_hdmi_top.xdc:33]
WARNING: [Vivado 12-584] No ports matched 'hex_gridB[0]'. [C:/Users/Warre/Downloads/lab7_1_provided_fa24/mb_usb_hdmi_top.xdc:34]
WARNING: [Vivado 12-584] No ports matched 'hex_segA[7]'. [C:/Users/Warre/Downloads/lab7_1_provided_fa24/mb_usb_hdmi_top.xdc:35]
WARNING: [Vivado 12-584] No ports matched 'hex_segA[6]'. [C:/Users/Warre/Downloads/lab7_1_provided_fa24/mb_usb_hdmi_top.xdc:36]
WARNING: [Vivado 12-584] No ports matched 'hex_segA[5]'. [C:/Users/Warre/Downloads/lab7_1_provided_fa24/mb_usb_hdmi_top.xdc:37]
WARNING: [Vivado 12-584] No ports matched 'hex_segA[4]'. [C:/Users/Warre/Downloads/lab7_1_provided_fa24/mb_usb_hdmi_top.xdc:38]
WARNING: [Vivado 12-584] No ports matched 'hex_segA[3]'. [C:/Users/Warre/Downloads/lab7_1_provided_fa24/mb_usb_hdmi_top.xdc:39]
WARNING: [Vivado 12-584] No ports matched 'hex_segA[2]'. [C:/Users/Warre/Downloads/lab7_1_provided_fa24/mb_usb_hdmi_top.xdc:40]
WARNING: [Vivado 12-584] No ports matched 'hex_segA[1]'. [C:/Users/Warre/Downloads/lab7_1_provided_fa24/mb_usb_hdmi_top.xdc:41]
WARNING: [Vivado 12-584] No ports matched 'hex_segA[0]'. [C:/Users/Warre/Downloads/lab7_1_provided_fa24/mb_usb_hdmi_top.xdc:42]
WARNING: [Vivado 12-584] No ports matched 'hex_segB[7]'. [C:/Users/Warre/Downloads/lab7_1_provided_fa24/mb_usb_hdmi_top.xdc:43]
WARNING: [Vivado 12-584] No ports matched 'hex_segB[6]'. [C:/Users/Warre/Downloads/lab7_1_provided_fa24/mb_usb_hdmi_top.xdc:44]
WARNING: [Vivado 12-584] No ports matched 'hex_segB[5]'. [C:/Users/Warre/Downloads/lab7_1_provided_fa24/mb_usb_hdmi_top.xdc:45]
WARNING: [Vivado 12-584] No ports matched 'hex_segB[4]'. [C:/Users/Warre/Downloads/lab7_1_provided_fa24/mb_usb_hdmi_top.xdc:46]
WARNING: [Vivado 12-584] No ports matched 'hex_segB[3]'. [C:/Users/Warre/Downloads/lab7_1_provided_fa24/mb_usb_hdmi_top.xdc:47]
WARNING: [Vivado 12-584] No ports matched 'hex_segB[2]'. [C:/Users/Warre/Downloads/lab7_1_provided_fa24/mb_usb_hdmi_top.xdc:48]
WARNING: [Vivado 12-584] No ports matched 'hex_segB[1]'. [C:/Users/Warre/Downloads/lab7_1_provided_fa24/mb_usb_hdmi_top.xdc:49]
WARNING: [Vivado 12-584] No ports matched 'hex_segB[0]'. [C:/Users/Warre/Downloads/lab7_1_provided_fa24/mb_usb_hdmi_top.xdc:50]
WARNING: [Vivado 12-584] No ports matched 'hex_gridA[0]'. [C:/Users/Warre/Downloads/lab7_1_provided_fa24/mb_usb_hdmi_top.xdc:51]
WARNING: [Vivado 12-584] No ports matched 'hex_gridA[1]'. [C:/Users/Warre/Downloads/lab7_1_provided_fa24/mb_usb_hdmi_top.xdc:52]
WARNING: [Vivado 12-584] No ports matched 'hex_gridA[2]'. [C:/Users/Warre/Downloads/lab7_1_provided_fa24/mb_usb_hdmi_top.xdc:53]
WARNING: [Vivado 12-584] No ports matched 'hex_gridA[3]'. [C:/Users/Warre/Downloads/lab7_1_provided_fa24/mb_usb_hdmi_top.xdc:54]
WARNING: [Vivado 12-584] No ports matched 'hex_segA[0]'. [C:/Users/Warre/Downloads/lab7_1_provided_fa24/mb_usb_hdmi_top.xdc:55]
WARNING: [Vivado 12-584] No ports matched 'hex_segA[1]'. [C:/Users/Warre/Downloads/lab7_1_provided_fa24/mb_usb_hdmi_top.xdc:56]
WARNING: [Vivado 12-584] No ports matched 'hex_segA[2]'. [C:/Users/Warre/Downloads/lab7_1_provided_fa24/mb_usb_hdmi_top.xdc:57]
WARNING: [Vivado 12-584] No ports matched 'hex_segA[3]'. [C:/Users/Warre/Downloads/lab7_1_provided_fa24/mb_usb_hdmi_top.xdc:58]
WARNING: [Vivado 12-584] No ports matched 'hex_segA[4]'. [C:/Users/Warre/Downloads/lab7_1_provided_fa24/mb_usb_hdmi_top.xdc:59]
WARNING: [Vivado 12-584] No ports matched 'hex_segA[5]'. [C:/Users/Warre/Downloads/lab7_1_provided_fa24/mb_usb_hdmi_top.xdc:60]
WARNING: [Vivado 12-584] No ports matched 'hex_segA[6]'. [C:/Users/Warre/Downloads/lab7_1_provided_fa24/mb_usb_hdmi_top.xdc:61]
WARNING: [Vivado 12-584] No ports matched 'hex_segA[7]'. [C:/Users/Warre/Downloads/lab7_1_provided_fa24/mb_usb_hdmi_top.xdc:62]
WARNING: [Vivado 12-584] No ports matched 'hex_segB[0]'. [C:/Users/Warre/Downloads/lab7_1_provided_fa24/mb_usb_hdmi_top.xdc:63]
WARNING: [Vivado 12-584] No ports matched 'hex_segB[1]'. [C:/Users/Warre/Downloads/lab7_1_provided_fa24/mb_usb_hdmi_top.xdc:64]
WARNING: [Vivado 12-584] No ports matched 'hex_segB[2]'. [C:/Users/Warre/Downloads/lab7_1_provided_fa24/mb_usb_hdmi_top.xdc:65]
WARNING: [Vivado 12-584] No ports matched 'hex_segB[3]'. [C:/Users/Warre/Downloads/lab7_1_provided_fa24/mb_usb_hdmi_top.xdc:66]
WARNING: [Vivado 12-584] No ports matched 'hex_segB[4]'. [C:/Users/Warre/Downloads/lab7_1_provided_fa24/mb_usb_hdmi_top.xdc:67]
WARNING: [Vivado 12-584] No ports matched 'hex_segB[5]'. [C:/Users/Warre/Downloads/lab7_1_provided_fa24/mb_usb_hdmi_top.xdc:68]
WARNING: [Vivado 12-584] No ports matched 'hex_segB[6]'. [C:/Users/Warre/Downloads/lab7_1_provided_fa24/mb_usb_hdmi_top.xdc:69]
WARNING: [Vivado 12-584] No ports matched 'hex_segB[7]'. [C:/Users/Warre/Downloads/lab7_1_provided_fa24/mb_usb_hdmi_top.xdc:70]
WARNING: [Vivado 12-584] No ports matched 'hex_gridB[0]'. [C:/Users/Warre/Downloads/lab7_1_provided_fa24/mb_usb_hdmi_top.xdc:71]
WARNING: [Vivado 12-584] No ports matched 'hex_gridB[1]'. [C:/Users/Warre/Downloads/lab7_1_provided_fa24/mb_usb_hdmi_top.xdc:72]
WARNING: [Vivado 12-584] No ports matched 'hex_gridB[2]'. [C:/Users/Warre/Downloads/lab7_1_provided_fa24/mb_usb_hdmi_top.xdc:73]
WARNING: [Vivado 12-584] No ports matched 'hex_gridB[3]'. [C:/Users/Warre/Downloads/lab7_1_provided_fa24/mb_usb_hdmi_top.xdc:74]
WARNING: [Vivado 12-584] No ports matched 'hdmi_tmds_clk_n'. [C:/Users/Warre/Downloads/lab7_1_provided_fa24/mb_usb_hdmi_top.xdc:79]
WARNING: [Vivado 12-584] No ports matched 'hdmi_tmds_clk_p'. [C:/Users/Warre/Downloads/lab7_1_provided_fa24/mb_usb_hdmi_top.xdc:80]
WARNING: [Vivado 12-584] No ports matched 'hdmi_tmds_data_n[0]'. [C:/Users/Warre/Downloads/lab7_1_provided_fa24/mb_usb_hdmi_top.xdc:82]
WARNING: [Vivado 12-584] No ports matched 'hdmi_tmds_data_n[1]'. [C:/Users/Warre/Downloads/lab7_1_provided_fa24/mb_usb_hdmi_top.xdc:83]
WARNING: [Vivado 12-584] No ports matched 'hdmi_tmds_data_n[2]'. [C:/Users/Warre/Downloads/lab7_1_provided_fa24/mb_usb_hdmi_top.xdc:84]
WARNING: [Vivado 12-584] No ports matched 'hdmi_tmds_data_p[0]'. [C:/Users/Warre/Downloads/lab7_1_provided_fa24/mb_usb_hdmi_top.xdc:86]
WARNING: [Vivado 12-584] No ports matched 'hdmi_tmds_data_p[1]'. [C:/Users/Warre/Downloads/lab7_1_provided_fa24/mb_usb_hdmi_top.xdc:87]
WARNING: [Vivado 12-584] No ports matched 'hdmi_tmds_data_p[2]'. [C:/Users/Warre/Downloads/lab7_1_provided_fa24/mb_usb_hdmi_top.xdc:88]
Finished Parsing XDC File [C:/Users/Warre/Downloads/lab7_1_provided_fa24/mb_usb_hdmi_top.xdc]
WARNING: [Project 1-498] One or more constraints failed evaluation while reading constraint file [C:/Users/Warre/Downloads/lab7_1_provided_fa24/mb_usb_hdmi_top.xdc] and the design contains unresolved black boxes. These constraints will be read post-synthesis (as long as their source constraint file is marked as used_in_implementation) and should be applied correctly then. You should review the constraints listed in the file [.Xil/hdmi_text_controller_v1_0_propImpl.xdc] and check the run log file to verify that these constraints were correctly applied.
Completed Processing XDC Constraints

Netlist sorting complete. Time (s): cpu = 00:00:00 ; elapsed = 00:00:00.002 . Memory (MB): peak = 1397.746 ; gain = 0.000
INFO: [Project 1-111] Unisim Transformation Summary:
No Unisim elements were transformed.

Constraint Validation Runtime : Time (s): cpu = 00:00:00 ; elapsed = 00:00:00.046 . Memory (MB): peak = 1397.746 ; gain = 0.000
INFO: [Synth 8-11241] undeclared symbol 'REGCCE', assumed default net type 'wire' [C:/Xilinx/Vivado/2022.2/data/verilog/src/unimacro/BRAM_SINGLE_MACRO.v:2170]
---------------------------------------------------------------------------------
Finished Constraint Validation : Time (s): cpu = 00:00:04 ; elapsed = 00:00:10 . Memory (MB): peak = 1397.746 ; gain = 618.641
---------------------------------------------------------------------------------
---------------------------------------------------------------------------------
Start Loading Part and Timing Information
---------------------------------------------------------------------------------
Loading part: xc7s50csga324-1
---------------------------------------------------------------------------------
Finished Loading Part and Timing Information : Time (s): cpu = 00:00:04 ; elapsed = 00:00:10 . Memory (MB): peak = 1397.746 ; gain = 618.641
---------------------------------------------------------------------------------
---------------------------------------------------------------------------------
Start Applying 'set_property' XDC Constraints
---------------------------------------------------------------------------------
Applied set_property KEEP_HIERARCHY = SOFT for clk_wiz. (constraint file  auto generated constraint).
Applied set_property KEEP_HIERARCHY = SOFT for vga_to_hdmi. (constraint file  auto generated constraint).
---------------------------------------------------------------------------------
Finished applying 'set_property' XDC Constraints : Time (s): cpu = 00:00:04 ; elapsed = 00:00:10 . Memory (MB): peak = 1397.746 ; gain = 618.641
---------------------------------------------------------------------------------
---------------------------------------------------------------------------------
Finished RTL Optimization Phase 2 : Time (s): cpu = 00:00:04 ; elapsed = 00:00:10 . Memory (MB): peak = 1397.746 ; gain = 618.641
---------------------------------------------------------------------------------
---------------------------------------------------------------------------------
Start RTL Component Statistics 
---------------------------------------------------------------------------------
Detailed RTL Component Info : 
+---Adders : 
	   2 Input   11 Bit       Adders := 2     
	   2 Input   10 Bit       Adders := 2     
+---XORs : 
	   2 Input      1 Bit         XORs := 1     
+---Registers : 
	               32 Bit    Registers := 6     
	               12 Bit    Registers := 2     
	               10 Bit    Registers := 2     
	                2 Bit    Registers := 2     
	                1 Bit    Registers := 8     
+---Muxes : 
	   2 Input   32 Bit        Muxes := 4     
	   5 Input   32 Bit        Muxes := 1     
	   4 Input   32 Bit        Muxes := 1     
	   2 Input    8 Bit        Muxes := 20    
	   2 Input    4 Bit        Muxes := 3     
	 601 Input    3 Bit        Muxes := 1     
	   2 Input    1 Bit        Muxes := 5     
---------------------------------------------------------------------------------
Finished RTL Component Statistics 
---------------------------------------------------------------------------------
---------------------------------------------------------------------------------
Start Part Resource Summary
---------------------------------------------------------------------------------
Part Resources:
DSPs: 120 (col length:60)
BRAMs: 150 (col length: RAMB18 60 RAMB36 30)
---------------------------------------------------------------------------------
Finished Part Resource Summary
---------------------------------------------------------------------------------
---------------------------------------------------------------------------------
Start Cross Boundary and Area Optimization
---------------------------------------------------------------------------------
WARNING: [Synth 8-7080] Parallel synthesis criteria is not met
WARNING: [Synth 8-7129] Port hdmi_clk_n in module hdmi_text_controller_v1_0 is either unconnected or has no load
WARNING: [Synth 8-7129] Port hdmi_clk_p in module hdmi_text_controller_v1_0 is either unconnected or has no load
WARNING: [Synth 8-7129] Port hdmi_tx_n[2] in module hdmi_text_controller_v1_0 is either unconnected or has no load
WARNING: [Synth 8-7129] Port hdmi_tx_n[1] in module hdmi_text_controller_v1_0 is either unconnected or has no load
WARNING: [Synth 8-7129] Port hdmi_tx_n[0] in module hdmi_text_controller_v1_0 is either unconnected or has no load
WARNING: [Synth 8-7129] Port hdmi_tx_p[2] in module hdmi_text_controller_v1_0 is either unconnected or has no load
WARNING: [Synth 8-7129] Port hdmi_tx_p[1] in module hdmi_text_controller_v1_0 is either unconnected or has no load
WARNING: [Synth 8-7129] Port hdmi_tx_p[0] in module hdmi_text_controller_v1_0 is either unconnected or has no load
WARNING: [Synth 8-7129] Port axi_awprot[2] in module hdmi_text_controller_v1_0 is either unconnected or has no load
WARNING: [Synth 8-7129] Port axi_awprot[1] in module hdmi_text_controller_v1_0 is either unconnected or has no load
WARNING: [Synth 8-7129] Port axi_awprot[0] in module hdmi_text_controller_v1_0 is either unconnected or has no load
WARNING: [Synth 8-7129] Port axi_arprot[2] in module hdmi_text_controller_v1_0 is either unconnected or has no load
WARNING: [Synth 8-7129] Port axi_arprot[1] in module hdmi_text_controller_v1_0 is either unconnected or has no load
WARNING: [Synth 8-7129] Port axi_arprot[0] in module hdmi_text_controller_v1_0 is either unconnected or has no load
---------------------------------------------------------------------------------
Finished Cross Boundary and Area Optimization : Time (s): cpu = 00:00:06 ; elapsed = 00:00:16 . Memory (MB): peak = 1397.746 ; gain = 618.641
---------------------------------------------------------------------------------
---------------------------------------------------------------------------------
Start ROM, RAM, DSP, Shift Register and Retiming Reporting
---------------------------------------------------------------------------------

ROM: Preliminary Mapping Report
+--------------------------+---------------------------+---------------+----------------+
|Module Name               | RTL Object                | Depth x Width | Implemented As | 
+--------------------------+---------------------------+---------------+----------------+
|font_rom                  | ROM                       | 2048x8        | LUT            | 
|hdmi_text_controller_v1_0 | color_instance/HOHOHO/ROM | 2048x8        | LUT            | 
+--------------------------+---------------------------+---------------+----------------+

---------------------------------------------------------------------------------
Finished ROM, RAM, DSP, Shift Register and Retiming Reporting
---------------------------------------------------------------------------------
---------------------------------------------------------------------------------
Start Applying XDC Timing Constraints
---------------------------------------------------------------------------------
---------------------------------------------------------------------------------
Finished Applying XDC Timing Constraints : Time (s): cpu = 00:00:06 ; elapsed = 00:00:19 . Memory (MB): peak = 1397.746 ; gain = 618.641
---------------------------------------------------------------------------------
---------------------------------------------------------------------------------
Start Timing Optimization
---------------------------------------------------------------------------------
---------------------------------------------------------------------------------
Finished Timing Optimization : Time (s): cpu = 00:00:06 ; elapsed = 00:00:19 . Memory (MB): peak = 1397.746 ; gain = 618.641
---------------------------------------------------------------------------------
---------------------------------------------------------------------------------
Start Technology Mapping
---------------------------------------------------------------------------------
---------------------------------------------------------------------------------
Finished Technology Mapping : Time (s): cpu = 00:00:07 ; elapsed = 00:00:19 . Memory (MB): peak = 1397.746 ; gain = 618.641
---------------------------------------------------------------------------------
---------------------------------------------------------------------------------
Start IO Insertion
---------------------------------------------------------------------------------
---------------------------------------------------------------------------------
Start Flattening Before IO Insertion
---------------------------------------------------------------------------------
---------------------------------------------------------------------------------
Finished Flattening Before IO Insertion
---------------------------------------------------------------------------------
---------------------------------------------------------------------------------
Start Final Netlist Cleanup
---------------------------------------------------------------------------------
---------------------------------------------------------------------------------
Finished Final Netlist Cleanup
---------------------------------------------------------------------------------
CRITICAL WARNING: [Synth 8-4442] BlackBox module clk_wiz has unconnected pin clk_in1
---------------------------------------------------------------------------------
Finished IO Insertion : Time (s): cpu = 00:00:07 ; elapsed = 00:00:22 . Memory (MB): peak = 1397.746 ; gain = 618.641
---------------------------------------------------------------------------------
---------------------------------------------------------------------------------
Start Renaming Generated Instances
---------------------------------------------------------------------------------
---------------------------------------------------------------------------------
Finished Renaming Generated Instances : Time (s): cpu = 00:00:07 ; elapsed = 00:00:22 . Memory (MB): peak = 1397.746 ; gain = 618.641
---------------------------------------------------------------------------------
---------------------------------------------------------------------------------
Start Rebuilding User Hierarchy
---------------------------------------------------------------------------------
---------------------------------------------------------------------------------
Finished Rebuilding User Hierarchy : Time (s): cpu = 00:00:07 ; elapsed = 00:00:22 . Memory (MB): peak = 1397.746 ; gain = 618.641
---------------------------------------------------------------------------------
---------------------------------------------------------------------------------
Start Renaming Generated Ports
---------------------------------------------------------------------------------
---------------------------------------------------------------------------------
Finished Renaming Generated Ports : Time (s): cpu = 00:00:07 ; elapsed = 00:00:22 . Memory (MB): peak = 1397.746 ; gain = 618.641
---------------------------------------------------------------------------------
---------------------------------------------------------------------------------
Start Handling Custom Attributes
---------------------------------------------------------------------------------
---------------------------------------------------------------------------------
Finished Handling Custom Attributes : Time (s): cpu = 00:00:07 ; elapsed = 00:00:22 . Memory (MB): peak = 1397.746 ; gain = 618.641
---------------------------------------------------------------------------------
---------------------------------------------------------------------------------
Start Renaming Generated Nets
---------------------------------------------------------------------------------
---------------------------------------------------------------------------------
Finished Renaming Generated Nets : Time (s): cpu = 00:00:07 ; elapsed = 00:00:22 . Memory (MB): peak = 1397.746 ; gain = 618.641
---------------------------------------------------------------------------------
---------------------------------------------------------------------------------
Start Writing Synthesis Report
---------------------------------------------------------------------------------

Report BlackBoxes: 
+------+--------------+----------+
|      |BlackBox name |Instances |
+------+--------------+----------+
|1     |clk_wiz_0     |         1|
|2     |hdmi_tx_0     |         1|
+------+--------------+----------+

Report Cell Usage: 
+------+--------+------+
|      |Cell    |Count |
+------+--------+------+
|1     |clk_wiz |     1|
|2     |hdmi_tx |     1|
|3     |BUFG    |     1|
|4     |LUT1    |     1|
|5     |LUT2    |     4|
|6     |LUT3    |     3|
|7     |LUT4    |    29|
|8     |LUT5    |    16|
|9     |LUT6    |    50|
|10    |FDCE    |    22|
|11    |FDRE    |   169|
|12    |FDSE    |     1|
|13    |IBUF    |    47|
|14    |OBUF    |    41|
|15    |OBUFT   |     8|
+------+--------+------+
---------------------------------------------------------------------------------
Finished Writing Synthesis Report : Time (s): cpu = 00:00:07 ; elapsed = 00:00:22 . Memory (MB): peak = 1397.746 ; gain = 618.641
---------------------------------------------------------------------------------
Synthesis finished with 0 errors, 1 critical warnings and 15 warnings.
Synthesis Optimization Runtime : Time (s): cpu = 00:00:05 ; elapsed = 00:00:19 . Memory (MB): peak = 1397.746 ; gain = 545.395
Synthesis Optimization Complete : Time (s): cpu = 00:00:07 ; elapsed = 00:00:22 . Memory (MB): peak = 1397.746 ; gain = 618.641
INFO: [Project 1-571] Translating synthesized netlist
Netlist sorting complete. Time (s): cpu = 00:00:00 ; elapsed = 00:00:00.002 . Memory (MB): peak = 1397.746 ; gain = 0.000
INFO: [Project 1-570] Preparing netlist for logic optimization
INFO: [Opt 31-138] Pushed 0 inverter(s) to 0 load pin(s).
Netlist sorting complete. Time (s): cpu = 00:00:00 ; elapsed = 00:00:00 . Memory (MB): peak = 1397.746 ; gain = 0.000
INFO: [Project 1-111] Unisim Transformation Summary:
No Unisim elements were transformed.

Synth Design complete, checksum: 6bcfefc3
INFO: [Common 17-83] Releasing license: Synthesis
38 Infos, 226 Warnings, 2 Critical Warnings and 0 Errors encountered.
synth_design completed successfully
synth_design: Time (s): cpu = 00:00:07 ; elapsed = 00:00:27 . Memory (MB): peak = 1397.746 ; gain = 993.523
INFO: [runtcl-6] Synthesis results are not added to the cache due to CRITICAL_WARNING
INFO: [Common 17-1381] The checkpoint 'C:/Users/Warre/lab_7.1/lab_7.1.runs/synth_1/hdmi_text_controller_v1_0.dcp' has been generated.
INFO: [runtcl-4] Executing : report_utilization -file hdmi_text_controller_v1_0_utilization_synth.rpt -pb hdmi_text_controller_v1_0_utilization_synth.pb
INFO: [Common 17-206] Exiting Vivado at Thu Oct 31 12:46:11 2024...
