Copyright 1986-2022 Xilinx, Inc. All Rights Reserved.
-----------------------------------------------------------------------------------------------------------------------------------------------------------------------------
| Tool Version : Vivado v.2022.2 (win64) Build 3671981 Fri Oct 14 05:00:03 MDT 2022
| Date         : Thu Oct 10 14:46:09 2024
| Host         : Elinnation running 64-bit major release  (build 9200)
| Command      : report_methodology -file processor_top_methodology_drc_routed.rpt -pb processor_top_methodology_drc_routed.pb -rpx processor_top_methodology_drc_routed.rpx
| Design       : processor_top
| Device       : xc7s50csga324-1
| Speed File   : -1
| Design State : Fully Routed
-----------------------------------------------------------------------------------------------------------------------------------------------------------------------------

Report Methodology

Table of Contents
-----------------
1. REPORT SUMMARY
2. REPORT DETAILS

1. REPORT SUMMARY
-----------------
            Netlist: netlist
          Floorplan: design_1
      Design limits: <entire design considered>
             Max violations: <unlimited>
             Violations found: 225
+-----------+----------+--------------------------------+------------+
| Rule      | Severity | Description                    | Violations |
+-----------+----------+--------------------------------+------------+
| TIMING-16 | Warning  | Large setup violation          | 163        |
| TIMING-18 | Warning  | Missing input or output delay  | 59         |
| TIMING-20 | Warning  | Non-clocked latch              | 1          |
| TIMING-23 | Warning  | Combinational loop found       | 1          |
| LATCH-1   | Advisory | Existing latches in the design | 1          |
+-----------+----------+--------------------------------+------------+

2. REPORT DETAILS
-----------------
TIMING-16#1 Warning
Large setup violation  
There is a large setup violation of -1.394 ns between slc3/cpu/cpu_control/FSM_sequential_state_reg[0]_replica/C (clocked by clk) and slc3/cpu/mdr_reg/data_q_reg[1]/D (clocked by clk). Large setup violations at the end of those stages might be difficult to fix during the post-placement implementation flow and could be the result of non-optimal XDC constraints or non-optimal design architecture
Related violations: <none>

TIMING-16#2 Warning
Large setup violation  
There is a large setup violation of -1.416 ns between slc3/cpu/cpu_control/FSM_sequential_state_reg[0]_replica/C (clocked by clk) and slc3/cpu/mar_reg/data_q_reg[1]/D (clocked by clk). Large setup violations at the end of those stages might be difficult to fix during the post-placement implementation flow and could be the result of non-optimal XDC constraints or non-optimal design architecture
Related violations: <none>

TIMING-16#3 Warning
Large setup violation  
There is a large setup violation of -1.559 ns between slc3/cpu/cpu_control/FSM_sequential_state_reg[0]_replica/C (clocked by clk) and slc3/cpu/reg_file/reg_file_reg[3][1]/D (clocked by clk). Large setup violations at the end of those stages might be difficult to fix during the post-placement implementation flow and could be the result of non-optimal XDC constraints or non-optimal design architecture
Related violations: <none>

TIMING-16#4 Warning
Large setup violation  
There is a large setup violation of -1.589 ns between slc3/cpu/cpu_control/FSM_sequential_state_reg[0]_replica/C (clocked by clk) and slc3/cpu/reg_file/reg_file_reg[7][1]/D (clocked by clk). Large setup violations at the end of those stages might be difficult to fix during the post-placement implementation flow and could be the result of non-optimal XDC constraints or non-optimal design architecture
Related violations: <none>

TIMING-16#5 Warning
Large setup violation  
There is a large setup violation of -1.592 ns between slc3/cpu/cpu_control/FSM_sequential_state_reg[0]_replica/C (clocked by clk) and slc3/cpu/reg_file/reg_file_reg[0][1]/D (clocked by clk). Large setup violations at the end of those stages might be difficult to fix during the post-placement implementation flow and could be the result of non-optimal XDC constraints or non-optimal design architecture
Related violations: <none>

TIMING-16#6 Warning
Large setup violation  
There is a large setup violation of -1.597 ns between slc3/cpu/cpu_control/FSM_sequential_state_reg[0]_replica/C (clocked by clk) and slc3/cpu/reg_file/reg_file_reg[6][1]/D (clocked by clk). Large setup violations at the end of those stages might be difficult to fix during the post-placement implementation flow and could be the result of non-optimal XDC constraints or non-optimal design architecture
Related violations: <none>

TIMING-16#7 Warning
Large setup violation  
There is a large setup violation of -1.608 ns between slc3/cpu/cpu_control/FSM_sequential_state_reg[0]_replica/C (clocked by clk) and slc3/cpu/reg_file/reg_file_reg[4][1]/D (clocked by clk). Large setup violations at the end of those stages might be difficult to fix during the post-placement implementation flow and could be the result of non-optimal XDC constraints or non-optimal design architecture
Related violations: <none>

TIMING-16#8 Warning
Large setup violation  
There is a large setup violation of -1.757 ns between slc3/cpu/cpu_control/FSM_sequential_state_reg[0]_replica/C (clocked by clk) and slc3/cpu/ir_reg/data_q_reg[1]/D (clocked by clk). Large setup violations at the end of those stages might be difficult to fix during the post-placement implementation flow and could be the result of non-optimal XDC constraints or non-optimal design architecture
Related violations: <none>

TIMING-16#9 Warning
Large setup violation  
There is a large setup violation of -1.757 ns between slc3/cpu/cpu_control/FSM_sequential_state_reg[0]_replica/C (clocked by clk) and slc3/cpu/reg_file/reg_file_reg[5][1]/D (clocked by clk). Large setup violations at the end of those stages might be difficult to fix during the post-placement implementation flow and could be the result of non-optimal XDC constraints or non-optimal design architecture
Related violations: <none>

TIMING-16#10 Warning
Large setup violation  
There is a large setup violation of -1.761 ns between slc3/cpu/cpu_control/FSM_sequential_state_reg[0]_replica/C (clocked by clk) and slc3/cpu/reg_file/reg_file_reg[1][1]/D (clocked by clk). Large setup violations at the end of those stages might be difficult to fix during the post-placement implementation flow and could be the result of non-optimal XDC constraints or non-optimal design architecture
Related violations: <none>

TIMING-16#11 Warning
Large setup violation  
There is a large setup violation of -1.917 ns between slc3/cpu/cpu_control/FSM_sequential_state_reg[0]_replica/C (clocked by clk) and slc3/cpu/reg_file/reg_file_reg[2][1]/D (clocked by clk). Large setup violations at the end of those stages might be difficult to fix during the post-placement implementation flow and could be the result of non-optimal XDC constraints or non-optimal design architecture
Related violations: <none>

TIMING-16#12 Warning
Large setup violation  
There is a large setup violation of -10.002 ns between slc3/cpu/cpu_control/FSM_sequential_state_reg[0]_replica/C (clocked by clk) and slc3/cpu/mdr_reg/data_q_reg[10]/D (clocked by clk). Large setup violations at the end of those stages might be difficult to fix during the post-placement implementation flow and could be the result of non-optimal XDC constraints or non-optimal design architecture
Related violations: <none>

TIMING-16#13 Warning
Large setup violation  
There is a large setup violation of -10.008 ns between slc3/cpu/cpu_control/FSM_sequential_state_reg[0]_replica/C (clocked by clk) and slc3/cpu/reg_file/reg_file_reg[7][10]/D (clocked by clk). Large setup violations at the end of those stages might be difficult to fix during the post-placement implementation flow and could be the result of non-optimal XDC constraints or non-optimal design architecture
Related violations: <none>

TIMING-16#14 Warning
Large setup violation  
There is a large setup violation of -10.020 ns between slc3/cpu/cpu_control/FSM_sequential_state_reg[0]_replica/C (clocked by clk) and slc3/cpu/ir_reg/data_q_reg[12]_lopt_replica/D (clocked by clk). Large setup violations at the end of those stages might be difficult to fix during the post-placement implementation flow and could be the result of non-optimal XDC constraints or non-optimal design architecture
Related violations: <none>

TIMING-16#15 Warning
Large setup violation  
There is a large setup violation of -10.032 ns between slc3/cpu/cpu_control/FSM_sequential_state_reg[0]_replica/C (clocked by clk) and slc3/cpu/ir_reg/data_q_reg[12]/D (clocked by clk). Large setup violations at the end of those stages might be difficult to fix during the post-placement implementation flow and could be the result of non-optimal XDC constraints or non-optimal design architecture
Related violations: <none>

TIMING-16#16 Warning
Large setup violation  
There is a large setup violation of -10.038 ns between slc3/cpu/cpu_control/FSM_sequential_state_reg[0]_replica/C (clocked by clk) and slc3/cpu/reg_file/reg_file_reg[3][12]/D (clocked by clk). Large setup violations at the end of those stages might be difficult to fix during the post-placement implementation flow and could be the result of non-optimal XDC constraints or non-optimal design architecture
Related violations: <none>

TIMING-16#17 Warning
Large setup violation  
There is a large setup violation of -10.052 ns between slc3/cpu/cpu_control/FSM_sequential_state_reg[0]_replica/C (clocked by clk) and slc3/cpu/reg_file/reg_file_reg[7][15]/D (clocked by clk). Large setup violations at the end of those stages might be difficult to fix during the post-placement implementation flow and could be the result of non-optimal XDC constraints or non-optimal design architecture
Related violations: <none>

TIMING-16#18 Warning
Large setup violation  
There is a large setup violation of -10.054 ns between slc3/cpu/cpu_control/FSM_sequential_state_reg[0]_replica/C (clocked by clk) and slc3/cpu/branch_enable/nzp_reg[2]/D (clocked by clk). Large setup violations at the end of those stages might be difficult to fix during the post-placement implementation flow and could be the result of non-optimal XDC constraints or non-optimal design architecture
Related violations: <none>

TIMING-16#19 Warning
Large setup violation  
There is a large setup violation of -10.054 ns between slc3/cpu/cpu_control/FSM_sequential_state_reg[0]_replica/C (clocked by clk) and slc3/cpu/reg_file/reg_file_reg[7][12]/D (clocked by clk). Large setup violations at the end of those stages might be difficult to fix during the post-placement implementation flow and could be the result of non-optimal XDC constraints or non-optimal design architecture
Related violations: <none>

TIMING-16#20 Warning
Large setup violation  
There is a large setup violation of -10.058 ns between slc3/cpu/cpu_control/FSM_sequential_state_reg[0]_replica/C (clocked by clk) and slc3/cpu/mdr_reg/data_q_reg[7]/D (clocked by clk). Large setup violations at the end of those stages might be difficult to fix during the post-placement implementation flow and could be the result of non-optimal XDC constraints or non-optimal design architecture
Related violations: <none>

TIMING-16#21 Warning
Large setup violation  
There is a large setup violation of -10.062 ns between slc3/cpu/cpu_control/FSM_sequential_state_reg[0]_replica/C (clocked by clk) and slc3/cpu/ir_reg/data_q_reg[7]/D (clocked by clk). Large setup violations at the end of those stages might be difficult to fix during the post-placement implementation flow and could be the result of non-optimal XDC constraints or non-optimal design architecture
Related violations: <none>

TIMING-16#22 Warning
Large setup violation  
There is a large setup violation of -10.088 ns between slc3/cpu/cpu_control/FSM_sequential_state_reg[0]_replica/C (clocked by clk) and slc3/cpu/reg_file/reg_file_reg[2][7]/D (clocked by clk). Large setup violations at the end of those stages might be difficult to fix during the post-placement implementation flow and could be the result of non-optimal XDC constraints or non-optimal design architecture
Related violations: <none>

TIMING-16#23 Warning
Large setup violation  
There is a large setup violation of -10.101 ns between slc3/cpu/cpu_control/FSM_sequential_state_reg[0]_replica/C (clocked by clk) and slc3/cpu/reg_file/reg_file_reg[6][7]/D (clocked by clk). Large setup violations at the end of those stages might be difficult to fix during the post-placement implementation flow and could be the result of non-optimal XDC constraints or non-optimal design architecture
Related violations: <none>

TIMING-16#24 Warning
Large setup violation  
There is a large setup violation of -10.107 ns between slc3/cpu/cpu_control/FSM_sequential_state_reg[0]_replica/C (clocked by clk) and slc3/cpu/mdr_reg/data_q_reg[15]/D (clocked by clk). Large setup violations at the end of those stages might be difficult to fix during the post-placement implementation flow and could be the result of non-optimal XDC constraints or non-optimal design architecture
Related violations: <none>

TIMING-16#25 Warning
Large setup violation  
There is a large setup violation of -10.121 ns between slc3/cpu/cpu_control/FSM_sequential_state_reg[0]_replica/C (clocked by clk) and slc3/cpu/reg_file/reg_file_reg[5][10]/D (clocked by clk). Large setup violations at the end of those stages might be difficult to fix during the post-placement implementation flow and could be the result of non-optimal XDC constraints or non-optimal design architecture
Related violations: <none>

TIMING-16#26 Warning
Large setup violation  
There is a large setup violation of -10.133 ns between slc3/cpu/cpu_control/FSM_sequential_state_reg[0]_replica/C (clocked by clk) and slc3/cpu/reg_file/reg_file_reg[2][15]/D (clocked by clk). Large setup violations at the end of those stages might be difficult to fix during the post-placement implementation flow and could be the result of non-optimal XDC constraints or non-optimal design architecture
Related violations: <none>

TIMING-16#27 Warning
Large setup violation  
There is a large setup violation of -10.135 ns between slc3/cpu/cpu_control/FSM_sequential_state_reg[0]_replica/C (clocked by clk) and slc3/cpu/mdr_reg/data_q_reg[12]/D (clocked by clk). Large setup violations at the end of those stages might be difficult to fix during the post-placement implementation flow and could be the result of non-optimal XDC constraints or non-optimal design architecture
Related violations: <none>

TIMING-16#28 Warning
Large setup violation  
There is a large setup violation of -10.150 ns between slc3/cpu/cpu_control/FSM_sequential_state_reg[0]_replica/C (clocked by clk) and slc3/cpu/ir_reg/data_q_reg[10]/D (clocked by clk). Large setup violations at the end of those stages might be difficult to fix during the post-placement implementation flow and could be the result of non-optimal XDC constraints or non-optimal design architecture
Related violations: <none>

TIMING-16#29 Warning
Large setup violation  
There is a large setup violation of -10.161 ns between slc3/cpu/cpu_control/FSM_sequential_state_reg[0]_replica/C (clocked by clk) and slc3/cpu/mar_reg/data_q_reg[10]/D (clocked by clk). Large setup violations at the end of those stages might be difficult to fix during the post-placement implementation flow and could be the result of non-optimal XDC constraints or non-optimal design architecture
Related violations: <none>

TIMING-16#30 Warning
Large setup violation  
There is a large setup violation of -10.163 ns between slc3/cpu/cpu_control/FSM_sequential_state_reg[0]_replica/C (clocked by clk) and slc3/cpu/ir_reg/data_q_reg[15]_lopt_replica/D (clocked by clk). Large setup violations at the end of those stages might be difficult to fix during the post-placement implementation flow and could be the result of non-optimal XDC constraints or non-optimal design architecture
Related violations: <none>

TIMING-16#31 Warning
Large setup violation  
There is a large setup violation of -10.167 ns between slc3/cpu/cpu_control/FSM_sequential_state_reg[0]_replica/C (clocked by clk) and slc3/cpu/reg_file/reg_file_reg[4][15]/D (clocked by clk). Large setup violations at the end of those stages might be difficult to fix during the post-placement implementation flow and could be the result of non-optimal XDC constraints or non-optimal design architecture
Related violations: <none>

TIMING-16#32 Warning
Large setup violation  
There is a large setup violation of -10.186 ns between slc3/cpu/cpu_control/FSM_sequential_state_reg[0]_replica/C (clocked by clk) and slc3/cpu/reg_file/reg_file_reg[5][15]/D (clocked by clk). Large setup violations at the end of those stages might be difficult to fix during the post-placement implementation flow and could be the result of non-optimal XDC constraints or non-optimal design architecture
Related violations: <none>

TIMING-16#33 Warning
Large setup violation  
There is a large setup violation of -10.200 ns between slc3/cpu/cpu_control/FSM_sequential_state_reg[0]_replica/C (clocked by clk) and slc3/cpu/reg_file/reg_file_reg[0][12]/D (clocked by clk). Large setup violations at the end of those stages might be difficult to fix during the post-placement implementation flow and could be the result of non-optimal XDC constraints or non-optimal design architecture
Related violations: <none>

TIMING-16#34 Warning
Large setup violation  
There is a large setup violation of -10.205 ns between slc3/cpu/cpu_control/FSM_sequential_state_reg[0]_replica/C (clocked by clk) and slc3/cpu/mar_reg/data_q_reg[7]/D (clocked by clk). Large setup violations at the end of those stages might be difficult to fix during the post-placement implementation flow and could be the result of non-optimal XDC constraints or non-optimal design architecture
Related violations: <none>

TIMING-16#35 Warning
Large setup violation  
There is a large setup violation of -10.216 ns between slc3/cpu/cpu_control/FSM_sequential_state_reg[0]_replica/C (clocked by clk) and slc3/cpu/reg_file/reg_file_reg[4][12]/D (clocked by clk). Large setup violations at the end of those stages might be difficult to fix during the post-placement implementation flow and could be the result of non-optimal XDC constraints or non-optimal design architecture
Related violations: <none>

TIMING-16#36 Warning
Large setup violation  
There is a large setup violation of -10.250 ns between slc3/cpu/cpu_control/FSM_sequential_state_reg[0]_replica/C (clocked by clk) and slc3/cpu/reg_file/reg_file_reg[1][12]/D (clocked by clk). Large setup violations at the end of those stages might be difficult to fix during the post-placement implementation flow and could be the result of non-optimal XDC constraints or non-optimal design architecture
Related violations: <none>

TIMING-16#37 Warning
Large setup violation  
There is a large setup violation of -10.253 ns between slc3/cpu/cpu_control/FSM_sequential_state_reg[0]_replica/C (clocked by clk) and slc3/cpu/reg_file/reg_file_reg[2][12]/D (clocked by clk). Large setup violations at the end of those stages might be difficult to fix during the post-placement implementation flow and could be the result of non-optimal XDC constraints or non-optimal design architecture
Related violations: <none>

TIMING-16#38 Warning
Large setup violation  
There is a large setup violation of -10.275 ns between slc3/cpu/cpu_control/FSM_sequential_state_reg[0]_replica/C (clocked by clk) and slc3/cpu/mar_reg/data_q_reg[12]/D (clocked by clk). Large setup violations at the end of those stages might be difficult to fix during the post-placement implementation flow and could be the result of non-optimal XDC constraints or non-optimal design architecture
Related violations: <none>

TIMING-16#39 Warning
Large setup violation  
There is a large setup violation of -10.302 ns between slc3/cpu/cpu_control/FSM_sequential_state_reg[0]_replica/C (clocked by clk) and slc3/cpu/ir_reg/data_q_reg[15]/D (clocked by clk). Large setup violations at the end of those stages might be difficult to fix during the post-placement implementation flow and could be the result of non-optimal XDC constraints or non-optimal design architecture
Related violations: <none>

TIMING-16#40 Warning
Large setup violation  
There is a large setup violation of -10.349 ns between slc3/cpu/cpu_control/FSM_sequential_state_reg[0]_replica/C (clocked by clk) and slc3/cpu/reg_file/reg_file_reg[6][12]/D (clocked by clk). Large setup violations at the end of those stages might be difficult to fix during the post-placement implementation flow and could be the result of non-optimal XDC constraints or non-optimal design architecture
Related violations: <none>

TIMING-16#41 Warning
Large setup violation  
There is a large setup violation of -10.515 ns between slc3/cpu/cpu_control/FSM_sequential_state_reg[0]_replica/C (clocked by clk) and slc3/cpu/branch_enable/nzp_reg[1]/D (clocked by clk). Large setup violations at the end of those stages might be difficult to fix during the post-placement implementation flow and could be the result of non-optimal XDC constraints or non-optimal design architecture
Related violations: <none>

TIMING-16#42 Warning
Large setup violation  
There is a large setup violation of -10.518 ns between slc3/cpu/cpu_control/FSM_sequential_state_reg[0]_replica/C (clocked by clk) and slc3/cpu/branch_enable/nzp_reg[0]/D (clocked by clk). Large setup violations at the end of those stages might be difficult to fix during the post-placement implementation flow and could be the result of non-optimal XDC constraints or non-optimal design architecture
Related violations: <none>

TIMING-16#43 Warning
Large setup violation  
There is a large setup violation of -6.142 ns between slc3/cpu/cpu_control/FSM_sequential_state_reg[0]_replica/C (clocked by clk) and slc3/cpu/ir_reg/data_q_reg[1]_lopt_replica/D (clocked by clk). Large setup violations at the end of those stages might be difficult to fix during the post-placement implementation flow and could be the result of non-optimal XDC constraints or non-optimal design architecture
Related violations: <none>

TIMING-16#44 Warning
Large setup violation  
There is a large setup violation of -8.711 ns between slc3/cpu/cpu_control/FSM_sequential_state_reg[0]_replica/C (clocked by clk) and slc3/cpu/reg_file/reg_file_reg[7][8]/D (clocked by clk). Large setup violations at the end of those stages might be difficult to fix during the post-placement implementation flow and could be the result of non-optimal XDC constraints or non-optimal design architecture
Related violations: <none>

TIMING-16#45 Warning
Large setup violation  
There is a large setup violation of -8.834 ns between slc3/cpu/cpu_control/FSM_sequential_state_reg[0]_replica/C (clocked by clk) and slc3/cpu/mdr_reg/data_q_reg[5]/D (clocked by clk). Large setup violations at the end of those stages might be difficult to fix during the post-placement implementation flow and could be the result of non-optimal XDC constraints or non-optimal design architecture
Related violations: <none>

TIMING-16#46 Warning
Large setup violation  
There is a large setup violation of -8.949 ns between slc3/cpu/cpu_control/FSM_sequential_state_reg[0]_replica/C (clocked by clk) and slc3/cpu/reg_file/reg_file_reg[7][3]/D (clocked by clk). Large setup violations at the end of those stages might be difficult to fix during the post-placement implementation flow and could be the result of non-optimal XDC constraints or non-optimal design architecture
Related violations: <none>

TIMING-16#47 Warning
Large setup violation  
There is a large setup violation of -9.004 ns between slc3/cpu/cpu_control/FSM_sequential_state_reg[0]_replica/C (clocked by clk) and slc3/cpu/mar_reg/data_q_reg[14]/D (clocked by clk). Large setup violations at the end of those stages might be difficult to fix during the post-placement implementation flow and could be the result of non-optimal XDC constraints or non-optimal design architecture
Related violations: <none>

TIMING-16#48 Warning
Large setup violation  
There is a large setup violation of -9.059 ns between slc3/cpu/cpu_control/FSM_sequential_state_reg[0]_replica/C (clocked by clk) and slc3/cpu/reg_file/reg_file_reg[0][11]/D (clocked by clk). Large setup violations at the end of those stages might be difficult to fix during the post-placement implementation flow and could be the result of non-optimal XDC constraints or non-optimal design architecture
Related violations: <none>

TIMING-16#49 Warning
Large setup violation  
There is a large setup violation of -9.064 ns between slc3/cpu/cpu_control/FSM_sequential_state_reg[0]_replica/C (clocked by clk) and slc3/cpu/mdr_reg/data_q_reg[6]/D (clocked by clk). Large setup violations at the end of those stages might be difficult to fix during the post-placement implementation flow and could be the result of non-optimal XDC constraints or non-optimal design architecture
Related violations: <none>

TIMING-16#50 Warning
Large setup violation  
There is a large setup violation of -9.065 ns between slc3/cpu/cpu_control/FSM_sequential_state_reg[0]_replica/C (clocked by clk) and slc3/cpu/reg_file/reg_file_reg[0][4]/D (clocked by clk). Large setup violations at the end of those stages might be difficult to fix during the post-placement implementation flow and could be the result of non-optimal XDC constraints or non-optimal design architecture
Related violations: <none>

TIMING-16#51 Warning
Large setup violation  
There is a large setup violation of -9.066 ns between slc3/cpu/cpu_control/FSM_sequential_state_reg[0]_replica/C (clocked by clk) and slc3/cpu/reg_file/reg_file_reg[3][3]/D (clocked by clk). Large setup violations at the end of those stages might be difficult to fix during the post-placement implementation flow and could be the result of non-optimal XDC constraints or non-optimal design architecture
Related violations: <none>

TIMING-16#52 Warning
Large setup violation  
There is a large setup violation of -9.066 ns between slc3/cpu/cpu_control/FSM_sequential_state_reg[0]_replica/C (clocked by clk) and slc3/cpu/reg_file/reg_file_reg[5][5]/D (clocked by clk). Large setup violations at the end of those stages might be difficult to fix during the post-placement implementation flow and could be the result of non-optimal XDC constraints or non-optimal design architecture
Related violations: <none>

TIMING-16#53 Warning
Large setup violation  
There is a large setup violation of -9.080 ns between slc3/cpu/cpu_control/FSM_sequential_state_reg[0]_replica/C (clocked by clk) and slc3/cpu/reg_file/reg_file_reg[4][3]/D (clocked by clk). Large setup violations at the end of those stages might be difficult to fix during the post-placement implementation flow and could be the result of non-optimal XDC constraints or non-optimal design architecture
Related violations: <none>

TIMING-16#54 Warning
Large setup violation  
There is a large setup violation of -9.088 ns between slc3/cpu/cpu_control/FSM_sequential_state_reg[0]_replica/C (clocked by clk) and slc3/cpu/reg_file/reg_file_reg[6][4]/D (clocked by clk). Large setup violations at the end of those stages might be difficult to fix during the post-placement implementation flow and could be the result of non-optimal XDC constraints or non-optimal design architecture
Related violations: <none>

TIMING-16#55 Warning
Large setup violation  
There is a large setup violation of -9.093 ns between slc3/cpu/cpu_control/FSM_sequential_state_reg[0]_replica/C (clocked by clk) and slc3/cpu/reg_file/reg_file_reg[4][6]/D (clocked by clk). Large setup violations at the end of those stages might be difficult to fix during the post-placement implementation flow and could be the result of non-optimal XDC constraints or non-optimal design architecture
Related violations: <none>

TIMING-16#56 Warning
Large setup violation  
There is a large setup violation of -9.093 ns between slc3/cpu/cpu_control/FSM_sequential_state_reg[0]_replica/C (clocked by clk) and slc3/cpu/reg_file/reg_file_reg[4][8]/D (clocked by clk). Large setup violations at the end of those stages might be difficult to fix during the post-placement implementation flow and could be the result of non-optimal XDC constraints or non-optimal design architecture
Related violations: <none>

TIMING-16#57 Warning
Large setup violation  
There is a large setup violation of -9.110 ns between slc3/cpu/cpu_control/FSM_sequential_state_reg[0]_replica/C (clocked by clk) and slc3/cpu/reg_file/reg_file_reg[3][6]/D (clocked by clk). Large setup violations at the end of those stages might be difficult to fix during the post-placement implementation flow and could be the result of non-optimal XDC constraints or non-optimal design architecture
Related violations: <none>

TIMING-16#58 Warning
Large setup violation  
There is a large setup violation of -9.114 ns between slc3/cpu/cpu_control/FSM_sequential_state_reg[0]_replica/C (clocked by clk) and slc3/cpu/ir_reg/data_q_reg[5]_lopt_replica/D (clocked by clk). Large setup violations at the end of those stages might be difficult to fix during the post-placement implementation flow and could be the result of non-optimal XDC constraints or non-optimal design architecture
Related violations: <none>

TIMING-16#59 Warning
Large setup violation  
There is a large setup violation of -9.120 ns between slc3/cpu/cpu_control/FSM_sequential_state_reg[0]_replica/C (clocked by clk) and slc3/cpu/mar_reg/data_q_reg[8]/D (clocked by clk). Large setup violations at the end of those stages might be difficult to fix during the post-placement implementation flow and could be the result of non-optimal XDC constraints or non-optimal design architecture
Related violations: <none>

TIMING-16#60 Warning
Large setup violation  
There is a large setup violation of -9.121 ns between slc3/cpu/cpu_control/FSM_sequential_state_reg[0]_replica/C (clocked by clk) and slc3/cpu/ir_reg/data_q_reg[5]/D (clocked by clk). Large setup violations at the end of those stages might be difficult to fix during the post-placement implementation flow and could be the result of non-optimal XDC constraints or non-optimal design architecture
Related violations: <none>

TIMING-16#61 Warning
Large setup violation  
There is a large setup violation of -9.121 ns between slc3/cpu/cpu_control/FSM_sequential_state_reg[0]_replica/C (clocked by clk) and slc3/cpu/mdr_reg/data_q_reg[3]/D (clocked by clk). Large setup violations at the end of those stages might be difficult to fix during the post-placement implementation flow and could be the result of non-optimal XDC constraints or non-optimal design architecture
Related violations: <none>

TIMING-16#62 Warning
Large setup violation  
There is a large setup violation of -9.121 ns between slc3/cpu/cpu_control/FSM_sequential_state_reg[0]_replica/C (clocked by clk) and slc3/cpu/reg_file/reg_file_reg[1][3]/D (clocked by clk). Large setup violations at the end of those stages might be difficult to fix during the post-placement implementation flow and could be the result of non-optimal XDC constraints or non-optimal design architecture
Related violations: <none>

TIMING-16#63 Warning
Large setup violation  
There is a large setup violation of -9.127 ns between slc3/cpu/cpu_control/FSM_sequential_state_reg[0]_replica/C (clocked by clk) and slc3/cpu/mar_reg/data_q_reg[3]/D (clocked by clk). Large setup violations at the end of those stages might be difficult to fix during the post-placement implementation flow and could be the result of non-optimal XDC constraints or non-optimal design architecture
Related violations: <none>

TIMING-16#64 Warning
Large setup violation  
There is a large setup violation of -9.141 ns between slc3/cpu/cpu_control/FSM_sequential_state_reg[0]_replica/C (clocked by clk) and slc3/cpu/reg_file/reg_file_reg[6][3]/D (clocked by clk). Large setup violations at the end of those stages might be difficult to fix during the post-placement implementation flow and could be the result of non-optimal XDC constraints or non-optimal design architecture
Related violations: <none>

TIMING-16#65 Warning
Large setup violation  
There is a large setup violation of -9.147 ns between slc3/cpu/cpu_control/FSM_sequential_state_reg[0]_replica/C (clocked by clk) and slc3/cpu/reg_file/reg_file_reg[7][4]/D (clocked by clk). Large setup violations at the end of those stages might be difficult to fix during the post-placement implementation flow and could be the result of non-optimal XDC constraints or non-optimal design architecture
Related violations: <none>

TIMING-16#66 Warning
Large setup violation  
There is a large setup violation of -9.163 ns between slc3/cpu/cpu_control/FSM_sequential_state_reg[0]_replica/C (clocked by clk) and slc3/cpu/reg_file/reg_file_reg[2][3]/D (clocked by clk). Large setup violations at the end of those stages might be difficult to fix during the post-placement implementation flow and could be the result of non-optimal XDC constraints or non-optimal design architecture
Related violations: <none>

TIMING-16#67 Warning
Large setup violation  
There is a large setup violation of -9.180 ns between slc3/cpu/cpu_control/FSM_sequential_state_reg[0]_replica/C (clocked by clk) and slc3/cpu/reg_file/reg_file_reg[0][5]/D (clocked by clk). Large setup violations at the end of those stages might be difficult to fix during the post-placement implementation flow and could be the result of non-optimal XDC constraints or non-optimal design architecture
Related violations: <none>

TIMING-16#68 Warning
Large setup violation  
There is a large setup violation of -9.184 ns between slc3/cpu/cpu_control/FSM_sequential_state_reg[0]_replica/C (clocked by clk) and slc3/cpu/reg_file/reg_file_reg[3][5]/D (clocked by clk). Large setup violations at the end of those stages might be difficult to fix during the post-placement implementation flow and could be the result of non-optimal XDC constraints or non-optimal design architecture
Related violations: <none>

TIMING-16#69 Warning
Large setup violation  
There is a large setup violation of -9.198 ns between slc3/cpu/cpu_control/FSM_sequential_state_reg[0]_replica/C (clocked by clk) and slc3/cpu/reg_file/reg_file_reg[5][3]/D (clocked by clk). Large setup violations at the end of those stages might be difficult to fix during the post-placement implementation flow and could be the result of non-optimal XDC constraints or non-optimal design architecture
Related violations: <none>

TIMING-16#70 Warning
Large setup violation  
There is a large setup violation of -9.208 ns between slc3/cpu/cpu_control/FSM_sequential_state_reg[0]_replica/C (clocked by clk) and slc3/cpu/reg_file/reg_file_reg[4][10]/D (clocked by clk). Large setup violations at the end of those stages might be difficult to fix during the post-placement implementation flow and could be the result of non-optimal XDC constraints or non-optimal design architecture
Related violations: <none>

TIMING-16#71 Warning
Large setup violation  
There is a large setup violation of -9.209 ns between slc3/cpu/cpu_control/FSM_sequential_state_reg[0]_replica/C (clocked by clk) and slc3/cpu/mdr_reg/data_q_reg[8]/D (clocked by clk). Large setup violations at the end of those stages might be difficult to fix during the post-placement implementation flow and could be the result of non-optimal XDC constraints or non-optimal design architecture
Related violations: <none>

TIMING-16#72 Warning
Large setup violation  
There is a large setup violation of -9.214 ns between slc3/cpu/cpu_control/FSM_sequential_state_reg[0]_replica/C (clocked by clk) and slc3/cpu/reg_file/reg_file_reg[6][5]/D (clocked by clk). Large setup violations at the end of those stages might be difficult to fix during the post-placement implementation flow and could be the result of non-optimal XDC constraints or non-optimal design architecture
Related violations: <none>

TIMING-16#73 Warning
Large setup violation  
There is a large setup violation of -9.219 ns between slc3/cpu/cpu_control/FSM_sequential_state_reg[0]_replica/C (clocked by clk) and slc3/cpu/mdr_reg/data_q_reg[4]/D (clocked by clk). Large setup violations at the end of those stages might be difficult to fix during the post-placement implementation flow and could be the result of non-optimal XDC constraints or non-optimal design architecture
Related violations: <none>

TIMING-16#74 Warning
Large setup violation  
There is a large setup violation of -9.226 ns between slc3/cpu/cpu_control/FSM_sequential_state_reg[0]_replica/C (clocked by clk) and slc3/cpu/ir_reg/data_q_reg[8]/D (clocked by clk). Large setup violations at the end of those stages might be difficult to fix during the post-placement implementation flow and could be the result of non-optimal XDC constraints or non-optimal design architecture
Related violations: <none>

TIMING-16#75 Warning
Large setup violation  
There is a large setup violation of -9.226 ns between slc3/cpu/cpu_control/FSM_sequential_state_reg[0]_replica/C (clocked by clk) and slc3/cpu/reg_file/reg_file_reg[7][5]/D (clocked by clk). Large setup violations at the end of those stages might be difficult to fix during the post-placement implementation flow and could be the result of non-optimal XDC constraints or non-optimal design architecture
Related violations: <none>

TIMING-16#76 Warning
Large setup violation  
There is a large setup violation of -9.239 ns between slc3/cpu/cpu_control/FSM_sequential_state_reg[0]_replica/C (clocked by clk) and slc3/cpu/reg_file/reg_file_reg[7][6]/D (clocked by clk). Large setup violations at the end of those stages might be difficult to fix during the post-placement implementation flow and could be the result of non-optimal XDC constraints or non-optimal design architecture
Related violations: <none>

TIMING-16#77 Warning
Large setup violation  
There is a large setup violation of -9.243 ns between slc3/cpu/cpu_control/FSM_sequential_state_reg[0]_replica/C (clocked by clk) and slc3/cpu/mar_reg/data_q_reg[4]/D (clocked by clk). Large setup violations at the end of those stages might be difficult to fix during the post-placement implementation flow and could be the result of non-optimal XDC constraints or non-optimal design architecture
Related violations: <none>

TIMING-16#78 Warning
Large setup violation  
There is a large setup violation of -9.244 ns between slc3/cpu/cpu_control/FSM_sequential_state_reg[0]_replica/C (clocked by clk) and slc3/cpu/mar_reg/data_q_reg[6]/D (clocked by clk). Large setup violations at the end of those stages might be difficult to fix during the post-placement implementation flow and could be the result of non-optimal XDC constraints or non-optimal design architecture
Related violations: <none>

TIMING-16#79 Warning
Large setup violation  
There is a large setup violation of -9.257 ns between slc3/cpu/cpu_control/FSM_sequential_state_reg[0]_replica/C (clocked by clk) and slc3/cpu/ir_reg/data_q_reg[4]/D (clocked by clk). Large setup violations at the end of those stages might be difficult to fix during the post-placement implementation flow and could be the result of non-optimal XDC constraints or non-optimal design architecture
Related violations: <none>

TIMING-16#80 Warning
Large setup violation  
There is a large setup violation of -9.267 ns between slc3/cpu/cpu_control/FSM_sequential_state_reg[0]_replica/C (clocked by clk) and slc3/cpu/reg_file/reg_file_reg[0][3]/D (clocked by clk). Large setup violations at the end of those stages might be difficult to fix during the post-placement implementation flow and could be the result of non-optimal XDC constraints or non-optimal design architecture
Related violations: <none>

TIMING-16#81 Warning
Large setup violation  
There is a large setup violation of -9.276 ns between slc3/cpu/cpu_control/FSM_sequential_state_reg[0]_replica/C (clocked by clk) and slc3/cpu/reg_file/reg_file_reg[1][8]/D (clocked by clk). Large setup violations at the end of those stages might be difficult to fix during the post-placement implementation flow and could be the result of non-optimal XDC constraints or non-optimal design architecture
Related violations: <none>

TIMING-16#82 Warning
Large setup violation  
There is a large setup violation of -9.282 ns between slc3/cpu/cpu_control/FSM_sequential_state_reg[0]_replica/C (clocked by clk) and slc3/cpu/reg_file/reg_file_reg[3][9]/D (clocked by clk). Large setup violations at the end of those stages might be difficult to fix during the post-placement implementation flow and could be the result of non-optimal XDC constraints or non-optimal design architecture
Related violations: <none>

TIMING-16#83 Warning
Large setup violation  
There is a large setup violation of -9.288 ns between slc3/cpu/cpu_control/FSM_sequential_state_reg[0]_replica/C (clocked by clk) and slc3/cpu/reg_file/reg_file_reg[5][4]/D (clocked by clk). Large setup violations at the end of those stages might be difficult to fix during the post-placement implementation flow and could be the result of non-optimal XDC constraints or non-optimal design architecture
Related violations: <none>

TIMING-16#84 Warning
Large setup violation  
There is a large setup violation of -9.302 ns between slc3/cpu/cpu_control/FSM_sequential_state_reg[0]_replica/C (clocked by clk) and slc3/cpu/reg_file/reg_file_reg[3][4]/D (clocked by clk). Large setup violations at the end of those stages might be difficult to fix during the post-placement implementation flow and could be the result of non-optimal XDC constraints or non-optimal design architecture
Related violations: <none>

TIMING-16#85 Warning
Large setup violation  
There is a large setup violation of -9.308 ns between slc3/cpu/cpu_control/FSM_sequential_state_reg[0]_replica/C (clocked by clk) and slc3/cpu/mdr_reg/data_q_reg[9]/D (clocked by clk). Large setup violations at the end of those stages might be difficult to fix during the post-placement implementation flow and could be the result of non-optimal XDC constraints or non-optimal design architecture
Related violations: <none>

TIMING-16#86 Warning
Large setup violation  
There is a large setup violation of -9.345 ns between slc3/cpu/cpu_control/FSM_sequential_state_reg[0]_replica/C (clocked by clk) and slc3/cpu/reg_file/reg_file_reg[3][8]/D (clocked by clk). Large setup violations at the end of those stages might be difficult to fix during the post-placement implementation flow and could be the result of non-optimal XDC constraints or non-optimal design architecture
Related violations: <none>

TIMING-16#87 Warning
Large setup violation  
There is a large setup violation of -9.362 ns between slc3/cpu/cpu_control/FSM_sequential_state_reg[0]_replica/C (clocked by clk) and slc3/cpu/reg_file/reg_file_reg[2][4]/D (clocked by clk). Large setup violations at the end of those stages might be difficult to fix during the post-placement implementation flow and could be the result of non-optimal XDC constraints or non-optimal design architecture
Related violations: <none>

TIMING-16#88 Warning
Large setup violation  
There is a large setup violation of -9.376 ns between slc3/cpu/cpu_control/FSM_sequential_state_reg[0]_replica/C (clocked by clk) and slc3/cpu/reg_file/reg_file_reg[2][5]/D (clocked by clk). Large setup violations at the end of those stages might be difficult to fix during the post-placement implementation flow and could be the result of non-optimal XDC constraints or non-optimal design architecture
Related violations: <none>

TIMING-16#89 Warning
Large setup violation  
There is a large setup violation of -9.393 ns between slc3/cpu/cpu_control/FSM_sequential_state_reg[0]_replica/C (clocked by clk) and slc3/cpu/reg_file/reg_file_reg[4][5]/D (clocked by clk). Large setup violations at the end of those stages might be difficult to fix during the post-placement implementation flow and could be the result of non-optimal XDC constraints or non-optimal design architecture
Related violations: <none>

TIMING-16#90 Warning
Large setup violation  
There is a large setup violation of -9.393 ns between slc3/cpu/cpu_control/FSM_sequential_state_reg[0]_replica/C (clocked by clk) and slc3/cpu/reg_file/reg_file_reg[5][6]/D (clocked by clk). Large setup violations at the end of those stages might be difficult to fix during the post-placement implementation flow and could be the result of non-optimal XDC constraints or non-optimal design architecture
Related violations: <none>

TIMING-16#91 Warning
Large setup violation  
There is a large setup violation of -9.409 ns between slc3/cpu/cpu_control/FSM_sequential_state_reg[0]_replica/C (clocked by clk) and slc3/cpu/reg_file/reg_file_reg[6][8]/D (clocked by clk). Large setup violations at the end of those stages might be difficult to fix during the post-placement implementation flow and could be the result of non-optimal XDC constraints or non-optimal design architecture
Related violations: <none>

TIMING-16#92 Warning
Large setup violation  
There is a large setup violation of -9.419 ns between slc3/cpu/cpu_control/FSM_sequential_state_reg[0]_replica/C (clocked by clk) and slc3/cpu/reg_file/reg_file_reg[5][8]/D (clocked by clk). Large setup violations at the end of those stages might be difficult to fix during the post-placement implementation flow and could be the result of non-optimal XDC constraints or non-optimal design architecture
Related violations: <none>

TIMING-16#93 Warning
Large setup violation  
There is a large setup violation of -9.420 ns between slc3/cpu/cpu_control/FSM_sequential_state_reg[0]_replica/C (clocked by clk) and slc3/cpu/ir_reg/data_q_reg[6]/D (clocked by clk). Large setup violations at the end of those stages might be difficult to fix during the post-placement implementation flow and could be the result of non-optimal XDC constraints or non-optimal design architecture
Related violations: <none>

TIMING-16#94 Warning
Large setup violation  
There is a large setup violation of -9.432 ns between slc3/cpu/cpu_control/FSM_sequential_state_reg[0]_replica/C (clocked by clk) and slc3/cpu/reg_file/reg_file_reg[0][6]/D (clocked by clk). Large setup violations at the end of those stages might be difficult to fix during the post-placement implementation flow and could be the result of non-optimal XDC constraints or non-optimal design architecture
Related violations: <none>

TIMING-16#95 Warning
Large setup violation  
There is a large setup violation of -9.434 ns between slc3/cpu/cpu_control/FSM_sequential_state_reg[0]_replica/C (clocked by clk) and slc3/cpu/ir_reg/data_q_reg[3]/D (clocked by clk). Large setup violations at the end of those stages might be difficult to fix during the post-placement implementation flow and could be the result of non-optimal XDC constraints or non-optimal design architecture
Related violations: <none>

TIMING-16#96 Warning
Large setup violation  
There is a large setup violation of -9.434 ns between slc3/cpu/cpu_control/FSM_sequential_state_reg[0]_replica/C (clocked by clk) and slc3/cpu/reg_file/reg_file_reg[4][4]/D (clocked by clk). Large setup violations at the end of those stages might be difficult to fix during the post-placement implementation flow and could be the result of non-optimal XDC constraints or non-optimal design architecture
Related violations: <none>

TIMING-16#97 Warning
Large setup violation  
There is a large setup violation of -9.440 ns between slc3/cpu/cpu_control/FSM_sequential_state_reg[0]_replica/C (clocked by clk) and slc3/cpu/reg_file/reg_file_reg[1][5]/D (clocked by clk). Large setup violations at the end of those stages might be difficult to fix during the post-placement implementation flow and could be the result of non-optimal XDC constraints or non-optimal design architecture
Related violations: <none>

TIMING-16#98 Warning
Large setup violation  
There is a large setup violation of -9.455 ns between slc3/cpu/cpu_control/FSM_sequential_state_reg[0]_replica/C (clocked by clk) and slc3/cpu/mdr_reg/data_q_reg[14]/D (clocked by clk). Large setup violations at the end of those stages might be difficult to fix during the post-placement implementation flow and could be the result of non-optimal XDC constraints or non-optimal design architecture
Related violations: <none>

TIMING-16#99 Warning
Large setup violation  
There is a large setup violation of -9.461 ns between slc3/cpu/cpu_control/FSM_sequential_state_reg[0]_replica/C (clocked by clk) and slc3/cpu/reg_file/reg_file_reg[6][9]/D (clocked by clk). Large setup violations at the end of those stages might be difficult to fix during the post-placement implementation flow and could be the result of non-optimal XDC constraints or non-optimal design architecture
Related violations: <none>

TIMING-16#100 Warning
Large setup violation  
There is a large setup violation of -9.463 ns between slc3/cpu/cpu_control/FSM_sequential_state_reg[0]_replica/C (clocked by clk) and slc3/cpu/reg_file/reg_file_reg[0][13]/D (clocked by clk). Large setup violations at the end of those stages might be difficult to fix during the post-placement implementation flow and could be the result of non-optimal XDC constraints or non-optimal design architecture
Related violations: <none>

TIMING-16#101 Warning
Large setup violation  
There is a large setup violation of -9.467 ns between slc3/cpu/cpu_control/FSM_sequential_state_reg[0]_replica/C (clocked by clk) and slc3/cpu/reg_file/reg_file_reg[0][9]/D (clocked by clk). Large setup violations at the end of those stages might be difficult to fix during the post-placement implementation flow and could be the result of non-optimal XDC constraints or non-optimal design architecture
Related violations: <none>

TIMING-16#102 Warning
Large setup violation  
There is a large setup violation of -9.475 ns between slc3/cpu/cpu_control/FSM_sequential_state_reg[0]_replica/C (clocked by clk) and slc3/cpu/reg_file/reg_file_reg[1][4]/D (clocked by clk). Large setup violations at the end of those stages might be difficult to fix during the post-placement implementation flow and could be the result of non-optimal XDC constraints or non-optimal design architecture
Related violations: <none>

TIMING-16#103 Warning
Large setup violation  
There is a large setup violation of -9.486 ns between slc3/cpu/cpu_control/FSM_sequential_state_reg[0]_replica/C (clocked by clk) and slc3/cpu/reg_file/reg_file_reg[2][14]/D (clocked by clk). Large setup violations at the end of those stages might be difficult to fix during the post-placement implementation flow and could be the result of non-optimal XDC constraints or non-optimal design architecture
Related violations: <none>

TIMING-16#104 Warning
Large setup violation  
There is a large setup violation of -9.493 ns between slc3/cpu/cpu_control/FSM_sequential_state_reg[0]_replica/C (clocked by clk) and slc3/cpu/reg_file/reg_file_reg[2][6]/D (clocked by clk). Large setup violations at the end of those stages might be difficult to fix during the post-placement implementation flow and could be the result of non-optimal XDC constraints or non-optimal design architecture
Related violations: <none>

TIMING-16#105 Warning
Large setup violation  
There is a large setup violation of -9.501 ns between slc3/cpu/cpu_control/FSM_sequential_state_reg[0]_replica/C (clocked by clk) and slc3/cpu/mar_reg/data_q_reg[5]/D (clocked by clk). Large setup violations at the end of those stages might be difficult to fix during the post-placement implementation flow and could be the result of non-optimal XDC constraints or non-optimal design architecture
Related violations: <none>

TIMING-16#106 Warning
Large setup violation  
There is a large setup violation of -9.504 ns between slc3/cpu/cpu_control/FSM_sequential_state_reg[0]_replica/C (clocked by clk) and slc3/cpu/reg_file/reg_file_reg[0][8]/D (clocked by clk). Large setup violations at the end of those stages might be difficult to fix during the post-placement implementation flow and could be the result of non-optimal XDC constraints or non-optimal design architecture
Related violations: <none>

TIMING-16#107 Warning
Large setup violation  
There is a large setup violation of -9.527 ns between slc3/cpu/cpu_control/FSM_sequential_state_reg[0]_replica/C (clocked by clk) and slc3/cpu/reg_file/reg_file_reg[1][6]/D (clocked by clk). Large setup violations at the end of those stages might be difficult to fix during the post-placement implementation flow and could be the result of non-optimal XDC constraints or non-optimal design architecture
Related violations: <none>

TIMING-16#108 Warning
Large setup violation  
There is a large setup violation of -9.529 ns between slc3/cpu/cpu_control/FSM_sequential_state_reg[0]_replica/C (clocked by clk) and slc3/cpu/reg_file/reg_file_reg[6][6]/D (clocked by clk). Large setup violations at the end of those stages might be difficult to fix during the post-placement implementation flow and could be the result of non-optimal XDC constraints or non-optimal design architecture
Related violations: <none>

TIMING-16#109 Warning
Large setup violation  
There is a large setup violation of -9.533 ns between slc3/cpu/cpu_control/FSM_sequential_state_reg[0]_replica/C (clocked by clk) and slc3/cpu/reg_file/reg_file_reg[4][13]/D (clocked by clk). Large setup violations at the end of those stages might be difficult to fix during the post-placement implementation flow and could be the result of non-optimal XDC constraints or non-optimal design architecture
Related violations: <none>

TIMING-16#110 Warning
Large setup violation  
There is a large setup violation of -9.534 ns between slc3/cpu/cpu_control/FSM_sequential_state_reg[0]_replica/C (clocked by clk) and slc3/cpu/mar_reg/data_q_reg[13]/D (clocked by clk). Large setup violations at the end of those stages might be difficult to fix during the post-placement implementation flow and could be the result of non-optimal XDC constraints or non-optimal design architecture
Related violations: <none>

TIMING-16#111 Warning
Large setup violation  
There is a large setup violation of -9.560 ns between slc3/cpu/cpu_control/FSM_sequential_state_reg[0]_replica/C (clocked by clk) and slc3/cpu/reg_file/reg_file_reg[1][9]/D (clocked by clk). Large setup violations at the end of those stages might be difficult to fix during the post-placement implementation flow and could be the result of non-optimal XDC constraints or non-optimal design architecture
Related violations: <none>

TIMING-16#112 Warning
Large setup violation  
There is a large setup violation of -9.565 ns between slc3/cpu/cpu_control/FSM_sequential_state_reg[0]_replica/C (clocked by clk) and slc3/cpu/reg_file/reg_file_reg[2][8]/D (clocked by clk). Large setup violations at the end of those stages might be difficult to fix during the post-placement implementation flow and could be the result of non-optimal XDC constraints or non-optimal design architecture
Related violations: <none>

TIMING-16#113 Warning
Large setup violation  
There is a large setup violation of -9.615 ns between slc3/cpu/cpu_control/FSM_sequential_state_reg[0]_replica/C (clocked by clk) and slc3/cpu/reg_file/reg_file_reg[1][14]/D (clocked by clk). Large setup violations at the end of those stages might be difficult to fix during the post-placement implementation flow and could be the result of non-optimal XDC constraints or non-optimal design architecture
Related violations: <none>

TIMING-16#114 Warning
Large setup violation  
There is a large setup violation of -9.626 ns between slc3/cpu/cpu_control/FSM_sequential_state_reg[0]_replica/C (clocked by clk) and slc3/cpu/reg_file/reg_file_reg[4][14]/D (clocked by clk). Large setup violations at the end of those stages might be difficult to fix during the post-placement implementation flow and could be the result of non-optimal XDC constraints or non-optimal design architecture
Related violations: <none>

TIMING-16#115 Warning
Large setup violation  
There is a large setup violation of -9.633 ns between slc3/cpu/cpu_control/FSM_sequential_state_reg[0]_replica/C (clocked by clk) and slc3/cpu/reg_file/reg_file_reg[5][14]/D (clocked by clk). Large setup violations at the end of those stages might be difficult to fix during the post-placement implementation flow and could be the result of non-optimal XDC constraints or non-optimal design architecture
Related violations: <none>

TIMING-16#116 Warning
Large setup violation  
There is a large setup violation of -9.655 ns between slc3/cpu/cpu_control/FSM_sequential_state_reg[0]_replica/C (clocked by clk) and slc3/cpu/reg_file/reg_file_reg[5][9]/D (clocked by clk). Large setup violations at the end of those stages might be difficult to fix during the post-placement implementation flow and could be the result of non-optimal XDC constraints or non-optimal design architecture
Related violations: <none>

TIMING-16#117 Warning
Large setup violation  
There is a large setup violation of -9.656 ns between slc3/cpu/cpu_control/FSM_sequential_state_reg[0]_replica/C (clocked by clk) and slc3/cpu/reg_file/reg_file_reg[2][13]/D (clocked by clk). Large setup violations at the end of those stages might be difficult to fix during the post-placement implementation flow and could be the result of non-optimal XDC constraints or non-optimal design architecture
Related violations: <none>

TIMING-16#118 Warning
Large setup violation  
There is a large setup violation of -9.678 ns between slc3/cpu/cpu_control/FSM_sequential_state_reg[0]_replica/C (clocked by clk) and slc3/cpu/ir_reg/data_q_reg[13]_lopt_replica/D (clocked by clk). Large setup violations at the end of those stages might be difficult to fix during the post-placement implementation flow and could be the result of non-optimal XDC constraints or non-optimal design architecture
Related violations: <none>

TIMING-16#119 Warning
Large setup violation  
There is a large setup violation of -9.684 ns between slc3/cpu/cpu_control/FSM_sequential_state_reg[0]_replica/C (clocked by clk) and slc3/cpu/reg_file/reg_file_reg[7][9]/D (clocked by clk). Large setup violations at the end of those stages might be difficult to fix during the post-placement implementation flow and could be the result of non-optimal XDC constraints or non-optimal design architecture
Related violations: <none>

TIMING-16#120 Warning
Large setup violation  
There is a large setup violation of -9.685 ns between slc3/cpu/cpu_control/FSM_sequential_state_reg[0]_replica/C (clocked by clk) and slc3/cpu/ir_reg/data_q_reg[11]/D (clocked by clk). Large setup violations at the end of those stages might be difficult to fix during the post-placement implementation flow and could be the result of non-optimal XDC constraints or non-optimal design architecture
Related violations: <none>

TIMING-16#121 Warning
Large setup violation  
There is a large setup violation of -9.685 ns between slc3/cpu/cpu_control/FSM_sequential_state_reg[0]_replica/C (clocked by clk) and slc3/cpu/reg_file/reg_file_reg[5][13]/D (clocked by clk). Large setup violations at the end of those stages might be difficult to fix during the post-placement implementation flow and could be the result of non-optimal XDC constraints or non-optimal design architecture
Related violations: <none>

TIMING-16#122 Warning
Large setup violation  
There is a large setup violation of -9.688 ns between slc3/cpu/cpu_control/FSM_sequential_state_reg[0]_replica/C (clocked by clk) and slc3/cpu/reg_file/reg_file_reg[4][11]/D (clocked by clk). Large setup violations at the end of those stages might be difficult to fix during the post-placement implementation flow and could be the result of non-optimal XDC constraints or non-optimal design architecture
Related violations: <none>

TIMING-16#123 Warning
Large setup violation  
There is a large setup violation of -9.699 ns between slc3/cpu/cpu_control/FSM_sequential_state_reg[0]_replica/C (clocked by clk) and slc3/cpu/reg_file/reg_file_reg[6][13]/D (clocked by clk). Large setup violations at the end of those stages might be difficult to fix during the post-placement implementation flow and could be the result of non-optimal XDC constraints or non-optimal design architecture
Related violations: <none>

TIMING-16#124 Warning
Large setup violation  
There is a large setup violation of -9.702 ns between slc3/cpu/cpu_control/FSM_sequential_state_reg[0]_replica/C (clocked by clk) and slc3/cpu/mdr_reg/data_q_reg[13]/D (clocked by clk). Large setup violations at the end of those stages might be difficult to fix during the post-placement implementation flow and could be the result of non-optimal XDC constraints or non-optimal design architecture
Related violations: <none>

TIMING-16#125 Warning
Large setup violation  
There is a large setup violation of -9.702 ns between slc3/cpu/cpu_control/FSM_sequential_state_reg[0]_replica/C (clocked by clk) and slc3/cpu/reg_file/reg_file_reg[1][13]/D (clocked by clk). Large setup violations at the end of those stages might be difficult to fix during the post-placement implementation flow and could be the result of non-optimal XDC constraints or non-optimal design architecture
Related violations: <none>

TIMING-16#126 Warning
Large setup violation  
There is a large setup violation of -9.703 ns between slc3/cpu/cpu_control/FSM_sequential_state_reg[0]_replica/C (clocked by clk) and slc3/cpu/mdr_reg/data_q_reg[11]/D (clocked by clk). Large setup violations at the end of those stages might be difficult to fix during the post-placement implementation flow and could be the result of non-optimal XDC constraints or non-optimal design architecture
Related violations: <none>

TIMING-16#127 Warning
Large setup violation  
There is a large setup violation of -9.713 ns between slc3/cpu/cpu_control/FSM_sequential_state_reg[0]_replica/C (clocked by clk) and slc3/cpu/reg_file/reg_file_reg[2][11]/D (clocked by clk). Large setup violations at the end of those stages might be difficult to fix during the post-placement implementation flow and could be the result of non-optimal XDC constraints or non-optimal design architecture
Related violations: <none>

TIMING-16#128 Warning
Large setup violation  
There is a large setup violation of -9.714 ns between slc3/cpu/cpu_control/FSM_sequential_state_reg[0]_replica/C (clocked by clk) and slc3/cpu/reg_file/reg_file_reg[4][9]/D (clocked by clk). Large setup violations at the end of those stages might be difficult to fix during the post-placement implementation flow and could be the result of non-optimal XDC constraints or non-optimal design architecture
Related violations: <none>

TIMING-16#129 Warning
Large setup violation  
There is a large setup violation of -9.726 ns between slc3/cpu/cpu_control/FSM_sequential_state_reg[0]_replica/C (clocked by clk) and slc3/cpu/reg_file/reg_file_reg[6][14]/D (clocked by clk). Large setup violations at the end of those stages might be difficult to fix during the post-placement implementation flow and could be the result of non-optimal XDC constraints or non-optimal design architecture
Related violations: <none>

TIMING-16#130 Warning
Large setup violation  
There is a large setup violation of -9.726 ns between slc3/cpu/cpu_control/FSM_sequential_state_reg[0]_replica/C (clocked by clk) and slc3/cpu/reg_file/reg_file_reg[7][14]/D (clocked by clk). Large setup violations at the end of those stages might be difficult to fix during the post-placement implementation flow and could be the result of non-optimal XDC constraints or non-optimal design architecture
Related violations: <none>

TIMING-16#131 Warning
Large setup violation  
There is a large setup violation of -9.757 ns between slc3/cpu/cpu_control/FSM_sequential_state_reg[0]_replica/C (clocked by clk) and slc3/cpu/reg_file/reg_file_reg[2][9]/D (clocked by clk). Large setup violations at the end of those stages might be difficult to fix during the post-placement implementation flow and could be the result of non-optimal XDC constraints or non-optimal design architecture
Related violations: <none>

TIMING-16#132 Warning
Large setup violation  
There is a large setup violation of -9.771 ns between slc3/cpu/cpu_control/FSM_sequential_state_reg[0]_replica/C (clocked by clk) and slc3/cpu/reg_file/reg_file_reg[3][13]/D (clocked by clk). Large setup violations at the end of those stages might be difficult to fix during the post-placement implementation flow and could be the result of non-optimal XDC constraints or non-optimal design architecture
Related violations: <none>

TIMING-16#133 Warning
Large setup violation  
There is a large setup violation of -9.793 ns between slc3/cpu/cpu_control/FSM_sequential_state_reg[0]_replica/C (clocked by clk) and slc3/cpu/reg_file/reg_file_reg[5][11]/D (clocked by clk). Large setup violations at the end of those stages might be difficult to fix during the post-placement implementation flow and could be the result of non-optimal XDC constraints or non-optimal design architecture
Related violations: <none>

TIMING-16#134 Warning
Large setup violation  
There is a large setup violation of -9.794 ns between slc3/cpu/cpu_control/FSM_sequential_state_reg[0]_replica/C (clocked by clk) and slc3/cpu/reg_file/reg_file_reg[7][11]/D (clocked by clk). Large setup violations at the end of those stages might be difficult to fix during the post-placement implementation flow and could be the result of non-optimal XDC constraints or non-optimal design architecture
Related violations: <none>

TIMING-16#135 Warning
Large setup violation  
There is a large setup violation of -9.812 ns between slc3/cpu/cpu_control/FSM_sequential_state_reg[0]_replica/C (clocked by clk) and slc3/cpu/reg_file/reg_file_reg[7][13]/D (clocked by clk). Large setup violations at the end of those stages might be difficult to fix during the post-placement implementation flow and could be the result of non-optimal XDC constraints or non-optimal design architecture
Related violations: <none>

TIMING-16#136 Warning
Large setup violation  
There is a large setup violation of -9.819 ns between slc3/cpu/cpu_control/FSM_sequential_state_reg[0]_replica/C (clocked by clk) and slc3/cpu/ir_reg/data_q_reg[13]/D (clocked by clk). Large setup violations at the end of those stages might be difficult to fix during the post-placement implementation flow and could be the result of non-optimal XDC constraints or non-optimal design architecture
Related violations: <none>

TIMING-16#137 Warning
Large setup violation  
There is a large setup violation of -9.834 ns between slc3/cpu/cpu_control/FSM_sequential_state_reg[0]_replica/C (clocked by clk) and slc3/cpu/reg_file/reg_file_reg[1][10]/D (clocked by clk). Large setup violations at the end of those stages might be difficult to fix during the post-placement implementation flow and could be the result of non-optimal XDC constraints or non-optimal design architecture
Related violations: <none>

TIMING-16#138 Warning
Large setup violation  
There is a large setup violation of -9.845 ns between slc3/cpu/cpu_control/FSM_sequential_state_reg[0]_replica/C (clocked by clk) and slc3/cpu/reg_file/reg_file_reg[1][11]/D (clocked by clk). Large setup violations at the end of those stages might be difficult to fix during the post-placement implementation flow and could be the result of non-optimal XDC constraints or non-optimal design architecture
Related violations: <none>

TIMING-16#139 Warning
Large setup violation  
There is a large setup violation of -9.852 ns between slc3/cpu/cpu_control/FSM_sequential_state_reg[0]_replica/C (clocked by clk) and slc3/cpu/reg_file/reg_file_reg[3][11]/D (clocked by clk). Large setup violations at the end of those stages might be difficult to fix during the post-placement implementation flow and could be the result of non-optimal XDC constraints or non-optimal design architecture
Related violations: <none>

TIMING-16#140 Warning
Large setup violation  
There is a large setup violation of -9.857 ns between slc3/cpu/cpu_control/FSM_sequential_state_reg[0]_replica/C (clocked by clk) and slc3/cpu/reg_file/reg_file_reg[0][10]/D (clocked by clk). Large setup violations at the end of those stages might be difficult to fix during the post-placement implementation flow and could be the result of non-optimal XDC constraints or non-optimal design architecture
Related violations: <none>

TIMING-16#141 Warning
Large setup violation  
There is a large setup violation of -9.858 ns between slc3/cpu/cpu_control/FSM_sequential_state_reg[0]_replica/C (clocked by clk) and slc3/cpu/mar_reg/data_q_reg[9]/D (clocked by clk). Large setup violations at the end of those stages might be difficult to fix during the post-placement implementation flow and could be the result of non-optimal XDC constraints or non-optimal design architecture
Related violations: <none>

TIMING-16#142 Warning
Large setup violation  
There is a large setup violation of -9.864 ns between slc3/cpu/cpu_control/FSM_sequential_state_reg[0]_replica/C (clocked by clk) and slc3/cpu/reg_file/reg_file_reg[3][15]/D (clocked by clk). Large setup violations at the end of those stages might be difficult to fix during the post-placement implementation flow and could be the result of non-optimal XDC constraints or non-optimal design architecture
Related violations: <none>

TIMING-16#143 Warning
Large setup violation  
There is a large setup violation of -9.872 ns between slc3/cpu/cpu_control/FSM_sequential_state_reg[0]_replica/C (clocked by clk) and slc3/cpu/mar_reg/data_q_reg[11]/D (clocked by clk). Large setup violations at the end of those stages might be difficult to fix during the post-placement implementation flow and could be the result of non-optimal XDC constraints or non-optimal design architecture
Related violations: <none>

TIMING-16#144 Warning
Large setup violation  
There is a large setup violation of -9.884 ns between slc3/cpu/cpu_control/FSM_sequential_state_reg[0]_replica/C (clocked by clk) and slc3/cpu/reg_file/reg_file_reg[6][11]/D (clocked by clk). Large setup violations at the end of those stages might be difficult to fix during the post-placement implementation flow and could be the result of non-optimal XDC constraints or non-optimal design architecture
Related violations: <none>

TIMING-16#145 Warning
Large setup violation  
There is a large setup violation of -9.889 ns between slc3/cpu/cpu_control/FSM_sequential_state_reg[0]_replica/C (clocked by clk) and slc3/cpu/reg_file/reg_file_reg[5][7]/D (clocked by clk). Large setup violations at the end of those stages might be difficult to fix during the post-placement implementation flow and could be the result of non-optimal XDC constraints or non-optimal design architecture
Related violations: <none>

TIMING-16#146 Warning
Large setup violation  
There is a large setup violation of -9.894 ns between slc3/cpu/cpu_control/FSM_sequential_state_reg[0]_replica/C (clocked by clk) and slc3/cpu/reg_file/reg_file_reg[0][15]/D (clocked by clk). Large setup violations at the end of those stages might be difficult to fix during the post-placement implementation flow and could be the result of non-optimal XDC constraints or non-optimal design architecture
Related violations: <none>

TIMING-16#147 Warning
Large setup violation  
There is a large setup violation of -9.897 ns between slc3/cpu/cpu_control/FSM_sequential_state_reg[0]_replica/C (clocked by clk) and slc3/cpu/reg_file/reg_file_reg[6][15]/D (clocked by clk). Large setup violations at the end of those stages might be difficult to fix during the post-placement implementation flow and could be the result of non-optimal XDC constraints or non-optimal design architecture
Related violations: <none>

TIMING-16#148 Warning
Large setup violation  
There is a large setup violation of -9.910 ns between slc3/cpu/cpu_control/FSM_sequential_state_reg[0]_replica/C (clocked by clk) and slc3/cpu/reg_file/reg_file_reg[1][15]/D (clocked by clk). Large setup violations at the end of those stages might be difficult to fix during the post-placement implementation flow and could be the result of non-optimal XDC constraints or non-optimal design architecture
Related violations: <none>

TIMING-16#149 Warning
Large setup violation  
There is a large setup violation of -9.915 ns between slc3/cpu/cpu_control/FSM_sequential_state_reg[0]_replica/C (clocked by clk) and slc3/cpu/reg_file/reg_file_reg[0][14]/D (clocked by clk). Large setup violations at the end of those stages might be difficult to fix during the post-placement implementation flow and could be the result of non-optimal XDC constraints or non-optimal design architecture
Related violations: <none>

TIMING-16#150 Warning
Large setup violation  
There is a large setup violation of -9.924 ns between slc3/cpu/cpu_control/FSM_sequential_state_reg[0]_replica/C (clocked by clk) and slc3/cpu/ir_reg/data_q_reg[9]/D (clocked by clk). Large setup violations at the end of those stages might be difficult to fix during the post-placement implementation flow and could be the result of non-optimal XDC constraints or non-optimal design architecture
Related violations: <none>

TIMING-16#151 Warning
Large setup violation  
There is a large setup violation of -9.942 ns between slc3/cpu/cpu_control/FSM_sequential_state_reg[0]_replica/C (clocked by clk) and slc3/cpu/ir_reg/data_q_reg[14]/D (clocked by clk). Large setup violations at the end of those stages might be difficult to fix during the post-placement implementation flow and could be the result of non-optimal XDC constraints or non-optimal design architecture
Related violations: <none>

TIMING-16#152 Warning
Large setup violation  
There is a large setup violation of -9.946 ns between slc3/cpu/cpu_control/FSM_sequential_state_reg[0]_replica/C (clocked by clk) and slc3/cpu/reg_file/reg_file_reg[4][7]/D (clocked by clk). Large setup violations at the end of those stages might be difficult to fix during the post-placement implementation flow and could be the result of non-optimal XDC constraints or non-optimal design architecture
Related violations: <none>

TIMING-16#153 Warning
Large setup violation  
There is a large setup violation of -9.948 ns between slc3/cpu/cpu_control/FSM_sequential_state_reg[0]_replica/C (clocked by clk) and slc3/cpu/reg_file/reg_file_reg[3][14]/D (clocked by clk). Large setup violations at the end of those stages might be difficult to fix during the post-placement implementation flow and could be the result of non-optimal XDC constraints or non-optimal design architecture
Related violations: <none>

TIMING-16#154 Warning
Large setup violation  
There is a large setup violation of -9.951 ns between slc3/cpu/cpu_control/FSM_sequential_state_reg[0]_replica/C (clocked by clk) and slc3/cpu/reg_file/reg_file_reg[0][7]/D (clocked by clk). Large setup violations at the end of those stages might be difficult to fix during the post-placement implementation flow and could be the result of non-optimal XDC constraints or non-optimal design architecture
Related violations: <none>

TIMING-16#155 Warning
Large setup violation  
There is a large setup violation of -9.962 ns between slc3/cpu/cpu_control/FSM_sequential_state_reg[0]_replica/C (clocked by clk) and slc3/cpu/reg_file/reg_file_reg[3][10]/D (clocked by clk). Large setup violations at the end of those stages might be difficult to fix during the post-placement implementation flow and could be the result of non-optimal XDC constraints or non-optimal design architecture
Related violations: <none>

TIMING-16#156 Warning
Large setup violation  
There is a large setup violation of -9.967 ns between slc3/cpu/cpu_control/FSM_sequential_state_reg[0]_replica/C (clocked by clk) and slc3/cpu/reg_file/reg_file_reg[3][7]/D (clocked by clk). Large setup violations at the end of those stages might be difficult to fix during the post-placement implementation flow and could be the result of non-optimal XDC constraints or non-optimal design architecture
Related violations: <none>

TIMING-16#157 Warning
Large setup violation  
There is a large setup violation of -9.967 ns between slc3/cpu/cpu_control/FSM_sequential_state_reg[0]_replica/C (clocked by clk) and slc3/cpu/reg_file/reg_file_reg[5][12]/D (clocked by clk). Large setup violations at the end of those stages might be difficult to fix during the post-placement implementation flow and could be the result of non-optimal XDC constraints or non-optimal design architecture
Related violations: <none>

TIMING-16#158 Warning
Large setup violation  
There is a large setup violation of -9.972 ns between slc3/cpu/cpu_control/FSM_sequential_state_reg[0]_replica/C (clocked by clk) and slc3/cpu/reg_file/reg_file_reg[1][7]/D (clocked by clk). Large setup violations at the end of those stages might be difficult to fix during the post-placement implementation flow and could be the result of non-optimal XDC constraints or non-optimal design architecture
Related violations: <none>

TIMING-16#159 Warning
Large setup violation  
There is a large setup violation of -9.976 ns between slc3/cpu/cpu_control/FSM_sequential_state_reg[0]_replica/C (clocked by clk) and slc3/cpu/reg_file/reg_file_reg[7][7]/D (clocked by clk). Large setup violations at the end of those stages might be difficult to fix during the post-placement implementation flow and could be the result of non-optimal XDC constraints or non-optimal design architecture
Related violations: <none>

TIMING-16#160 Warning
Large setup violation  
There is a large setup violation of -9.980 ns between slc3/cpu/cpu_control/FSM_sequential_state_reg[0]_replica/C (clocked by clk) and slc3/cpu/mar_reg/data_q_reg[15]/D (clocked by clk). Large setup violations at the end of those stages might be difficult to fix during the post-placement implementation flow and could be the result of non-optimal XDC constraints or non-optimal design architecture
Related violations: <none>

TIMING-16#161 Warning
Large setup violation  
There is a large setup violation of -9.980 ns between slc3/cpu/cpu_control/FSM_sequential_state_reg[0]_replica/C (clocked by clk) and slc3/cpu/reg_file/reg_file_reg[6][10]/D (clocked by clk). Large setup violations at the end of those stages might be difficult to fix during the post-placement implementation flow and could be the result of non-optimal XDC constraints or non-optimal design architecture
Related violations: <none>

TIMING-16#162 Warning
Large setup violation  
There is a large setup violation of -9.986 ns between slc3/cpu/cpu_control/FSM_sequential_state_reg[0]_replica/C (clocked by clk) and slc3/cpu/reg_file/reg_file_reg[2][10]/D (clocked by clk). Large setup violations at the end of those stages might be difficult to fix during the post-placement implementation flow and could be the result of non-optimal XDC constraints or non-optimal design architecture
Related violations: <none>

TIMING-16#163 Warning
Large setup violation  
There is a large setup violation of -9.998 ns between slc3/cpu/cpu_control/FSM_sequential_state_reg[0]_replica/C (clocked by clk) and slc3/cpu/ir_reg/data_q_reg[14]_lopt_replica/D (clocked by clk). Large setup violations at the end of those stages might be difficult to fix during the post-placement implementation flow and could be the result of non-optimal XDC constraints or non-optimal design architecture
Related violations: <none>

TIMING-18#1 Warning
Missing input or output delay  
An input delay is missing on continue_i relative to clock(s) clk
Related violations: <none>

TIMING-18#2 Warning
Missing input or output delay  
An input delay is missing on reset relative to clock(s) clk
Related violations: <none>

TIMING-18#3 Warning
Missing input or output delay  
An input delay is missing on run_i relative to clock(s) clk
Related violations: <none>

TIMING-18#4 Warning
Missing input or output delay  
An input delay is missing on sw_i[0] relative to clock(s) clk
Related violations: <none>

TIMING-18#5 Warning
Missing input or output delay  
An input delay is missing on sw_i[10] relative to clock(s) clk
Related violations: <none>

TIMING-18#6 Warning
Missing input or output delay  
An input delay is missing on sw_i[11] relative to clock(s) clk
Related violations: <none>

TIMING-18#7 Warning
Missing input or output delay  
An input delay is missing on sw_i[12] relative to clock(s) clk
Related violations: <none>

TIMING-18#8 Warning
Missing input or output delay  
An input delay is missing on sw_i[13] relative to clock(s) clk
Related violations: <none>

TIMING-18#9 Warning
Missing input or output delay  
An input delay is missing on sw_i[14] relative to clock(s) clk
Related violations: <none>

TIMING-18#10 Warning
Missing input or output delay  
An input delay is missing on sw_i[15] relative to clock(s) clk
Related violations: <none>

TIMING-18#11 Warning
Missing input or output delay  
An input delay is missing on sw_i[1] relative to clock(s) clk
Related violations: <none>

TIMING-18#12 Warning
Missing input or output delay  
An input delay is missing on sw_i[2] relative to clock(s) clk
Related violations: <none>

TIMING-18#13 Warning
Missing input or output delay  
An input delay is missing on sw_i[3] relative to clock(s) clk
Related violations: <none>

TIMING-18#14 Warning
Missing input or output delay  
An input delay is missing on sw_i[4] relative to clock(s) clk
Related violations: <none>

TIMING-18#15 Warning
Missing input or output delay  
An input delay is missing on sw_i[5] relative to clock(s) clk
Related violations: <none>

TIMING-18#16 Warning
Missing input or output delay  
An input delay is missing on sw_i[6] relative to clock(s) clk
Related violations: <none>

TIMING-18#17 Warning
Missing input or output delay  
An input delay is missing on sw_i[7] relative to clock(s) clk
Related violations: <none>

TIMING-18#18 Warning
Missing input or output delay  
An input delay is missing on sw_i[8] relative to clock(s) clk
Related violations: <none>

TIMING-18#19 Warning
Missing input or output delay  
An input delay is missing on sw_i[9] relative to clock(s) clk
Related violations: <none>

TIMING-18#20 Warning
Missing input or output delay  
An output delay is missing on hex_grid_left[0] relative to clock(s) clk
Related violations: <none>

TIMING-18#21 Warning
Missing input or output delay  
An output delay is missing on hex_grid_left[1] relative to clock(s) clk
Related violations: <none>

TIMING-18#22 Warning
Missing input or output delay  
An output delay is missing on hex_grid_left[2] relative to clock(s) clk
Related violations: <none>

TIMING-18#23 Warning
Missing input or output delay  
An output delay is missing on hex_grid_left[3] relative to clock(s) clk
Related violations: <none>

TIMING-18#24 Warning
Missing input or output delay  
An output delay is missing on hex_grid_right[0] relative to clock(s) clk
Related violations: <none>

TIMING-18#25 Warning
Missing input or output delay  
An output delay is missing on hex_grid_right[1] relative to clock(s) clk
Related violations: <none>

TIMING-18#26 Warning
Missing input or output delay  
An output delay is missing on hex_grid_right[2] relative to clock(s) clk
Related violations: <none>

TIMING-18#27 Warning
Missing input or output delay  
An output delay is missing on hex_grid_right[3] relative to clock(s) clk
Related violations: <none>

TIMING-18#28 Warning
Missing input or output delay  
An output delay is missing on hex_seg_left[0] relative to clock(s) clk
Related violations: <none>

TIMING-18#29 Warning
Missing input or output delay  
An output delay is missing on hex_seg_left[1] relative to clock(s) clk
Related violations: <none>

TIMING-18#30 Warning
Missing input or output delay  
An output delay is missing on hex_seg_left[2] relative to clock(s) clk
Related violations: <none>

TIMING-18#31 Warning
Missing input or output delay  
An output delay is missing on hex_seg_left[3] relative to clock(s) clk
Related violations: <none>

TIMING-18#32 Warning
Missing input or output delay  
An output delay is missing on hex_seg_left[4] relative to clock(s) clk
Related violations: <none>

TIMING-18#33 Warning
Missing input or output delay  
An output delay is missing on hex_seg_left[5] relative to clock(s) clk
Related violations: <none>

TIMING-18#34 Warning
Missing input or output delay  
An output delay is missing on hex_seg_left[6] relative to clock(s) clk
Related violations: <none>

TIMING-18#35 Warning
Missing input or output delay  
An output delay is missing on hex_seg_left[7] relative to clock(s) clk
Related violations: <none>

TIMING-18#36 Warning
Missing input or output delay  
An output delay is missing on hex_seg_right[0] relative to clock(s) clk
Related violations: <none>

TIMING-18#37 Warning
Missing input or output delay  
An output delay is missing on hex_seg_right[1] relative to clock(s) clk
Related violations: <none>

TIMING-18#38 Warning
Missing input or output delay  
An output delay is missing on hex_seg_right[2] relative to clock(s) clk
Related violations: <none>

TIMING-18#39 Warning
Missing input or output delay  
An output delay is missing on hex_seg_right[3] relative to clock(s) clk
Related violations: <none>

TIMING-18#40 Warning
Missing input or output delay  
An output delay is missing on hex_seg_right[4] relative to clock(s) clk
Related violations: <none>

TIMING-18#41 Warning
Missing input or output delay  
An output delay is missing on hex_seg_right[5] relative to clock(s) clk
Related violations: <none>

TIMING-18#42 Warning
Missing input or output delay  
An output delay is missing on hex_seg_right[6] relative to clock(s) clk
Related violations: <none>

TIMING-18#43 Warning
Missing input or output delay  
An output delay is missing on hex_seg_right[7] relative to clock(s) clk
Related violations: <none>

TIMING-18#44 Warning
Missing input or output delay  
An output delay is missing on led_o[0] relative to clock(s) clk
Related violations: <none>

TIMING-18#45 Warning
Missing input or output delay  
An output delay is missing on led_o[10] relative to clock(s) clk
Related violations: <none>

TIMING-18#46 Warning
Missing input or output delay  
An output delay is missing on led_o[11] relative to clock(s) clk
Related violations: <none>

TIMING-18#47 Warning
Missing input or output delay  
An output delay is missing on led_o[12] relative to clock(s) clk
Related violations: <none>

TIMING-18#48 Warning
Missing input or output delay  
An output delay is missing on led_o[13] relative to clock(s) clk
Related violations: <none>

TIMING-18#49 Warning
Missing input or output delay  
An output delay is missing on led_o[14] relative to clock(s) clk
Related violations: <none>

TIMING-18#50 Warning
Missing input or output delay  
An output delay is missing on led_o[15] relative to clock(s) clk
Related violations: <none>

TIMING-18#51 Warning
Missing input or output delay  
An output delay is missing on led_o[1] relative to clock(s) clk
Related violations: <none>

TIMING-18#52 Warning
Missing input or output delay  
An output delay is missing on led_o[2] relative to clock(s) clk
Related violations: <none>

TIMING-18#53 Warning
Missing input or output delay  
An output delay is missing on led_o[3] relative to clock(s) clk
Related violations: <none>

TIMING-18#54 Warning
Missing input or output delay  
An output delay is missing on led_o[4] relative to clock(s) clk
Related violations: <none>

TIMING-18#55 Warning
Missing input or output delay  
An output delay is missing on led_o[5] relative to clock(s) clk
Related violations: <none>

TIMING-18#56 Warning
Missing input or output delay  
An output delay is missing on led_o[6] relative to clock(s) clk
Related violations: <none>

TIMING-18#57 Warning
Missing input or output delay  
An output delay is missing on led_o[7] relative to clock(s) clk
Related violations: <none>

TIMING-18#58 Warning
Missing input or output delay  
An output delay is missing on led_o[8] relative to clock(s) clk
Related violations: <none>

TIMING-18#59 Warning
Missing input or output delay  
An output delay is missing on led_o[9] relative to clock(s) clk
Related violations: <none>

TIMING-20#1 Warning
Non-clocked latch  
The latch slc3/cpu/cpu_control/mio_en_reg cannot be properly analyzed as its control pin slc3/cpu/cpu_control/mio_en_reg/G is not reached by a timing clock
Related violations: <none>

TIMING-23#1 Warning
Combinational loop found  
A timing loop has been detected on a combinational path. A timing arc has been disabled between slc3/cpu/cpu_control/reg_file[0][0]_i_5/I0 and slc3/cpu/cpu_control/reg_file[0][0]_i_5/O to disable the timing loop
Related violations: <none>

LATCH-1#1 Advisory
Existing latches in the design  
There are 1 latches found in the design. Inferred latches are often the result of HDL coding mistakes, such as incomplete if or case statements.
Related violations: <none>


