
*** Running vivado
    with args -log processor_top.vds -m64 -product Vivado -mode batch -messageDb vivado.pb -notrace -source processor_top.tcl



****** Vivado v2022.2 (64-bit)
  **** SW Build 3671981 on Fri Oct 14 05:00:03 MDT 2022
  **** IP Build 3669848 on Fri Oct 14 08:30:02 MDT 2022
    ** Copyright 1986-2022 Xilinx, Inc. All Rights Reserved.

source processor_top.tcl -notrace
Command: read_checkpoint -auto_incremental -incremental C:/Users/Warre/lab5.2/lab5.2.srcs/utils_1/imports/synth_1/processor_top.dcp
INFO: [Vivado 12-5825] Read reference checkpoint from C:/Users/Warre/lab5.2/lab5.2.srcs/utils_1/imports/synth_1/processor_top.dcp for incremental synthesis
INFO: [Vivado 12-7989] Please ensure there are no constraint changes
Command: synth_design -top processor_top -part xc7s50csga324-1
Starting synth_design
Attempting to get a license for feature 'Synthesis' and/or device 'xc7s50'
INFO: [Common 17-349] Got license for feature 'Synthesis' and/or device 'xc7s50'
INFO: [Device 21-403] Loading part xc7s50csga324-1
INFO: [Designutils 20-5440] No compile time benefit to using incremental synthesis; A full resynthesis will be run
INFO: [Designutils 20-4379] Flow is switching to default flow due to incremental criteria not met. If you would like to alter this behaviour and have the flow terminate instead, please set the following parameter config_implementation {autoIncr.Synth.RejectBehavior Terminate}
INFO: [Synth 8-7079] Multithreading enabled for synth_design using a maximum of 2 processes.
INFO: [Synth 8-7078] Launching helper process for spawning children vivado processes
INFO: [Synth 8-7075] Helper process launched with PID 10924
INFO: [Synth 8-11241] undeclared symbol 'REGCCE', assumed default net type 'wire' [C:/Xilinx/Vivado/2022.2/data/verilog/src/unimacro/BRAM_SINGLE_MACRO.v:2170]
WARNING: [Synth 8-11067] parameter 'NO_OP' declared inside package 'SLC3_TYPES' shall be treated as localparam [C:/Users/Warre/lab5.2/lab5.2.srcs/sources_1/imports/srcs/types.sv:58]
WARNING: [Synth 8-11067] parameter 'outHEX' declared inside package 'SLC3_TYPES' shall be treated as localparam [C:/Users/Warre/lab5.2/lab5.2.srcs/sources_1/imports/srcs/types.sv:88]
WARNING: [Synth 8-11067] parameter 'inSW' declared inside package 'SLC3_TYPES' shall be treated as localparam [C:/Users/Warre/lab5.2/lab5.2.srcs/sources_1/imports/srcs/types.sv:89]
---------------------------------------------------------------------------------
Starting RTL Elaboration : Time (s): cpu = 00:00:01 ; elapsed = 00:00:03 . Memory (MB): peak = 1187.348 ; gain = 409.137
---------------------------------------------------------------------------------
INFO: [Synth 8-6157] synthesizing module 'processor_top' [C:/Users/Warre/lab5.2/lab5.2.srcs/sources_1/imports/srcs/processor_top.sv:3]
INFO: [Synth 8-6157] synthesizing module 'sync_debounce' [C:/Users/Warre/lab5.2/lab5.2.srcs/sources_1/imports/srcs/sync.sv:9]
INFO: [Synth 8-6155] done synthesizing module 'sync_debounce' (0#1) [C:/Users/Warre/lab5.2/lab5.2.srcs/sources_1/imports/srcs/sync.sv:9]
INFO: [Synth 8-6157] synthesizing module 'sync_flop' [C:/Users/Warre/lab5.2/lab5.2.srcs/sources_1/imports/srcs/sync.sv:39]
INFO: [Synth 8-6155] done synthesizing module 'sync_flop' (0#1) [C:/Users/Warre/lab5.2/lab5.2.srcs/sources_1/imports/srcs/sync.sv:39]
INFO: [Synth 8-6157] synthesizing module 'slc3' [C:/Users/Warre/lab5.2/lab5.2.srcs/sources_1/imports/srcs/slc3.sv:23]
INFO: [Synth 8-6157] synthesizing module 'cpu' [C:/Users/Warre/lab5.2/lab5.2.srcs/sources_1/imports/srcs/cpu.sv:23]
INFO: [Synth 8-6157] synthesizing module 'control' [C:/Users/Warre/lab5.2/lab5.2.srcs/sources_1/imports/srcs/control.sv:26]
INFO: [Synth 8-294] found qualifier unique on case statement: implementing as parallel_case [C:/Users/Warre/lab5.2/lab5.2.srcs/sources_1/imports/srcs/control.sv:288]
INFO: [Synth 8-6155] done synthesizing module 'control' (0#1) [C:/Users/Warre/lab5.2/lab5.2.srcs/sources_1/imports/srcs/control.sv:26]
INFO: [Synth 8-6157] synthesizing module 'pcmux' [C:/Users/Warre/lab5.2/lab5.2.srcs/sources_1/new/mux.sv:22]
INFO: [Synth 8-294] found qualifier unique on case statement: implementing as parallel_case [C:/Users/Warre/lab5.2/lab5.2.srcs/sources_1/new/mux.sv:30]
INFO: [Synth 8-6155] done synthesizing module 'pcmux' (0#1) [C:/Users/Warre/lab5.2/lab5.2.srcs/sources_1/new/mux.sv:22]
INFO: [Synth 8-6157] synthesizing module 'sr1mux' [C:/Users/Warre/lab5.2/lab5.2.srcs/sources_1/new/mux.sv:40]
INFO: [Synth 8-294] found qualifier unique on case statement: implementing as parallel_case [C:/Users/Warre/lab5.2/lab5.2.srcs/sources_1/new/mux.sv:48]
INFO: [Synth 8-6155] done synthesizing module 'sr1mux' (0#1) [C:/Users/Warre/lab5.2/lab5.2.srcs/sources_1/new/mux.sv:40]
INFO: [Synth 8-6157] synthesizing module 'sr2mux' [C:/Users/Warre/lab5.2/lab5.2.srcs/sources_1/new/mux.sv:55]
INFO: [Synth 8-294] found qualifier unique on case statement: implementing as parallel_case [C:/Users/Warre/lab5.2/lab5.2.srcs/sources_1/new/mux.sv:74]
INFO: [Synth 8-226] default block is never used [C:/Users/Warre/lab5.2/lab5.2.srcs/sources_1/new/mux.sv:74]
INFO: [Synth 8-6155] done synthesizing module 'sr2mux' (0#1) [C:/Users/Warre/lab5.2/lab5.2.srcs/sources_1/new/mux.sv:55]
INFO: [Synth 8-6157] synthesizing module 'drmux' [C:/Users/Warre/lab5.2/lab5.2.srcs/sources_1/new/mux.sv:83]
INFO: [Synth 8-294] found qualifier unique on case statement: implementing as parallel_case [C:/Users/Warre/lab5.2/lab5.2.srcs/sources_1/new/mux.sv:91]
INFO: [Synth 8-6155] done synthesizing module 'drmux' (0#1) [C:/Users/Warre/lab5.2/lab5.2.srcs/sources_1/new/mux.sv:83]
INFO: [Synth 8-6157] synthesizing module 'addr1mux' [C:/Users/Warre/lab5.2/lab5.2.srcs/sources_1/new/mux.sv:100]
INFO: [Synth 8-294] found qualifier unique on case statement: implementing as parallel_case [C:/Users/Warre/lab5.2/lab5.2.srcs/sources_1/new/mux.sv:106]
INFO: [Synth 8-226] default block is never used [C:/Users/Warre/lab5.2/lab5.2.srcs/sources_1/new/mux.sv:106]
INFO: [Synth 8-6155] done synthesizing module 'addr1mux' (0#1) [C:/Users/Warre/lab5.2/lab5.2.srcs/sources_1/new/mux.sv:100]
INFO: [Synth 8-6157] synthesizing module 'addr2mux' [C:/Users/Warre/lab5.2/lab5.2.srcs/sources_1/new/mux.sv:117]
INFO: [Synth 8-294] found qualifier unique on case statement: implementing as parallel_case [C:/Users/Warre/lab5.2/lab5.2.srcs/sources_1/new/mux.sv:146]
INFO: [Synth 8-226] default block is never used [C:/Users/Warre/lab5.2/lab5.2.srcs/sources_1/new/mux.sv:146]
INFO: [Synth 8-6155] done synthesizing module 'addr2mux' (0#1) [C:/Users/Warre/lab5.2/lab5.2.srcs/sources_1/new/mux.sv:117]
INFO: [Synth 8-6157] synthesizing module 'busmux' [C:/Users/Warre/lab5.2/lab5.2.srcs/sources_1/new/mux.sv:158]
INFO: [Synth 8-294] found qualifier unique on case statement: implementing as parallel_case [C:/Users/Warre/lab5.2/lab5.2.srcs/sources_1/new/mux.sv:169]
INFO: [Synth 8-6155] done synthesizing module 'busmux' (0#1) [C:/Users/Warre/lab5.2/lab5.2.srcs/sources_1/new/mux.sv:158]
INFO: [Synth 8-6157] synthesizing module 'mdrmux' [C:/Users/Warre/lab5.2/lab5.2.srcs/sources_1/new/mux.sv:182]
INFO: [Synth 8-6155] done synthesizing module 'mdrmux' (0#1) [C:/Users/Warre/lab5.2/lab5.2.srcs/sources_1/new/mux.sv:182]
INFO: [Synth 8-6157] synthesizing module 'register_unit' [C:/Users/Warre/lab5.2/lab5.2.srcs/sources_1/new/register_unit.sv:1]
INFO: [Synth 8-6155] done synthesizing module 'register_unit' (0#1) [C:/Users/Warre/lab5.2/lab5.2.srcs/sources_1/new/register_unit.sv:1]
INFO: [Synth 8-6157] synthesizing module 'alu' [C:/Users/Warre/lab5.2/lab5.2.srcs/sources_1/new/alu.sv:1]
INFO: [Synth 8-6155] done synthesizing module 'alu' (0#1) [C:/Users/Warre/lab5.2/lab5.2.srcs/sources_1/new/alu.sv:1]
INFO: [Synth 8-6157] synthesizing module 'load_reg' [C:/Users/Warre/lab5.2/lab5.2.srcs/sources_1/imports/srcs/load_reg.sv:1]
	Parameter DATA_WIDTH bound to: 16 - type: integer 
INFO: [Synth 8-6155] done synthesizing module 'load_reg' (0#1) [C:/Users/Warre/lab5.2/lab5.2.srcs/sources_1/imports/srcs/load_reg.sv:1]
INFO: [Synth 8-6157] synthesizing module 'br_en' [C:/Users/Warre/lab5.2/lab5.2.srcs/sources_1/new/ben.sv:23]
INFO: [Synth 8-6155] done synthesizing module 'br_en' (0#1) [C:/Users/Warre/lab5.2/lab5.2.srcs/sources_1/new/ben.sv:23]
INFO: [Synth 8-6155] done synthesizing module 'cpu' (0#1) [C:/Users/Warre/lab5.2/lab5.2.srcs/sources_1/imports/srcs/cpu.sv:23]
INFO: [Synth 8-6157] synthesizing module 'cpu_to_io' [C:/Users/Warre/lab5.2/lab5.2.srcs/sources_1/imports/srcs/cpu_to_io.sv:1]
INFO: [Synth 8-6157] synthesizing module 'hex_driver' [C:/Users/Warre/lab5.2/lab5.2.srcs/sources_1/imports/srcs/hex_driver.sv:1]
INFO: [Synth 8-6157] synthesizing module 'nibble_to_hex' [C:/Users/Warre/lab5.2/lab5.2.srcs/sources_1/imports/srcs/hex_driver.sv:11]
INFO: [Synth 8-6155] done synthesizing module 'nibble_to_hex' (0#1) [C:/Users/Warre/lab5.2/lab5.2.srcs/sources_1/imports/srcs/hex_driver.sv:11]
INFO: [Synth 8-6157] synthesizing module 'nibble_to_hex' [C:/Users/Warre/lab5.2/lab5.2.srcs/sources_1/imports/srcs/hex_driver.sv:11]
INFO: [Synth 8-6155] done synthesizing module 'nibble_to_hex' (0#1) [C:/Users/Warre/lab5.2/lab5.2.srcs/sources_1/imports/srcs/hex_driver.sv:11]
INFO: [Synth 8-6157] synthesizing module 'nibble_to_hex' [C:/Users/Warre/lab5.2/lab5.2.srcs/sources_1/imports/srcs/hex_driver.sv:11]
INFO: [Synth 8-6155] done synthesizing module 'nibble_to_hex' (0#1) [C:/Users/Warre/lab5.2/lab5.2.srcs/sources_1/imports/srcs/hex_driver.sv:11]
INFO: [Synth 8-6157] synthesizing module 'nibble_to_hex' [C:/Users/Warre/lab5.2/lab5.2.srcs/sources_1/imports/srcs/hex_driver.sv:11]
INFO: [Synth 8-6155] done synthesizing module 'nibble_to_hex' (0#1) [C:/Users/Warre/lab5.2/lab5.2.srcs/sources_1/imports/srcs/hex_driver.sv:11]
INFO: [Synth 8-6155] done synthesizing module 'hex_driver' (0#1) [C:/Users/Warre/lab5.2/lab5.2.srcs/sources_1/imports/srcs/hex_driver.sv:1]
INFO: [Synth 8-6155] done synthesizing module 'cpu_to_io' (0#1) [C:/Users/Warre/lab5.2/lab5.2.srcs/sources_1/imports/srcs/cpu_to_io.sv:1]
INFO: [Synth 8-6155] done synthesizing module 'slc3' (0#1) [C:/Users/Warre/lab5.2/lab5.2.srcs/sources_1/imports/srcs/slc3.sv:23]
INFO: [Synth 8-6157] synthesizing module 'memory' [C:/Users/Warre/lab5.2/lab5.2.srcs/sources_1/imports/srcs/memory.sv:3]
INFO: [Synth 8-6157] synthesizing module 'instantiate_ram' [C:/Users/Warre/lab5.2/lab5.2.srcs/sources_1/imports/srcs/instantiate_ram.sv:18]
INFO: [Synth 8-294] found qualifier unique on case statement: implementing as parallel_case [C:/Users/Warre/lab5.2/lab5.2.srcs/sources_1/imports/srcs/types.sv:218]
INFO: [Synth 8-6155] done synthesizing module 'instantiate_ram' (0#1) [C:/Users/Warre/lab5.2/lab5.2.srcs/sources_1/imports/srcs/instantiate_ram.sv:18]
INFO: [Synth 8-6157] synthesizing module 'blk_mem_gen_0' [C:/Users/Warre/lab5.2/lab5.2.runs/synth_1/.Xil/Vivado-9140-Elinnation/realtime/blk_mem_gen_0_stub.v:5]
INFO: [Synth 8-6155] done synthesizing module 'blk_mem_gen_0' (0#1) [C:/Users/Warre/lab5.2/lab5.2.runs/synth_1/.Xil/Vivado-9140-Elinnation/realtime/blk_mem_gen_0_stub.v:5]
INFO: [Synth 8-6155] done synthesizing module 'memory' (0#1) [C:/Users/Warre/lab5.2/lab5.2.srcs/sources_1/imports/srcs/memory.sv:3]
INFO: [Synth 8-6155] done synthesizing module 'processor_top' (0#1) [C:/Users/Warre/lab5.2/lab5.2.srcs/sources_1/imports/srcs/processor_top.sv:3]
WARNING: [Synth 8-87] always_comb on 'mio_en_reg' did not result in combinational logic [C:/Users/Warre/lab5.2/lab5.2.srcs/sources_1/imports/srcs/control.sv:158]
WARNING: [Synth 8-7129] Port ir[8] in module br_en is either unconnected or has no load
WARNING: [Synth 8-7129] Port ir[7] in module br_en is either unconnected or has no load
WARNING: [Synth 8-7129] Port ir[6] in module br_en is either unconnected or has no load
WARNING: [Synth 8-7129] Port ir[5] in module br_en is either unconnected or has no load
WARNING: [Synth 8-7129] Port ir[4] in module br_en is either unconnected or has no load
WARNING: [Synth 8-7129] Port ir[3] in module br_en is either unconnected or has no load
WARNING: [Synth 8-7129] Port ir[2] in module br_en is either unconnected or has no load
WARNING: [Synth 8-7129] Port ir[1] in module br_en is either unconnected or has no load
WARNING: [Synth 8-7129] Port ir[0] in module br_en is either unconnected or has no load
WARNING: [Synth 8-7129] Port ir[15] in module addr2mux is either unconnected or has no load
WARNING: [Synth 8-7129] Port ir[14] in module addr2mux is either unconnected or has no load
WARNING: [Synth 8-7129] Port ir[13] in module addr2mux is either unconnected or has no load
WARNING: [Synth 8-7129] Port ir[12] in module addr2mux is either unconnected or has no load
WARNING: [Synth 8-7129] Port ir[11] in module addr2mux is either unconnected or has no load
WARNING: [Synth 8-7129] Port ir[15] in module drmux is either unconnected or has no load
WARNING: [Synth 8-7129] Port ir[14] in module drmux is either unconnected or has no load
WARNING: [Synth 8-7129] Port ir[13] in module drmux is either unconnected or has no load
WARNING: [Synth 8-7129] Port ir[12] in module drmux is either unconnected or has no load
WARNING: [Synth 8-7129] Port ir[8] in module drmux is either unconnected or has no load
WARNING: [Synth 8-7129] Port ir[7] in module drmux is either unconnected or has no load
WARNING: [Synth 8-7129] Port ir[6] in module drmux is either unconnected or has no load
WARNING: [Synth 8-7129] Port ir[5] in module drmux is either unconnected or has no load
WARNING: [Synth 8-7129] Port ir[4] in module drmux is either unconnected or has no load
WARNING: [Synth 8-7129] Port ir[3] in module drmux is either unconnected or has no load
WARNING: [Synth 8-7129] Port ir[2] in module drmux is either unconnected or has no load
WARNING: [Synth 8-7129] Port ir[1] in module drmux is either unconnected or has no load
WARNING: [Synth 8-7129] Port ir[0] in module drmux is either unconnected or has no load
WARNING: [Synth 8-7129] Port ir[15] in module sr2mux is either unconnected or has no load
WARNING: [Synth 8-7129] Port ir[14] in module sr2mux is either unconnected or has no load
WARNING: [Synth 8-7129] Port ir[13] in module sr2mux is either unconnected or has no load
WARNING: [Synth 8-7129] Port ir[12] in module sr2mux is either unconnected or has no load
WARNING: [Synth 8-7129] Port ir[11] in module sr2mux is either unconnected or has no load
WARNING: [Synth 8-7129] Port ir[10] in module sr2mux is either unconnected or has no load
WARNING: [Synth 8-7129] Port ir[9] in module sr2mux is either unconnected or has no load
WARNING: [Synth 8-7129] Port ir[8] in module sr2mux is either unconnected or has no load
WARNING: [Synth 8-7129] Port ir[7] in module sr2mux is either unconnected or has no load
WARNING: [Synth 8-7129] Port ir[6] in module sr2mux is either unconnected or has no load
WARNING: [Synth 8-7129] Port ir[5] in module sr2mux is either unconnected or has no load
WARNING: [Synth 8-7129] Port ir[15] in module sr1mux is either unconnected or has no load
WARNING: [Synth 8-7129] Port ir[14] in module sr1mux is either unconnected or has no load
WARNING: [Synth 8-7129] Port ir[13] in module sr1mux is either unconnected or has no load
WARNING: [Synth 8-7129] Port ir[12] in module sr1mux is either unconnected or has no load
WARNING: [Synth 8-7129] Port ir[5] in module sr1mux is either unconnected or has no load
WARNING: [Synth 8-7129] Port ir[4] in module sr1mux is either unconnected or has no load
WARNING: [Synth 8-7129] Port ir[3] in module sr1mux is either unconnected or has no load
WARNING: [Synth 8-7129] Port ir[2] in module sr1mux is either unconnected or has no load
WARNING: [Synth 8-7129] Port ir[1] in module sr1mux is either unconnected or has no load
WARNING: [Synth 8-7129] Port ir[0] in module sr1mux is either unconnected or has no load
WARNING: [Synth 8-7129] Port ir[11] in module control is either unconnected or has no load
WARNING: [Synth 8-7129] Port ir[10] in module control is either unconnected or has no load
WARNING: [Synth 8-7129] Port ir[9] in module control is either unconnected or has no load
WARNING: [Synth 8-7129] Port ir[8] in module control is either unconnected or has no load
WARNING: [Synth 8-7129] Port ir[7] in module control is either unconnected or has no load
WARNING: [Synth 8-7129] Port ir[6] in module control is either unconnected or has no load
WARNING: [Synth 8-7129] Port ir[4] in module control is either unconnected or has no load
WARNING: [Synth 8-7129] Port ir[3] in module control is either unconnected or has no load
WARNING: [Synth 8-7129] Port ir[2] in module control is either unconnected or has no load
WARNING: [Synth 8-7129] Port ir[1] in module control is either unconnected or has no load
WARNING: [Synth 8-7129] Port ir[0] in module control is either unconnected or has no load
---------------------------------------------------------------------------------
Finished RTL Elaboration : Time (s): cpu = 00:00:01 ; elapsed = 00:00:04 . Memory (MB): peak = 1286.578 ; gain = 508.367
---------------------------------------------------------------------------------
---------------------------------------------------------------------------------
Start Handling Custom Attributes
---------------------------------------------------------------------------------
---------------------------------------------------------------------------------
Finished Handling Custom Attributes : Time (s): cpu = 00:00:01 ; elapsed = 00:00:04 . Memory (MB): peak = 1286.578 ; gain = 508.367
---------------------------------------------------------------------------------
---------------------------------------------------------------------------------
Finished RTL Optimization Phase 1 : Time (s): cpu = 00:00:01 ; elapsed = 00:00:04 . Memory (MB): peak = 1286.578 ; gain = 508.367
---------------------------------------------------------------------------------
Netlist sorting complete. Time (s): cpu = 00:00:00 ; elapsed = 00:00:00.007 . Memory (MB): peak = 1286.578 ; gain = 0.000
INFO: [Project 1-570] Preparing netlist for logic optimization

Processing XDC Constraints
Initializing timing engine
Parsing XDC File [c:/Users/Warre/lab5.2/lab5.2.gen/sources_1/ip/blk_mem_gen_0/blk_mem_gen_0/blk_mem_gen_0_in_context.xdc] for cell 'mem_subsystem/sram0'
Finished Parsing XDC File [c:/Users/Warre/lab5.2/lab5.2.gen/sources_1/ip/blk_mem_gen_0/blk_mem_gen_0/blk_mem_gen_0_in_context.xdc] for cell 'mem_subsystem/sram0'
Parsing XDC File [C:/Users/Warre/lab5.2/lab5.2.srcs/constrs_1/imports/pin_assignment/top.xdc]
Finished Parsing XDC File [C:/Users/Warre/lab5.2/lab5.2.srcs/constrs_1/imports/pin_assignment/top.xdc]
INFO: [Project 1-236] Implementation specific constraints were found while reading constraint file [C:/Users/Warre/lab5.2/lab5.2.srcs/constrs_1/imports/pin_assignment/top.xdc]. These constraints will be ignored for synthesis but will be used in implementation. Impacted constraints are listed in the file [.Xil/processor_top_propImpl.xdc].
Resolution: To avoid this warning, move constraints listed in [.Xil/processor_top_propImpl.xdc] to another XDC file and exclude this new file from synthesis with the used_in_synthesis property (File Properties dialog in GUI) and re-run elaboration/synthesis.
Completed Processing XDC Constraints

Netlist sorting complete. Time (s): cpu = 00:00:00 ; elapsed = 00:00:00 . Memory (MB): peak = 1397.141 ; gain = 0.000
INFO: [Project 1-111] Unisim Transformation Summary:
No Unisim elements were transformed.

Constraint Validation Runtime : Time (s): cpu = 00:00:00 ; elapsed = 00:00:00.002 . Memory (MB): peak = 1397.141 ; gain = 0.000
WARNING: [Timing 38-316] Clock period '20.000' specified during out-of-context synthesis of instance 'mem_subsystem/sram0' at clock pin 'clka' is different from the actual clock period '10.000', this can lead to different synthesis results.
INFO: [Designutils 20-5440] No compile time benefit to using incremental synthesis; A full resynthesis will be run
INFO: [Designutils 20-4379] Flow is switching to default flow due to incremental criteria not met. If you would like to alter this behaviour and have the flow terminate instead, please set the following parameter config_implementation {autoIncr.Synth.RejectBehavior Terminate}
INFO: [Synth 8-11241] undeclared symbol 'REGCCE', assumed default net type 'wire' [C:/Xilinx/Vivado/2022.2/data/verilog/src/unimacro/BRAM_SINGLE_MACRO.v:2170]
---------------------------------------------------------------------------------
Finished Constraint Validation : Time (s): cpu = 00:00:03 ; elapsed = 00:00:08 . Memory (MB): peak = 1397.449 ; gain = 619.238
---------------------------------------------------------------------------------
---------------------------------------------------------------------------------
Start Loading Part and Timing Information
---------------------------------------------------------------------------------
Loading part: xc7s50csga324-1
---------------------------------------------------------------------------------
Finished Loading Part and Timing Information : Time (s): cpu = 00:00:03 ; elapsed = 00:00:08 . Memory (MB): peak = 1397.449 ; gain = 619.238
---------------------------------------------------------------------------------
---------------------------------------------------------------------------------
Start Applying 'set_property' XDC Constraints
---------------------------------------------------------------------------------
Applied set_property KEEP_HIERARCHY = SOFT for mem_subsystem/sram0. (constraint file  auto generated constraint).
---------------------------------------------------------------------------------
Finished applying 'set_property' XDC Constraints : Time (s): cpu = 00:00:03 ; elapsed = 00:00:08 . Memory (MB): peak = 1397.449 ; gain = 619.238
---------------------------------------------------------------------------------
INFO: [Synth 8-802] inferred FSM for state register 'state_reg' in module 'control'
---------------------------------------------------------------------------------------------------
                   State |                     New Encoding |                Previous Encoding 
---------------------------------------------------------------------------------------------------
                  halted |                            00000 |                            00000
                    s_18 |                            00001 |                            00011
                  s_33_1 |                            00010 |                            00100
                  s_33_2 |                            00011 |                            00101
                  s_33_3 |                            00100 |                            00110
                    s_35 |                            00101 |                            00111
                    s_32 |                            00110 |                            01000
                    s_01 |                            00111 |                            01001
                    s_05 |                            01000 |                            01010
                    s_09 |                            01001 |                            01011
                    s_00 |                            01010 |                            11001
                    s_22 |                            01011 |                            11010
                    s_12 |                            01100 |                            11000
                    s_04 |                            01101 |                            10110
                  iSTATE |                            01110 |                            10111
                    s_06 |                            01111 |                            01100
                  s_25_1 |                            10000 |                            01101
                  s_25_2 |                            10001 |                            01110
                  s_25_3 |                            10010 |                            01111
                    s_27 |                            10011 |                            10000
                    s_07 |                            10100 |                            10001
                    s_23 |                            10101 |                            10010
                  s_16_1 |                            10110 |                            10011
                  s_16_2 |                            10111 |                            10100
                  s_16_3 |                            11000 |                            10101
               pause_ir1 |                            11001 |                            00001
               pause_ir2 |                            11010 |                            00010
---------------------------------------------------------------------------------------------------
INFO: [Synth 8-3354] encoded FSM with state register 'state_reg' using encoding 'sequential' in module 'control'
WARNING: [Synth 8-327] inferring latch for variable 'mio_en_reg' [C:/Users/Warre/lab5.2/lab5.2.srcs/sources_1/imports/srcs/control.sv:158]
---------------------------------------------------------------------------------
Finished RTL Optimization Phase 2 : Time (s): cpu = 00:00:04 ; elapsed = 00:00:08 . Memory (MB): peak = 1397.449 ; gain = 619.238
---------------------------------------------------------------------------------
---------------------------------------------------------------------------------
Start RTL Component Statistics 
---------------------------------------------------------------------------------
Detailed RTL Component Info : 
+---Adders : 
	   2 Input   16 Bit       Adders := 3     
+---XORs : 
	   2 Input      1 Bit         XORs := 3     
+---Registers : 
	               16 Bit    Registers := 13    
	                3 Bit    Registers := 1     
	                1 Bit    Registers := 43    
+---Muxes : 
	   4 Input   16 Bit        Muxes := 3     
	   2 Input   16 Bit        Muxes := 10    
	 176 Input   16 Bit        Muxes := 1     
	   2 Input   10 Bit        Muxes := 1     
	   4 Input    8 Bit        Muxes := 2     
	   2 Input    8 Bit        Muxes := 2     
	  26 Input    5 Bit        Muxes := 1     
	  10 Input    5 Bit        Muxes := 1     
	   2 Input    5 Bit        Muxes := 1     
	   5 Input    4 Bit        Muxes := 2     
	   2 Input    3 Bit        Muxes := 2     
	  27 Input    2 Bit        Muxes := 2     
	  27 Input    1 Bit        Muxes := 20    
	   2 Input    1 Bit        Muxes := 13    
---------------------------------------------------------------------------------
Finished RTL Component Statistics 
---------------------------------------------------------------------------------
---------------------------------------------------------------------------------
Start Part Resource Summary
---------------------------------------------------------------------------------
Part Resources:
DSPs: 120 (col length:60)
BRAMs: 150 (col length: RAMB18 60 RAMB36 30)
---------------------------------------------------------------------------------
Finished Part Resource Summary
---------------------------------------------------------------------------------
---------------------------------------------------------------------------------
Start Cross Boundary and Area Optimization
---------------------------------------------------------------------------------
WARNING: [Synth 8-7080] Parallel synthesis criteria is not met
WARNING: [Synth 8-3917] design processor_top has port hex_seg_left[7] driven by constant 1
WARNING: [Synth 8-3917] design processor_top has port hex_seg_right[7] driven by constant 1
---------------------------------------------------------------------------------
Finished Cross Boundary and Area Optimization : Time (s): cpu = 00:00:06 ; elapsed = 00:00:12 . Memory (MB): peak = 1397.449 ; gain = 619.238
---------------------------------------------------------------------------------
---------------------------------------------------------------------------------
Start ROM, RAM, DSP, Shift Register and Retiming Reporting
---------------------------------------------------------------------------------

ROM: Preliminary Mapping Report
+--------------+----------------------------------------+---------------+----------------+
|Module Name   | RTL Object                             | Depth x Width | Implemented As | 
+--------------+----------------------------------------+---------------+----------------+
|processor_top | mem_subsystem/init_ram/address_reg_rep | 256x16        | Block RAM      | 
+--------------+----------------------------------------+---------------+----------------+

---------------------------------------------------------------------------------
Finished ROM, RAM, DSP, Shift Register and Retiming Reporting
---------------------------------------------------------------------------------
---------------------------------------------------------------------------------
Start Applying XDC Timing Constraints
---------------------------------------------------------------------------------
---------------------------------------------------------------------------------
Finished Applying XDC Timing Constraints : Time (s): cpu = 00:00:07 ; elapsed = 00:00:15 . Memory (MB): peak = 1397.449 ; gain = 619.238
---------------------------------------------------------------------------------
---------------------------------------------------------------------------------
Start Timing Optimization
---------------------------------------------------------------------------------
---------------------------------------------------------------------------------
Finished Timing Optimization : Time (s): cpu = 00:00:08 ; elapsed = 00:00:17 . Memory (MB): peak = 1397.449 ; gain = 619.238
---------------------------------------------------------------------------------
---------------------------------------------------------------------------------
Start Technology Mapping
---------------------------------------------------------------------------------
Found timing loop:
     0: i_364/O (LUT2)
      [C:/Users/Warre/lab5.2/lab5.2.srcs/sources_1/new/alu.sv:9]
     1: i_364/I1 (LUT2)
     2: i_46/O (LUT6)
      [C:/Users/Warre/lab5.2/lab5.2.srcs/sources_1/new/alu.sv:9]
     3: i_46/I0 (LUT6)
     4: i_47/O (LUT6)
      [C:/Users/Warre/lab5.2/lab5.2.srcs/sources_1/new/alu.sv:9]
     5: i_47/I0 (LUT6)
     6: i_368/O (LUT2)
      [C:/Users/Warre/lab5.2/lab5.2.srcs/sources_1/new/alu.sv:9]
     7: i_368/I1 (LUT2)
     8: i_262/O (LUT4)
      [C:/Users/Warre/lab5.2/lab5.2.srcs/sources_1/new/alu.sv:9]
     9: i_262/I2 (LUT4)
    10: i_310/O (LUT6)
      [C:/Users/Warre/lab5.2/lab5.2.srcs/sources_1/new/alu.sv:9]
    11: i_310/I4 (LUT6)
    12: i_364/O (LUT2)
      [C:/Users/Warre/lab5.2/lab5.2.srcs/sources_1/new/alu.sv:9]
CRITICAL WARNING: [Synth 8-295] found timing loop. [C:/Users/Warre/lab5.2/lab5.2.srcs/sources_1/imports/srcs/processor_top.sv:3]
Inferred a: "set_disable_timing -from I1 -to O i_364"
Found timing loop:
     0: i_364/O (LUT2)
      [C:/Users/Warre/lab5.2/lab5.2.srcs/sources_1/new/alu.sv:9]
     1: i_364/O (LUT2)
CRITICAL WARNING: [Synth 8-295] found timing loop. [C:/Users/Warre/lab5.2/lab5.2.srcs/sources_1/imports/srcs/processor_top.sv:3]
Found timing loop:
     0: i_367/O (LUT2)
      [C:/Users/Warre/lab5.2/lab5.2.srcs/sources_1/new/alu.sv:9]
     1: i_367/I1 (LUT2)
     2: i_45/O (LUT6)
      [C:/Users/Warre/lab5.2/lab5.2.srcs/sources_1/new/alu.sv:9]
     3: i_45/I4 (LUT6)
     4: i_424/O (LUT6)
      [C:/Users/Warre/lab5.2/lab5.2.srcs/sources_1/imports/srcs/processor_top.sv:3]
     5: i_424/I0 (LUT6)
     6: i_366/O (LUT3)
      [C:/Users/Warre/lab5.2/lab5.2.srcs/sources_1/new/alu.sv:9]
     7: i_366/I1 (LUT3)
     8: i_303/O (MUXF7)
      [C:/Users/Warre/lab5.2/lab5.2.srcs/sources_1/new/alu.sv:9]
     9: i_303/I1 (MUXF7)
    10: i_305/O (LUT6)
      [C:/Users/Warre/lab5.2/lab5.2.srcs/sources_1/new/alu.sv:9]
    11: i_305/I4 (LUT6)
    12: i_364/O (LUT2)
      [C:/Users/Warre/lab5.2/lab5.2.srcs/sources_1/new/alu.sv:9]
    13: i_364/O (LUT2)
CRITICAL WARNING: [Synth 8-295] found timing loop. [C:/Users/Warre/lab5.2/lab5.2.srcs/sources_1/imports/srcs/processor_top.sv:3]
Inferred a: "set_disable_timing -from I1 -to O i_367"
Found timing loop:
     0: i_364/O (LUT2)
      [C:/Users/Warre/lab5.2/lab5.2.srcs/sources_1/new/alu.sv:9]
     1: i_364/O (LUT2)
CRITICAL WARNING: [Synth 8-295] found timing loop. [C:/Users/Warre/lab5.2/lab5.2.srcs/sources_1/imports/srcs/processor_top.sv:3]
Found timing loop:
     0: i_367/O (LUT2)
      [C:/Users/Warre/lab5.2/lab5.2.srcs/sources_1/new/alu.sv:9]
     1: i_367/O (LUT2)
CRITICAL WARNING: [Synth 8-295] found timing loop. [C:/Users/Warre/lab5.2/lab5.2.srcs/sources_1/imports/srcs/processor_top.sv:3]
Found timing loop:
     0: i_364/O (LUT2)
      [C:/Users/Warre/lab5.2/lab5.2.srcs/sources_1/new/alu.sv:9]
     1: i_364/O (LUT2)
CRITICAL WARNING: [Synth 8-295] found timing loop. [C:/Users/Warre/lab5.2/lab5.2.srcs/sources_1/imports/srcs/processor_top.sv:3]
Found timing loop:
     0: i_367/O (LUT2)
      [C:/Users/Warre/lab5.2/lab5.2.srcs/sources_1/new/alu.sv:9]
     1: i_367/O (LUT2)
CRITICAL WARNING: [Synth 8-295] found timing loop. [C:/Users/Warre/lab5.2/lab5.2.srcs/sources_1/imports/srcs/processor_top.sv:3]
Found timing loop:
     0: i_365/O (LUT2)
      [C:/Users/Warre/lab5.2/lab5.2.srcs/sources_1/new/alu.sv:9]
     1: i_365/I0 (LUT2)
     2: i_42/O (LUT6)
      [C:/Users/Warre/lab5.2/lab5.2.srcs/sources_1/new/alu.sv:9]
     3: i_42/I0 (LUT6)
     4: i_54/O (LUT6)
      [C:/Users/Warre/lab5.2/lab5.2.srcs/sources_1/new/alu.sv:9]
     5: i_54/I0 (LUT6)
     6: i_248/O (LUT5)
      [C:/Users/Warre/lab5.2/lab5.2.srcs/sources_1/new/alu.sv:9]
     7: i_248/I3 (LUT5)
     8: i_365/O (LUT2)
      [C:/Users/Warre/lab5.2/lab5.2.srcs/sources_1/new/alu.sv:9]
CRITICAL WARNING: [Synth 8-295] found timing loop. [C:/Users/Warre/lab5.2/lab5.2.srcs/sources_1/imports/srcs/processor_top.sv:3]
Inferred a: "set_disable_timing -from I0 -to O i_365"
Found timing loop:
     0: i_364/O (LUT2)
      [C:/Users/Warre/lab5.2/lab5.2.srcs/sources_1/new/alu.sv:9]
     1: i_364/O (LUT2)
CRITICAL WARNING: [Synth 8-295] found timing loop. [C:/Users/Warre/lab5.2/lab5.2.srcs/sources_1/imports/srcs/processor_top.sv:3]
Found timing loop:
     0: i_367/O (LUT2)
      [C:/Users/Warre/lab5.2/lab5.2.srcs/sources_1/new/alu.sv:9]
     1: i_367/O (LUT2)
CRITICAL WARNING: [Synth 8-295] found timing loop. [C:/Users/Warre/lab5.2/lab5.2.srcs/sources_1/imports/srcs/processor_top.sv:3]
Found timing loop:
     0: i_364/O (LUT2)
      [C:/Users/Warre/lab5.2/lab5.2.srcs/sources_1/new/alu.sv:9]
     1: i_364/O (LUT2)
CRITICAL WARNING: [Synth 8-295] found timing loop. [C:/Users/Warre/lab5.2/lab5.2.srcs/sources_1/imports/srcs/processor_top.sv:3]
INFO: [Synth 8-7052] The timing for the instance mem_subsystem/init_ram/address_reg_rep (implemented as a Block RAM) might be sub-optimal as no optional output register could be merged into the ram block. Providing additional output register may help in improving timing.
---------------------------------------------------------------------------------
Finished Technology Mapping : Time (s): cpu = 00:00:08 ; elapsed = 00:00:17 . Memory (MB): peak = 1397.449 ; gain = 619.238
---------------------------------------------------------------------------------
---------------------------------------------------------------------------------
Start IO Insertion
---------------------------------------------------------------------------------
---------------------------------------------------------------------------------
Start Flattening Before IO Insertion
---------------------------------------------------------------------------------
---------------------------------------------------------------------------------
Finished Flattening Before IO Insertion
---------------------------------------------------------------------------------
---------------------------------------------------------------------------------
Start Final Netlist Cleanup
---------------------------------------------------------------------------------
---------------------------------------------------------------------------------
Finished Final Netlist Cleanup
---------------------------------------------------------------------------------
---------------------------------------------------------------------------------
Finished IO Insertion : Time (s): cpu = 00:00:09 ; elapsed = 00:00:19 . Memory (MB): peak = 1397.449 ; gain = 619.238
---------------------------------------------------------------------------------
---------------------------------------------------------------------------------
Start Renaming Generated Instances
---------------------------------------------------------------------------------
---------------------------------------------------------------------------------
Finished Renaming Generated Instances : Time (s): cpu = 00:00:09 ; elapsed = 00:00:19 . Memory (MB): peak = 1397.449 ; gain = 619.238
---------------------------------------------------------------------------------
WARNING: [Synth 8-326] inferred exception to break timing loop: 'set_false_path -through i__carry_i_8/O'
WARNING: [Synth 8-326] inferred exception to break timing loop: 'set_false_path -through i__carry_i_6/O'
WARNING: [Synth 8-326] inferred exception to break timing loop: 'set_false_path -through \reg_file[0][2]_i_4 /O'
---------------------------------------------------------------------------------
Start Rebuilding User Hierarchy
---------------------------------------------------------------------------------
---------------------------------------------------------------------------------
Finished Rebuilding User Hierarchy : Time (s): cpu = 00:00:09 ; elapsed = 00:00:19 . Memory (MB): peak = 1397.449 ; gain = 619.238
---------------------------------------------------------------------------------
---------------------------------------------------------------------------------
Start Renaming Generated Ports
---------------------------------------------------------------------------------
---------------------------------------------------------------------------------
Finished Renaming Generated Ports : Time (s): cpu = 00:00:09 ; elapsed = 00:00:19 . Memory (MB): peak = 1397.449 ; gain = 619.238
---------------------------------------------------------------------------------
---------------------------------------------------------------------------------
Start Handling Custom Attributes
---------------------------------------------------------------------------------
---------------------------------------------------------------------------------
Finished Handling Custom Attributes : Time (s): cpu = 00:00:09 ; elapsed = 00:00:19 . Memory (MB): peak = 1397.449 ; gain = 619.238
---------------------------------------------------------------------------------
---------------------------------------------------------------------------------
Start Renaming Generated Nets
---------------------------------------------------------------------------------
---------------------------------------------------------------------------------
Finished Renaming Generated Nets : Time (s): cpu = 00:00:09 ; elapsed = 00:00:19 . Memory (MB): peak = 1397.449 ; gain = 619.238
---------------------------------------------------------------------------------
---------------------------------------------------------------------------------
Start Writing Synthesis Report
---------------------------------------------------------------------------------

Report BlackBoxes: 
+------+--------------+----------+
|      |BlackBox name |Instances |
+------+--------------+----------+
|1     |blk_mem_gen_0 |         1|
+------+--------------+----------+

Report Cell Usage: 
+------+------------+------+
|      |Cell        |Count |
+------+------------+------+
|1     |blk_mem_gen |     1|
|2     |BUFG        |     1|
|3     |CARRY4      |    35|
|4     |LUT1        |     9|
|5     |LUT2        |    36|
|6     |LUT3        |    57|
|7     |LUT4        |    40|
|8     |LUT5        |   123|
|9     |LUT6        |   164|
|10    |MUXF7       |     2|
|11    |RAMB18E1    |     1|
|12    |FDRE        |   323|
|13    |FDSE        |     1|
|14    |LD          |     1|
|15    |IBUF        |    20|
|16    |OBUF        |    40|
+------+------------+------+
---------------------------------------------------------------------------------
Finished Writing Synthesis Report : Time (s): cpu = 00:00:09 ; elapsed = 00:00:19 . Memory (MB): peak = 1397.449 ; gain = 619.238
---------------------------------------------------------------------------------
Synthesis finished with 0 errors, 11 critical warnings and 7 warnings.
Synthesis Optimization Runtime : Time (s): cpu = 00:00:07 ; elapsed = 00:00:18 . Memory (MB): peak = 1397.449 ; gain = 508.367
Synthesis Optimization Complete : Time (s): cpu = 00:00:09 ; elapsed = 00:00:19 . Memory (MB): peak = 1397.449 ; gain = 619.238
INFO: [Project 1-571] Translating synthesized netlist
Netlist sorting complete. Time (s): cpu = 00:00:00 ; elapsed = 00:00:00.007 . Memory (MB): peak = 1397.449 ; gain = 0.000
INFO: [Netlist 29-17] Analyzing 39 Unisim elements for replacement
INFO: [Netlist 29-28] Unisim Transformation completed in 0 CPU seconds
INFO: [Project 1-570] Preparing netlist for logic optimization
INFO: [Opt 31-138] Pushed 0 inverter(s) to 0 load pin(s).
Netlist sorting complete. Time (s): cpu = 00:00:00 ; elapsed = 00:00:00.001 . Memory (MB): peak = 1397.449 ; gain = 0.000
INFO: [Project 1-111] Unisim Transformation Summary:
  A total of 1 instances were transformed.
  LD => LDCE: 1 instance 

Synth Design complete, checksum: b9e78307
INFO: [Common 17-83] Releasing license: Synthesis
92 Infos, 71 Warnings, 11 Critical Warnings and 0 Errors encountered.
synth_design completed successfully
synth_design: Time (s): cpu = 00:00:10 ; elapsed = 00:00:25 . Memory (MB): peak = 1397.449 ; gain = 993.281
INFO: [runtcl-6] Synthesis results are not added to the cache due to CRITICAL_WARNING
INFO: [Common 17-1381] The checkpoint 'C:/Users/Warre/lab5.2/lab5.2.runs/synth_1/processor_top.dcp' has been generated.
INFO: [runtcl-4] Executing : report_utilization -file processor_top_utilization_synth.rpt -pb processor_top_utilization_synth.pb
INFO: [Common 17-206] Exiting Vivado at Thu Oct 10 14:44:17 2024...
