
*** Running vivado
    with args -log hdmi_text_controller_v1_0.vds -m64 -product Vivado -mode batch -messageDb vivado.pb -notrace -source hdmi_text_controller_v1_0.tcl



****** Vivado v2022.2 (64-bit)
  **** SW Build 3671981 on Fri Oct 14 05:00:03 MDT 2022
  **** IP Build 3669848 on Fri Oct 14 08:30:02 MDT 2022
    ** Copyright 1986-2022 Xilinx, Inc. All Rights Reserved.

source hdmi_text_controller_v1_0.tcl -notrace
INFO: [IP_Flow 19-234] Refreshing IP repositories
INFO: [IP_Flow 19-1700] Loaded user IP repository 'c:/Users/Warre/ip_repo/hdmi_text_controller_1_0'.
INFO: [IP_Flow 19-1700] Loaded user IP repository 'c:/Users/Warre/ip_repo/hdmi_text_controller_1_0'.
INFO: [IP_Flow 19-2313] Loaded Vivado IP repository 'C:/Xilinx/Vivado/2022.2/data/ip'.
WARNING: [IP_Flow 19-4995] The host OS only allows 260 characters in a normal path. The IP cache path is more than 80 characters. If you experience issues with IP caching, please consider changing the IP cache to a location with a shorter path. Alternately consider using the OS subst command to map part of the path to a drive letter. 
Current IP cache path is c:/users/warre/lab_7.1/lab_7.1.tmp/hdmi_text_controller_v1_0_project/hdmi_text_controller_v1_0_project.cache/ip 
Command: synth_design -top hdmi_text_controller_v1_0 -part xc7s50csga324-1
Starting synth_design
Attempting to get a license for feature 'Synthesis' and/or device 'xc7s50'
INFO: [Common 17-349] Got license for feature 'Synthesis' and/or device 'xc7s50'
INFO: [Device 21-403] Loading part xc7s50csga324-1
INFO: [Synth 8-7079] Multithreading enabled for synth_design using a maximum of 2 processes.
INFO: [Synth 8-7078] Launching helper process for spawning children vivado processes
INFO: [Synth 8-7075] Helper process launched with PID 88052
INFO: [Synth 8-11241] undeclared symbol 'REGCCE', assumed default net type 'wire' [C:/Xilinx/Vivado/2022.2/data/verilog/src/unimacro/BRAM_SINGLE_MACRO.v:2170]
INFO: [Synth 8-11241] undeclared symbol 'Clk', assumed default net type 'wire' [c:/Users/Warre/lab_7.1/lab_7.1.tmp/hdmi_text_controller_v1_0_project/hdmi_text_controller_v1_0_project.srcs/sources_1/imports/src/hdmi_text_controller_v1_0.sv:102]
INFO: [Synth 8-11241] undeclared symbol 'hdmi_tmds_clk_p', assumed default net type 'wire' [c:/Users/Warre/lab_7.1/lab_7.1.tmp/hdmi_text_controller_v1_0_project/hdmi_text_controller_v1_0_project.srcs/sources_1/imports/src/hdmi_text_controller_v1_0.sv:139]
INFO: [Synth 8-11241] undeclared symbol 'hdmi_tmds_clk_n', assumed default net type 'wire' [c:/Users/Warre/lab_7.1/lab_7.1.tmp/hdmi_text_controller_v1_0_project/hdmi_text_controller_v1_0_project.srcs/sources_1/imports/src/hdmi_text_controller_v1_0.sv:140]
INFO: [Synth 8-11241] undeclared symbol 'hdmi_tmds_data_p', assumed default net type 'wire' [c:/Users/Warre/lab_7.1/lab_7.1.tmp/hdmi_text_controller_v1_0_project/hdmi_text_controller_v1_0_project.srcs/sources_1/imports/src/hdmi_text_controller_v1_0.sv:141]
INFO: [Synth 8-11241] undeclared symbol 'hdmi_tmds_data_n', assumed default net type 'wire' [c:/Users/Warre/lab_7.1/lab_7.1.tmp/hdmi_text_controller_v1_0_project/hdmi_text_controller_v1_0_project.srcs/sources_1/imports/src/hdmi_text_controller_v1_0.sv:142]
INFO: [Synth 8-11241] undeclared symbol 'ballxsig', assumed default net type 'wire' [c:/Users/Warre/lab_7.1/lab_7.1.tmp/hdmi_text_controller_v1_0_project/hdmi_text_controller_v1_0_project.srcs/sources_1/imports/src/hdmi_text_controller_v1_0.sv:147]
INFO: [Synth 8-11241] undeclared symbol 'ballysig', assumed default net type 'wire' [c:/Users/Warre/lab_7.1/lab_7.1.tmp/hdmi_text_controller_v1_0_project/hdmi_text_controller_v1_0_project.srcs/sources_1/imports/src/hdmi_text_controller_v1_0.sv:148]
INFO: [Synth 8-11241] undeclared symbol 'ballsizesig', assumed default net type 'wire' [c:/Users/Warre/lab_7.1/lab_7.1.tmp/hdmi_text_controller_v1_0_project/hdmi_text_controller_v1_0_project.srcs/sources_1/imports/src/hdmi_text_controller_v1_0.sv:151]
---------------------------------------------------------------------------------
Starting RTL Elaboration : Time (s): cpu = 00:00:01 ; elapsed = 00:00:03 . Memory (MB): peak = 1186.871 ; gain = 407.750
---------------------------------------------------------------------------------
INFO: [Synth 8-6157] synthesizing module 'hdmi_text_controller_v1_0' [c:/Users/Warre/lab_7.1/lab_7.1.tmp/hdmi_text_controller_v1_0_project/hdmi_text_controller_v1_0_project.srcs/sources_1/imports/src/hdmi_text_controller_v1_0.sv:10]
INFO: [Synth 8-6157] synthesizing module 'hdmi_text_controller_v1_0_AXI' [c:/Users/Warre/lab_7.1/lab_7.1.tmp/hdmi_text_controller_v1_0_project/hdmi_text_controller_v1_0_project.srcs/sources_1/imports/src/hdmi_text_controller_v1_0_AXI.sv:28]
	Parameter C_S_AXI_DATA_WIDTH bound to: 32 - type: integer 
	Parameter C_S_AXI_ADDR_WIDTH bound to: 12 - type: integer 
WARNING: [Synth 8-324] index 601 out of range [c:/Users/Warre/lab_7.1/lab_7.1.tmp/hdmi_text_controller_v1_0_project/hdmi_text_controller_v1_0_project.srcs/sources_1/imports/src/hdmi_text_controller_v1_0_AXI.sv:252]
WARNING: [Synth 8-324] index 602 out of range [c:/Users/Warre/lab_7.1/lab_7.1.tmp/hdmi_text_controller_v1_0_project/hdmi_text_controller_v1_0_project.srcs/sources_1/imports/src/hdmi_text_controller_v1_0_AXI.sv:252]
WARNING: [Synth 8-324] index 603 out of range [c:/Users/Warre/lab_7.1/lab_7.1.tmp/hdmi_text_controller_v1_0_project/hdmi_text_controller_v1_0_project.srcs/sources_1/imports/src/hdmi_text_controller_v1_0_AXI.sv:252]
WARNING: [Synth 8-324] index 604 out of range [c:/Users/Warre/lab_7.1/lab_7.1.tmp/hdmi_text_controller_v1_0_project/hdmi_text_controller_v1_0_project.srcs/sources_1/imports/src/hdmi_text_controller_v1_0_AXI.sv:252]
WARNING: [Synth 8-324] index 605 out of range [c:/Users/Warre/lab_7.1/lab_7.1.tmp/hdmi_text_controller_v1_0_project/hdmi_text_controller_v1_0_project.srcs/sources_1/imports/src/hdmi_text_controller_v1_0_AXI.sv:252]
WARNING: [Synth 8-324] index 606 out of range [c:/Users/Warre/lab_7.1/lab_7.1.tmp/hdmi_text_controller_v1_0_project/hdmi_text_controller_v1_0_project.srcs/sources_1/imports/src/hdmi_text_controller_v1_0_AXI.sv:252]
WARNING: [Synth 8-324] index 607 out of range [c:/Users/Warre/lab_7.1/lab_7.1.tmp/hdmi_text_controller_v1_0_project/hdmi_text_controller_v1_0_project.srcs/sources_1/imports/src/hdmi_text_controller_v1_0_AXI.sv:252]
WARNING: [Synth 8-324] index 608 out of range [c:/Users/Warre/lab_7.1/lab_7.1.tmp/hdmi_text_controller_v1_0_project/hdmi_text_controller_v1_0_project.srcs/sources_1/imports/src/hdmi_text_controller_v1_0_AXI.sv:252]
WARNING: [Synth 8-324] index 609 out of range [c:/Users/Warre/lab_7.1/lab_7.1.tmp/hdmi_text_controller_v1_0_project/hdmi_text_controller_v1_0_project.srcs/sources_1/imports/src/hdmi_text_controller_v1_0_AXI.sv:252]
WARNING: [Synth 8-324] index 610 out of range [c:/Users/Warre/lab_7.1/lab_7.1.tmp/hdmi_text_controller_v1_0_project/hdmi_text_controller_v1_0_project.srcs/sources_1/imports/src/hdmi_text_controller_v1_0_AXI.sv:252]
WARNING: [Synth 8-324] index 611 out of range [c:/Users/Warre/lab_7.1/lab_7.1.tmp/hdmi_text_controller_v1_0_project/hdmi_text_controller_v1_0_project.srcs/sources_1/imports/src/hdmi_text_controller_v1_0_AXI.sv:252]
WARNING: [Synth 8-324] index 612 out of range [c:/Users/Warre/lab_7.1/lab_7.1.tmp/hdmi_text_controller_v1_0_project/hdmi_text_controller_v1_0_project.srcs/sources_1/imports/src/hdmi_text_controller_v1_0_AXI.sv:252]
WARNING: [Synth 8-324] index 613 out of range [c:/Users/Warre/lab_7.1/lab_7.1.tmp/hdmi_text_controller_v1_0_project/hdmi_text_controller_v1_0_project.srcs/sources_1/imports/src/hdmi_text_controller_v1_0_AXI.sv:252]
WARNING: [Synth 8-324] index 614 out of range [c:/Users/Warre/lab_7.1/lab_7.1.tmp/hdmi_text_controller_v1_0_project/hdmi_text_controller_v1_0_project.srcs/sources_1/imports/src/hdmi_text_controller_v1_0_AXI.sv:252]
WARNING: [Synth 8-324] index 615 out of range [c:/Users/Warre/lab_7.1/lab_7.1.tmp/hdmi_text_controller_v1_0_project/hdmi_text_controller_v1_0_project.srcs/sources_1/imports/src/hdmi_text_controller_v1_0_AXI.sv:252]
WARNING: [Synth 8-324] index 616 out of range [c:/Users/Warre/lab_7.1/lab_7.1.tmp/hdmi_text_controller_v1_0_project/hdmi_text_controller_v1_0_project.srcs/sources_1/imports/src/hdmi_text_controller_v1_0_AXI.sv:252]
WARNING: [Synth 8-324] index 617 out of range [c:/Users/Warre/lab_7.1/lab_7.1.tmp/hdmi_text_controller_v1_0_project/hdmi_text_controller_v1_0_project.srcs/sources_1/imports/src/hdmi_text_controller_v1_0_AXI.sv:252]
WARNING: [Synth 8-324] index 618 out of range [c:/Users/Warre/lab_7.1/lab_7.1.tmp/hdmi_text_controller_v1_0_project/hdmi_text_controller_v1_0_project.srcs/sources_1/imports/src/hdmi_text_controller_v1_0_AXI.sv:252]
WARNING: [Synth 8-324] index 619 out of range [c:/Users/Warre/lab_7.1/lab_7.1.tmp/hdmi_text_controller_v1_0_project/hdmi_text_controller_v1_0_project.srcs/sources_1/imports/src/hdmi_text_controller_v1_0_AXI.sv:252]
WARNING: [Synth 8-324] index 620 out of range [c:/Users/Warre/lab_7.1/lab_7.1.tmp/hdmi_text_controller_v1_0_project/hdmi_text_controller_v1_0_project.srcs/sources_1/imports/src/hdmi_text_controller_v1_0_AXI.sv:252]
WARNING: [Synth 8-324] index 621 out of range [c:/Users/Warre/lab_7.1/lab_7.1.tmp/hdmi_text_controller_v1_0_project/hdmi_text_controller_v1_0_project.srcs/sources_1/imports/src/hdmi_text_controller_v1_0_AXI.sv:252]
WARNING: [Synth 8-324] index 622 out of range [c:/Users/Warre/lab_7.1/lab_7.1.tmp/hdmi_text_controller_v1_0_project/hdmi_text_controller_v1_0_project.srcs/sources_1/imports/src/hdmi_text_controller_v1_0_AXI.sv:252]
WARNING: [Synth 8-324] index 623 out of range [c:/Users/Warre/lab_7.1/lab_7.1.tmp/hdmi_text_controller_v1_0_project/hdmi_text_controller_v1_0_project.srcs/sources_1/imports/src/hdmi_text_controller_v1_0_AXI.sv:252]
WARNING: [Synth 8-324] index 624 out of range [c:/Users/Warre/lab_7.1/lab_7.1.tmp/hdmi_text_controller_v1_0_project/hdmi_text_controller_v1_0_project.srcs/sources_1/imports/src/hdmi_text_controller_v1_0_AXI.sv:252]
WARNING: [Synth 8-324] index 625 out of range [c:/Users/Warre/lab_7.1/lab_7.1.tmp/hdmi_text_controller_v1_0_project/hdmi_text_controller_v1_0_project.srcs/sources_1/imports/src/hdmi_text_controller_v1_0_AXI.sv:252]
WARNING: [Synth 8-324] index 626 out of range [c:/Users/Warre/lab_7.1/lab_7.1.tmp/hdmi_text_controller_v1_0_project/hdmi_text_controller_v1_0_project.srcs/sources_1/imports/src/hdmi_text_controller_v1_0_AXI.sv:252]
WARNING: [Synth 8-324] index 627 out of range [c:/Users/Warre/lab_7.1/lab_7.1.tmp/hdmi_text_controller_v1_0_project/hdmi_text_controller_v1_0_project.srcs/sources_1/imports/src/hdmi_text_controller_v1_0_AXI.sv:252]
WARNING: [Synth 8-324] index 628 out of range [c:/Users/Warre/lab_7.1/lab_7.1.tmp/hdmi_text_controller_v1_0_project/hdmi_text_controller_v1_0_project.srcs/sources_1/imports/src/hdmi_text_controller_v1_0_AXI.sv:252]
WARNING: [Synth 8-324] index 629 out of range [c:/Users/Warre/lab_7.1/lab_7.1.tmp/hdmi_text_controller_v1_0_project/hdmi_text_controller_v1_0_project.srcs/sources_1/imports/src/hdmi_text_controller_v1_0_AXI.sv:252]
WARNING: [Synth 8-324] index 630 out of range [c:/Users/Warre/lab_7.1/lab_7.1.tmp/hdmi_text_controller_v1_0_project/hdmi_text_controller_v1_0_project.srcs/sources_1/imports/src/hdmi_text_controller_v1_0_AXI.sv:252]
WARNING: [Synth 8-324] index 631 out of range [c:/Users/Warre/lab_7.1/lab_7.1.tmp/hdmi_text_controller_v1_0_project/hdmi_text_controller_v1_0_project.srcs/sources_1/imports/src/hdmi_text_controller_v1_0_AXI.sv:252]
WARNING: [Synth 8-324] index 632 out of range [c:/Users/Warre/lab_7.1/lab_7.1.tmp/hdmi_text_controller_v1_0_project/hdmi_text_controller_v1_0_project.srcs/sources_1/imports/src/hdmi_text_controller_v1_0_AXI.sv:252]
WARNING: [Synth 8-324] index 633 out of range [c:/Users/Warre/lab_7.1/lab_7.1.tmp/hdmi_text_controller_v1_0_project/hdmi_text_controller_v1_0_project.srcs/sources_1/imports/src/hdmi_text_controller_v1_0_AXI.sv:252]
WARNING: [Synth 8-324] index 634 out of range [c:/Users/Warre/lab_7.1/lab_7.1.tmp/hdmi_text_controller_v1_0_project/hdmi_text_controller_v1_0_project.srcs/sources_1/imports/src/hdmi_text_controller_v1_0_AXI.sv:252]
WARNING: [Synth 8-324] index 635 out of range [c:/Users/Warre/lab_7.1/lab_7.1.tmp/hdmi_text_controller_v1_0_project/hdmi_text_controller_v1_0_project.srcs/sources_1/imports/src/hdmi_text_controller_v1_0_AXI.sv:252]
WARNING: [Synth 8-324] index 636 out of range [c:/Users/Warre/lab_7.1/lab_7.1.tmp/hdmi_text_controller_v1_0_project/hdmi_text_controller_v1_0_project.srcs/sources_1/imports/src/hdmi_text_controller_v1_0_AXI.sv:252]
WARNING: [Synth 8-324] index 637 out of range [c:/Users/Warre/lab_7.1/lab_7.1.tmp/hdmi_text_controller_v1_0_project/hdmi_text_controller_v1_0_project.srcs/sources_1/imports/src/hdmi_text_controller_v1_0_AXI.sv:252]
WARNING: [Synth 8-324] index 638 out of range [c:/Users/Warre/lab_7.1/lab_7.1.tmp/hdmi_text_controller_v1_0_project/hdmi_text_controller_v1_0_project.srcs/sources_1/imports/src/hdmi_text_controller_v1_0_AXI.sv:252]
WARNING: [Synth 8-324] index 639 out of range [c:/Users/Warre/lab_7.1/lab_7.1.tmp/hdmi_text_controller_v1_0_project/hdmi_text_controller_v1_0_project.srcs/sources_1/imports/src/hdmi_text_controller_v1_0_AXI.sv:252]
WARNING: [Synth 8-324] index 640 out of range [c:/Users/Warre/lab_7.1/lab_7.1.tmp/hdmi_text_controller_v1_0_project/hdmi_text_controller_v1_0_project.srcs/sources_1/imports/src/hdmi_text_controller_v1_0_AXI.sv:252]
WARNING: [Synth 8-324] index 641 out of range [c:/Users/Warre/lab_7.1/lab_7.1.tmp/hdmi_text_controller_v1_0_project/hdmi_text_controller_v1_0_project.srcs/sources_1/imports/src/hdmi_text_controller_v1_0_AXI.sv:252]
WARNING: [Synth 8-324] index 642 out of range [c:/Users/Warre/lab_7.1/lab_7.1.tmp/hdmi_text_controller_v1_0_project/hdmi_text_controller_v1_0_project.srcs/sources_1/imports/src/hdmi_text_controller_v1_0_AXI.sv:252]
WARNING: [Synth 8-324] index 643 out of range [c:/Users/Warre/lab_7.1/lab_7.1.tmp/hdmi_text_controller_v1_0_project/hdmi_text_controller_v1_0_project.srcs/sources_1/imports/src/hdmi_text_controller_v1_0_AXI.sv:252]
WARNING: [Synth 8-324] index 644 out of range [c:/Users/Warre/lab_7.1/lab_7.1.tmp/hdmi_text_controller_v1_0_project/hdmi_text_controller_v1_0_project.srcs/sources_1/imports/src/hdmi_text_controller_v1_0_AXI.sv:252]
WARNING: [Synth 8-324] index 645 out of range [c:/Users/Warre/lab_7.1/lab_7.1.tmp/hdmi_text_controller_v1_0_project/hdmi_text_controller_v1_0_project.srcs/sources_1/imports/src/hdmi_text_controller_v1_0_AXI.sv:252]
WARNING: [Synth 8-324] index 646 out of range [c:/Users/Warre/lab_7.1/lab_7.1.tmp/hdmi_text_controller_v1_0_project/hdmi_text_controller_v1_0_project.srcs/sources_1/imports/src/hdmi_text_controller_v1_0_AXI.sv:252]
WARNING: [Synth 8-324] index 647 out of range [c:/Users/Warre/lab_7.1/lab_7.1.tmp/hdmi_text_controller_v1_0_project/hdmi_text_controller_v1_0_project.srcs/sources_1/imports/src/hdmi_text_controller_v1_0_AXI.sv:252]
WARNING: [Synth 8-324] index 648 out of range [c:/Users/Warre/lab_7.1/lab_7.1.tmp/hdmi_text_controller_v1_0_project/hdmi_text_controller_v1_0_project.srcs/sources_1/imports/src/hdmi_text_controller_v1_0_AXI.sv:252]
WARNING: [Synth 8-324] index 649 out of range [c:/Users/Warre/lab_7.1/lab_7.1.tmp/hdmi_text_controller_v1_0_project/hdmi_text_controller_v1_0_project.srcs/sources_1/imports/src/hdmi_text_controller_v1_0_AXI.sv:252]
WARNING: [Synth 8-324] index 650 out of range [c:/Users/Warre/lab_7.1/lab_7.1.tmp/hdmi_text_controller_v1_0_project/hdmi_text_controller_v1_0_project.srcs/sources_1/imports/src/hdmi_text_controller_v1_0_AXI.sv:252]
WARNING: [Synth 8-324] index 651 out of range [c:/Users/Warre/lab_7.1/lab_7.1.tmp/hdmi_text_controller_v1_0_project/hdmi_text_controller_v1_0_project.srcs/sources_1/imports/src/hdmi_text_controller_v1_0_AXI.sv:252]
WARNING: [Synth 8-324] index 652 out of range [c:/Users/Warre/lab_7.1/lab_7.1.tmp/hdmi_text_controller_v1_0_project/hdmi_text_controller_v1_0_project.srcs/sources_1/imports/src/hdmi_text_controller_v1_0_AXI.sv:252]
WARNING: [Synth 8-324] index 653 out of range [c:/Users/Warre/lab_7.1/lab_7.1.tmp/hdmi_text_controller_v1_0_project/hdmi_text_controller_v1_0_project.srcs/sources_1/imports/src/hdmi_text_controller_v1_0_AXI.sv:252]
WARNING: [Synth 8-324] index 654 out of range [c:/Users/Warre/lab_7.1/lab_7.1.tmp/hdmi_text_controller_v1_0_project/hdmi_text_controller_v1_0_project.srcs/sources_1/imports/src/hdmi_text_controller_v1_0_AXI.sv:252]
WARNING: [Synth 8-324] index 655 out of range [c:/Users/Warre/lab_7.1/lab_7.1.tmp/hdmi_text_controller_v1_0_project/hdmi_text_controller_v1_0_project.srcs/sources_1/imports/src/hdmi_text_controller_v1_0_AXI.sv:252]
WARNING: [Synth 8-324] index 656 out of range [c:/Users/Warre/lab_7.1/lab_7.1.tmp/hdmi_text_controller_v1_0_project/hdmi_text_controller_v1_0_project.srcs/sources_1/imports/src/hdmi_text_controller_v1_0_AXI.sv:252]
WARNING: [Synth 8-324] index 657 out of range [c:/Users/Warre/lab_7.1/lab_7.1.tmp/hdmi_text_controller_v1_0_project/hdmi_text_controller_v1_0_project.srcs/sources_1/imports/src/hdmi_text_controller_v1_0_AXI.sv:252]
WARNING: [Synth 8-324] index 658 out of range [c:/Users/Warre/lab_7.1/lab_7.1.tmp/hdmi_text_controller_v1_0_project/hdmi_text_controller_v1_0_project.srcs/sources_1/imports/src/hdmi_text_controller_v1_0_AXI.sv:252]
WARNING: [Synth 8-324] index 659 out of range [c:/Users/Warre/lab_7.1/lab_7.1.tmp/hdmi_text_controller_v1_0_project/hdmi_text_controller_v1_0_project.srcs/sources_1/imports/src/hdmi_text_controller_v1_0_AXI.sv:252]
WARNING: [Synth 8-324] index 660 out of range [c:/Users/Warre/lab_7.1/lab_7.1.tmp/hdmi_text_controller_v1_0_project/hdmi_text_controller_v1_0_project.srcs/sources_1/imports/src/hdmi_text_controller_v1_0_AXI.sv:252]
WARNING: [Synth 8-324] index 661 out of range [c:/Users/Warre/lab_7.1/lab_7.1.tmp/hdmi_text_controller_v1_0_project/hdmi_text_controller_v1_0_project.srcs/sources_1/imports/src/hdmi_text_controller_v1_0_AXI.sv:252]
WARNING: [Synth 8-324] index 662 out of range [c:/Users/Warre/lab_7.1/lab_7.1.tmp/hdmi_text_controller_v1_0_project/hdmi_text_controller_v1_0_project.srcs/sources_1/imports/src/hdmi_text_controller_v1_0_AXI.sv:252]
WARNING: [Synth 8-324] index 663 out of range [c:/Users/Warre/lab_7.1/lab_7.1.tmp/hdmi_text_controller_v1_0_project/hdmi_text_controller_v1_0_project.srcs/sources_1/imports/src/hdmi_text_controller_v1_0_AXI.sv:252]
WARNING: [Synth 8-324] index 664 out of range [c:/Users/Warre/lab_7.1/lab_7.1.tmp/hdmi_text_controller_v1_0_project/hdmi_text_controller_v1_0_project.srcs/sources_1/imports/src/hdmi_text_controller_v1_0_AXI.sv:252]
WARNING: [Synth 8-324] index 665 out of range [c:/Users/Warre/lab_7.1/lab_7.1.tmp/hdmi_text_controller_v1_0_project/hdmi_text_controller_v1_0_project.srcs/sources_1/imports/src/hdmi_text_controller_v1_0_AXI.sv:252]
WARNING: [Synth 8-324] index 666 out of range [c:/Users/Warre/lab_7.1/lab_7.1.tmp/hdmi_text_controller_v1_0_project/hdmi_text_controller_v1_0_project.srcs/sources_1/imports/src/hdmi_text_controller_v1_0_AXI.sv:252]
WARNING: [Synth 8-324] index 667 out of range [c:/Users/Warre/lab_7.1/lab_7.1.tmp/hdmi_text_controller_v1_0_project/hdmi_text_controller_v1_0_project.srcs/sources_1/imports/src/hdmi_text_controller_v1_0_AXI.sv:252]
WARNING: [Synth 8-324] index 668 out of range [c:/Users/Warre/lab_7.1/lab_7.1.tmp/hdmi_text_controller_v1_0_project/hdmi_text_controller_v1_0_project.srcs/sources_1/imports/src/hdmi_text_controller_v1_0_AXI.sv:252]
WARNING: [Synth 8-324] index 669 out of range [c:/Users/Warre/lab_7.1/lab_7.1.tmp/hdmi_text_controller_v1_0_project/hdmi_text_controller_v1_0_project.srcs/sources_1/imports/src/hdmi_text_controller_v1_0_AXI.sv:252]
WARNING: [Synth 8-324] index 670 out of range [c:/Users/Warre/lab_7.1/lab_7.1.tmp/hdmi_text_controller_v1_0_project/hdmi_text_controller_v1_0_project.srcs/sources_1/imports/src/hdmi_text_controller_v1_0_AXI.sv:252]
WARNING: [Synth 8-324] index 671 out of range [c:/Users/Warre/lab_7.1/lab_7.1.tmp/hdmi_text_controller_v1_0_project/hdmi_text_controller_v1_0_project.srcs/sources_1/imports/src/hdmi_text_controller_v1_0_AXI.sv:252]
WARNING: [Synth 8-324] index 672 out of range [c:/Users/Warre/lab_7.1/lab_7.1.tmp/hdmi_text_controller_v1_0_project/hdmi_text_controller_v1_0_project.srcs/sources_1/imports/src/hdmi_text_controller_v1_0_AXI.sv:252]
WARNING: [Synth 8-324] index 673 out of range [c:/Users/Warre/lab_7.1/lab_7.1.tmp/hdmi_text_controller_v1_0_project/hdmi_text_controller_v1_0_project.srcs/sources_1/imports/src/hdmi_text_controller_v1_0_AXI.sv:252]
WARNING: [Synth 8-324] index 674 out of range [c:/Users/Warre/lab_7.1/lab_7.1.tmp/hdmi_text_controller_v1_0_project/hdmi_text_controller_v1_0_project.srcs/sources_1/imports/src/hdmi_text_controller_v1_0_AXI.sv:252]
WARNING: [Synth 8-324] index 675 out of range [c:/Users/Warre/lab_7.1/lab_7.1.tmp/hdmi_text_controller_v1_0_project/hdmi_text_controller_v1_0_project.srcs/sources_1/imports/src/hdmi_text_controller_v1_0_AXI.sv:252]
WARNING: [Synth 8-324] index 676 out of range [c:/Users/Warre/lab_7.1/lab_7.1.tmp/hdmi_text_controller_v1_0_project/hdmi_text_controller_v1_0_project.srcs/sources_1/imports/src/hdmi_text_controller_v1_0_AXI.sv:252]
WARNING: [Synth 8-324] index 677 out of range [c:/Users/Warre/lab_7.1/lab_7.1.tmp/hdmi_text_controller_v1_0_project/hdmi_text_controller_v1_0_project.srcs/sources_1/imports/src/hdmi_text_controller_v1_0_AXI.sv:252]
WARNING: [Synth 8-324] index 678 out of range [c:/Users/Warre/lab_7.1/lab_7.1.tmp/hdmi_text_controller_v1_0_project/hdmi_text_controller_v1_0_project.srcs/sources_1/imports/src/hdmi_text_controller_v1_0_AXI.sv:252]
WARNING: [Synth 8-324] index 679 out of range [c:/Users/Warre/lab_7.1/lab_7.1.tmp/hdmi_text_controller_v1_0_project/hdmi_text_controller_v1_0_project.srcs/sources_1/imports/src/hdmi_text_controller_v1_0_AXI.sv:252]
WARNING: [Synth 8-324] index 680 out of range [c:/Users/Warre/lab_7.1/lab_7.1.tmp/hdmi_text_controller_v1_0_project/hdmi_text_controller_v1_0_project.srcs/sources_1/imports/src/hdmi_text_controller_v1_0_AXI.sv:252]
WARNING: [Synth 8-324] index 681 out of range [c:/Users/Warre/lab_7.1/lab_7.1.tmp/hdmi_text_controller_v1_0_project/hdmi_text_controller_v1_0_project.srcs/sources_1/imports/src/hdmi_text_controller_v1_0_AXI.sv:252]
WARNING: [Synth 8-324] index 682 out of range [c:/Users/Warre/lab_7.1/lab_7.1.tmp/hdmi_text_controller_v1_0_project/hdmi_text_controller_v1_0_project.srcs/sources_1/imports/src/hdmi_text_controller_v1_0_AXI.sv:252]
WARNING: [Synth 8-324] index 683 out of range [c:/Users/Warre/lab_7.1/lab_7.1.tmp/hdmi_text_controller_v1_0_project/hdmi_text_controller_v1_0_project.srcs/sources_1/imports/src/hdmi_text_controller_v1_0_AXI.sv:252]
WARNING: [Synth 8-324] index 684 out of range [c:/Users/Warre/lab_7.1/lab_7.1.tmp/hdmi_text_controller_v1_0_project/hdmi_text_controller_v1_0_project.srcs/sources_1/imports/src/hdmi_text_controller_v1_0_AXI.sv:252]
WARNING: [Synth 8-324] index 685 out of range [c:/Users/Warre/lab_7.1/lab_7.1.tmp/hdmi_text_controller_v1_0_project/hdmi_text_controller_v1_0_project.srcs/sources_1/imports/src/hdmi_text_controller_v1_0_AXI.sv:252]
WARNING: [Synth 8-324] index 686 out of range [c:/Users/Warre/lab_7.1/lab_7.1.tmp/hdmi_text_controller_v1_0_project/hdmi_text_controller_v1_0_project.srcs/sources_1/imports/src/hdmi_text_controller_v1_0_AXI.sv:252]
WARNING: [Synth 8-324] index 687 out of range [c:/Users/Warre/lab_7.1/lab_7.1.tmp/hdmi_text_controller_v1_0_project/hdmi_text_controller_v1_0_project.srcs/sources_1/imports/src/hdmi_text_controller_v1_0_AXI.sv:252]
WARNING: [Synth 8-324] index 688 out of range [c:/Users/Warre/lab_7.1/lab_7.1.tmp/hdmi_text_controller_v1_0_project/hdmi_text_controller_v1_0_project.srcs/sources_1/imports/src/hdmi_text_controller_v1_0_AXI.sv:252]
WARNING: [Synth 8-324] index 689 out of range [c:/Users/Warre/lab_7.1/lab_7.1.tmp/hdmi_text_controller_v1_0_project/hdmi_text_controller_v1_0_project.srcs/sources_1/imports/src/hdmi_text_controller_v1_0_AXI.sv:252]
WARNING: [Synth 8-324] index 690 out of range [c:/Users/Warre/lab_7.1/lab_7.1.tmp/hdmi_text_controller_v1_0_project/hdmi_text_controller_v1_0_project.srcs/sources_1/imports/src/hdmi_text_controller_v1_0_AXI.sv:252]
WARNING: [Synth 8-324] index 691 out of range [c:/Users/Warre/lab_7.1/lab_7.1.tmp/hdmi_text_controller_v1_0_project/hdmi_text_controller_v1_0_project.srcs/sources_1/imports/src/hdmi_text_controller_v1_0_AXI.sv:252]
WARNING: [Synth 8-324] index 692 out of range [c:/Users/Warre/lab_7.1/lab_7.1.tmp/hdmi_text_controller_v1_0_project/hdmi_text_controller_v1_0_project.srcs/sources_1/imports/src/hdmi_text_controller_v1_0_AXI.sv:252]
WARNING: [Synth 8-324] index 693 out of range [c:/Users/Warre/lab_7.1/lab_7.1.tmp/hdmi_text_controller_v1_0_project/hdmi_text_controller_v1_0_project.srcs/sources_1/imports/src/hdmi_text_controller_v1_0_AXI.sv:252]
WARNING: [Synth 8-324] index 694 out of range [c:/Users/Warre/lab_7.1/lab_7.1.tmp/hdmi_text_controller_v1_0_project/hdmi_text_controller_v1_0_project.srcs/sources_1/imports/src/hdmi_text_controller_v1_0_AXI.sv:252]
WARNING: [Synth 8-324] index 695 out of range [c:/Users/Warre/lab_7.1/lab_7.1.tmp/hdmi_text_controller_v1_0_project/hdmi_text_controller_v1_0_project.srcs/sources_1/imports/src/hdmi_text_controller_v1_0_AXI.sv:252]
WARNING: [Synth 8-324] index 696 out of range [c:/Users/Warre/lab_7.1/lab_7.1.tmp/hdmi_text_controller_v1_0_project/hdmi_text_controller_v1_0_project.srcs/sources_1/imports/src/hdmi_text_controller_v1_0_AXI.sv:252]
WARNING: [Synth 8-324] index 697 out of range [c:/Users/Warre/lab_7.1/lab_7.1.tmp/hdmi_text_controller_v1_0_project/hdmi_text_controller_v1_0_project.srcs/sources_1/imports/src/hdmi_text_controller_v1_0_AXI.sv:252]
WARNING: [Synth 8-324] index 698 out of range [c:/Users/Warre/lab_7.1/lab_7.1.tmp/hdmi_text_controller_v1_0_project/hdmi_text_controller_v1_0_project.srcs/sources_1/imports/src/hdmi_text_controller_v1_0_AXI.sv:252]
WARNING: [Synth 8-324] index 699 out of range [c:/Users/Warre/lab_7.1/lab_7.1.tmp/hdmi_text_controller_v1_0_project/hdmi_text_controller_v1_0_project.srcs/sources_1/imports/src/hdmi_text_controller_v1_0_AXI.sv:252]
WARNING: [Synth 8-324] index 700 out of range [c:/Users/Warre/lab_7.1/lab_7.1.tmp/hdmi_text_controller_v1_0_project/hdmi_text_controller_v1_0_project.srcs/sources_1/imports/src/hdmi_text_controller_v1_0_AXI.sv:252]
INFO: [Common 17-14] Message 'Synth 8-324' appears 100 times and further instances of the messages will be disabled. Use the Tcl command set_msg_config to change the current settings.
INFO: [Synth 8-6155] done synthesizing module 'hdmi_text_controller_v1_0_AXI' (0#1) [c:/Users/Warre/lab_7.1/lab_7.1.tmp/hdmi_text_controller_v1_0_project/hdmi_text_controller_v1_0_project.srcs/sources_1/imports/src/hdmi_text_controller_v1_0_AXI.sv:28]
INFO: [Synth 8-6157] synthesizing module 'clk_wiz_0' [c:/Users/Warre/lab_7.1/lab_7.1.tmp/hdmi_text_controller_v1_0_project/hdmi_text_controller_v1_0_project.runs/synth_1/.Xil/Vivado-85940-Elinnation/realtime/clk_wiz_0_stub.v:5]
INFO: [Synth 8-6155] done synthesizing module 'clk_wiz_0' (0#1) [c:/Users/Warre/lab_7.1/lab_7.1.tmp/hdmi_text_controller_v1_0_project/hdmi_text_controller_v1_0_project.runs/synth_1/.Xil/Vivado-85940-Elinnation/realtime/clk_wiz_0_stub.v:5]
INFO: [Synth 8-6157] synthesizing module 'vga_controller' [c:/Users/Warre/lab_7.1/lab_7.1.tmp/hdmi_text_controller_v1_0_project/hdmi_text_controller_v1_0_project.srcs/sources_1/imports/lab7_1_provided_fa24/VGA_controller.sv:26]
INFO: [Synth 8-6155] done synthesizing module 'vga_controller' (0#1) [c:/Users/Warre/lab_7.1/lab_7.1.tmp/hdmi_text_controller_v1_0_project/hdmi_text_controller_v1_0_project.srcs/sources_1/imports/lab7_1_provided_fa24/VGA_controller.sv:26]
WARNING: [Synth 8-7071] port 'sync' of module 'vga_controller' is unconnected for instance 'vga' [c:/Users/Warre/lab_7.1/lab_7.1.tmp/hdmi_text_controller_v1_0_project/hdmi_text_controller_v1_0_project.srcs/sources_1/imports/src/hdmi_text_controller_v1_0.sv:106]
WARNING: [Synth 8-7023] instance 'vga' of module 'vga_controller' has 8 connections declared, but only 7 given [c:/Users/Warre/lab_7.1/lab_7.1.tmp/hdmi_text_controller_v1_0_project/hdmi_text_controller_v1_0_project.srcs/sources_1/imports/src/hdmi_text_controller_v1_0.sv:106]
WARNING: [Synth 8-4446] all outputs are unconnected for this instance and logic may be removed [c:/Users/Warre/lab_7.1/lab_7.1.tmp/hdmi_text_controller_v1_0_project/hdmi_text_controller_v1_0_project.srcs/sources_1/imports/src/hdmi_text_controller_v1_0.sv:117]
INFO: [Synth 8-6157] synthesizing module 'hdmi_tx_0' [c:/Users/Warre/lab_7.1/lab_7.1.tmp/hdmi_text_controller_v1_0_project/hdmi_text_controller_v1_0_project.runs/synth_1/.Xil/Vivado-85940-Elinnation/realtime/hdmi_tx_0_stub.v:5]
INFO: [Synth 8-6155] done synthesizing module 'hdmi_tx_0' (0#1) [c:/Users/Warre/lab_7.1/lab_7.1.tmp/hdmi_text_controller_v1_0_project/hdmi_text_controller_v1_0_project.runs/synth_1/.Xil/Vivado-85940-Elinnation/realtime/hdmi_tx_0_stub.v:5]
ERROR: [Synth 8-448] named port connection 'pix_clk' does not exist for instance 'vga_to_hdmi' of module 'hdmi_tx_0' [c:/Users/Warre/lab_7.1/lab_7.1.tmp/hdmi_text_controller_v1_0_project/hdmi_text_controller_v1_0_project.srcs/sources_1/imports/src/hdmi_text_controller_v1_0.sv:119]
ERROR: [Synth 8-448] named port connection 'pix_clkx5' does not exist for instance 'vga_to_hdmi' of module 'hdmi_tx_0' [c:/Users/Warre/lab_7.1/lab_7.1.tmp/hdmi_text_controller_v1_0_project/hdmi_text_controller_v1_0_project.srcs/sources_1/imports/src/hdmi_text_controller_v1_0.sv:120]
ERROR: [Synth 8-448] named port connection 'pix_clk_locked' does not exist for instance 'vga_to_hdmi' of module 'hdmi_tx_0' [c:/Users/Warre/lab_7.1/lab_7.1.tmp/hdmi_text_controller_v1_0_project/hdmi_text_controller_v1_0_project.srcs/sources_1/imports/src/hdmi_text_controller_v1_0.sv:121]
ERROR: [Synth 8-448] named port connection 'rst' does not exist for instance 'vga_to_hdmi' of module 'hdmi_tx_0' [c:/Users/Warre/lab_7.1/lab_7.1.tmp/hdmi_text_controller_v1_0_project/hdmi_text_controller_v1_0_project.srcs/sources_1/imports/src/hdmi_text_controller_v1_0.sv:123]
ERROR: [Synth 8-448] named port connection 'red' does not exist for instance 'vga_to_hdmi' of module 'hdmi_tx_0' [c:/Users/Warre/lab_7.1/lab_7.1.tmp/hdmi_text_controller_v1_0_project/hdmi_text_controller_v1_0_project.srcs/sources_1/imports/src/hdmi_text_controller_v1_0.sv:125]
ERROR: [Synth 8-448] named port connection 'green' does not exist for instance 'vga_to_hdmi' of module 'hdmi_tx_0' [c:/Users/Warre/lab_7.1/lab_7.1.tmp/hdmi_text_controller_v1_0_project/hdmi_text_controller_v1_0_project.srcs/sources_1/imports/src/hdmi_text_controller_v1_0.sv:126]
ERROR: [Synth 8-448] named port connection 'blue' does not exist for instance 'vga_to_hdmi' of module 'hdmi_tx_0' [c:/Users/Warre/lab_7.1/lab_7.1.tmp/hdmi_text_controller_v1_0_project/hdmi_text_controller_v1_0_project.srcs/sources_1/imports/src/hdmi_text_controller_v1_0.sv:127]
ERROR: [Synth 8-448] named port connection 'hsync' does not exist for instance 'vga_to_hdmi' of module 'hdmi_tx_0' [c:/Users/Warre/lab_7.1/lab_7.1.tmp/hdmi_text_controller_v1_0_project/hdmi_text_controller_v1_0_project.srcs/sources_1/imports/src/hdmi_text_controller_v1_0.sv:128]
ERROR: [Synth 8-448] named port connection 'vsync' does not exist for instance 'vga_to_hdmi' of module 'hdmi_tx_0' [c:/Users/Warre/lab_7.1/lab_7.1.tmp/hdmi_text_controller_v1_0_project/hdmi_text_controller_v1_0_project.srcs/sources_1/imports/src/hdmi_text_controller_v1_0.sv:129]
ERROR: [Synth 8-448] named port connection 'vde' does not exist for instance 'vga_to_hdmi' of module 'hdmi_tx_0' [c:/Users/Warre/lab_7.1/lab_7.1.tmp/hdmi_text_controller_v1_0_project/hdmi_text_controller_v1_0_project.srcs/sources_1/imports/src/hdmi_text_controller_v1_0.sv:130]
ERROR: [Synth 8-448] named port connection 'aux0_din' does not exist for instance 'vga_to_hdmi' of module 'hdmi_tx_0' [c:/Users/Warre/lab_7.1/lab_7.1.tmp/hdmi_text_controller_v1_0_project/hdmi_text_controller_v1_0_project.srcs/sources_1/imports/src/hdmi_text_controller_v1_0.sv:133]
ERROR: [Synth 8-448] named port connection 'aux1_din' does not exist for instance 'vga_to_hdmi' of module 'hdmi_tx_0' [c:/Users/Warre/lab_7.1/lab_7.1.tmp/hdmi_text_controller_v1_0_project/hdmi_text_controller_v1_0_project.srcs/sources_1/imports/src/hdmi_text_controller_v1_0.sv:134]
ERROR: [Synth 8-448] named port connection 'aux2_din' does not exist for instance 'vga_to_hdmi' of module 'hdmi_tx_0' [c:/Users/Warre/lab_7.1/lab_7.1.tmp/hdmi_text_controller_v1_0_project/hdmi_text_controller_v1_0_project.srcs/sources_1/imports/src/hdmi_text_controller_v1_0.sv:135]
ERROR: [Synth 8-448] named port connection 'ade' does not exist for instance 'vga_to_hdmi' of module 'hdmi_tx_0' [c:/Users/Warre/lab_7.1/lab_7.1.tmp/hdmi_text_controller_v1_0_project/hdmi_text_controller_v1_0_project.srcs/sources_1/imports/src/hdmi_text_controller_v1_0.sv:136]
ERROR: [Synth 8-448] named port connection 'TMDS_CLK_P' does not exist for instance 'vga_to_hdmi' of module 'hdmi_tx_0' [c:/Users/Warre/lab_7.1/lab_7.1.tmp/hdmi_text_controller_v1_0_project/hdmi_text_controller_v1_0_project.srcs/sources_1/imports/src/hdmi_text_controller_v1_0.sv:139]
ERROR: [Synth 8-448] named port connection 'TMDS_CLK_N' does not exist for instance 'vga_to_hdmi' of module 'hdmi_tx_0' [c:/Users/Warre/lab_7.1/lab_7.1.tmp/hdmi_text_controller_v1_0_project/hdmi_text_controller_v1_0_project.srcs/sources_1/imports/src/hdmi_text_controller_v1_0.sv:140]
ERROR: [Synth 8-448] named port connection 'TMDS_DATA_P' does not exist for instance 'vga_to_hdmi' of module 'hdmi_tx_0' [c:/Users/Warre/lab_7.1/lab_7.1.tmp/hdmi_text_controller_v1_0_project/hdmi_text_controller_v1_0_project.srcs/sources_1/imports/src/hdmi_text_controller_v1_0.sv:141]
ERROR: [Synth 8-448] named port connection 'TMDS_DATA_N' does not exist for instance 'vga_to_hdmi' of module 'hdmi_tx_0' [c:/Users/Warre/lab_7.1/lab_7.1.tmp/hdmi_text_controller_v1_0_project/hdmi_text_controller_v1_0_project.srcs/sources_1/imports/src/hdmi_text_controller_v1_0.sv:142]
WARNING: [Synth 8-7071] port 'hdmi_clk_n' of module 'hdmi_tx_0' is unconnected for instance 'vga_to_hdmi' [c:/Users/Warre/lab_7.1/lab_7.1.tmp/hdmi_text_controller_v1_0_project/hdmi_text_controller_v1_0_project.srcs/sources_1/imports/src/hdmi_text_controller_v1_0.sv:117]
WARNING: [Synth 8-7071] port 'hdmi_clk_p' of module 'hdmi_tx_0' is unconnected for instance 'vga_to_hdmi' [c:/Users/Warre/lab_7.1/lab_7.1.tmp/hdmi_text_controller_v1_0_project/hdmi_text_controller_v1_0_project.srcs/sources_1/imports/src/hdmi_text_controller_v1_0.sv:117]
WARNING: [Synth 8-7071] port 'hdmi_tx_n' of module 'hdmi_tx_0' is unconnected for instance 'vga_to_hdmi' [c:/Users/Warre/lab_7.1/lab_7.1.tmp/hdmi_text_controller_v1_0_project/hdmi_text_controller_v1_0_project.srcs/sources_1/imports/src/hdmi_text_controller_v1_0.sv:117]
WARNING: [Synth 8-7071] port 'hdmi_tx_p' of module 'hdmi_tx_0' is unconnected for instance 'vga_to_hdmi' [c:/Users/Warre/lab_7.1/lab_7.1.tmp/hdmi_text_controller_v1_0_project/hdmi_text_controller_v1_0_project.srcs/sources_1/imports/src/hdmi_text_controller_v1_0.sv:117]
WARNING: [Synth 8-7071] port 'axi_aclk' of module 'hdmi_tx_0' is unconnected for instance 'vga_to_hdmi' [c:/Users/Warre/lab_7.1/lab_7.1.tmp/hdmi_text_controller_v1_0_project/hdmi_text_controller_v1_0_project.srcs/sources_1/imports/src/hdmi_text_controller_v1_0.sv:117]
WARNING: [Synth 8-7071] port 'axi_aresetn' of module 'hdmi_tx_0' is unconnected for instance 'vga_to_hdmi' [c:/Users/Warre/lab_7.1/lab_7.1.tmp/hdmi_text_controller_v1_0_project/hdmi_text_controller_v1_0_project.srcs/sources_1/imports/src/hdmi_text_controller_v1_0.sv:117]
WARNING: [Synth 8-7071] port 'axi_awaddr' of module 'hdmi_tx_0' is unconnected for instance 'vga_to_hdmi' [c:/Users/Warre/lab_7.1/lab_7.1.tmp/hdmi_text_controller_v1_0_project/hdmi_text_controller_v1_0_project.srcs/sources_1/imports/src/hdmi_text_controller_v1_0.sv:117]
WARNING: [Synth 8-7071] port 'axi_awprot' of module 'hdmi_tx_0' is unconnected for instance 'vga_to_hdmi' [c:/Users/Warre/lab_7.1/lab_7.1.tmp/hdmi_text_controller_v1_0_project/hdmi_text_controller_v1_0_project.srcs/sources_1/imports/src/hdmi_text_controller_v1_0.sv:117]
WARNING: [Synth 8-7071] port 'axi_awvalid' of module 'hdmi_tx_0' is unconnected for instance 'vga_to_hdmi' [c:/Users/Warre/lab_7.1/lab_7.1.tmp/hdmi_text_controller_v1_0_project/hdmi_text_controller_v1_0_project.srcs/sources_1/imports/src/hdmi_text_controller_v1_0.sv:117]
WARNING: [Synth 8-7071] port 'axi_awready' of module 'hdmi_tx_0' is unconnected for instance 'vga_to_hdmi' [c:/Users/Warre/lab_7.1/lab_7.1.tmp/hdmi_text_controller_v1_0_project/hdmi_text_controller_v1_0_project.srcs/sources_1/imports/src/hdmi_text_controller_v1_0.sv:117]
WARNING: [Synth 8-7071] port 'axi_wdata' of module 'hdmi_tx_0' is unconnected for instance 'vga_to_hdmi' [c:/Users/Warre/lab_7.1/lab_7.1.tmp/hdmi_text_controller_v1_0_project/hdmi_text_controller_v1_0_project.srcs/sources_1/imports/src/hdmi_text_controller_v1_0.sv:117]
WARNING: [Synth 8-7071] port 'axi_wstrb' of module 'hdmi_tx_0' is unconnected for instance 'vga_to_hdmi' [c:/Users/Warre/lab_7.1/lab_7.1.tmp/hdmi_text_controller_v1_0_project/hdmi_text_controller_v1_0_project.srcs/sources_1/imports/src/hdmi_text_controller_v1_0.sv:117]
WARNING: [Synth 8-7071] port 'axi_wvalid' of module 'hdmi_tx_0' is unconnected for instance 'vga_to_hdmi' [c:/Users/Warre/lab_7.1/lab_7.1.tmp/hdmi_text_controller_v1_0_project/hdmi_text_controller_v1_0_project.srcs/sources_1/imports/src/hdmi_text_controller_v1_0.sv:117]
WARNING: [Synth 8-7071] port 'axi_wready' of module 'hdmi_tx_0' is unconnected for instance 'vga_to_hdmi' [c:/Users/Warre/lab_7.1/lab_7.1.tmp/hdmi_text_controller_v1_0_project/hdmi_text_controller_v1_0_project.srcs/sources_1/imports/src/hdmi_text_controller_v1_0.sv:117]
WARNING: [Synth 8-7071] port 'axi_bresp' of module 'hdmi_tx_0' is unconnected for instance 'vga_to_hdmi' [c:/Users/Warre/lab_7.1/lab_7.1.tmp/hdmi_text_controller_v1_0_project/hdmi_text_controller_v1_0_project.srcs/sources_1/imports/src/hdmi_text_controller_v1_0.sv:117]
WARNING: [Synth 8-7071] port 'axi_bvalid' of module 'hdmi_tx_0' is unconnected for instance 'vga_to_hdmi' [c:/Users/Warre/lab_7.1/lab_7.1.tmp/hdmi_text_controller_v1_0_project/hdmi_text_controller_v1_0_project.srcs/sources_1/imports/src/hdmi_text_controller_v1_0.sv:117]
WARNING: [Synth 8-7071] port 'axi_bready' of module 'hdmi_tx_0' is unconnected for instance 'vga_to_hdmi' [c:/Users/Warre/lab_7.1/lab_7.1.tmp/hdmi_text_controller_v1_0_project/hdmi_text_controller_v1_0_project.srcs/sources_1/imports/src/hdmi_text_controller_v1_0.sv:117]
WARNING: [Synth 8-7071] port 'axi_araddr' of module 'hdmi_tx_0' is unconnected for instance 'vga_to_hdmi' [c:/Users/Warre/lab_7.1/lab_7.1.tmp/hdmi_text_controller_v1_0_project/hdmi_text_controller_v1_0_project.srcs/sources_1/imports/src/hdmi_text_controller_v1_0.sv:117]
WARNING: [Synth 8-7071] port 'axi_arprot' of module 'hdmi_tx_0' is unconnected for instance 'vga_to_hdmi' [c:/Users/Warre/lab_7.1/lab_7.1.tmp/hdmi_text_controller_v1_0_project/hdmi_text_controller_v1_0_project.srcs/sources_1/imports/src/hdmi_text_controller_v1_0.sv:117]
WARNING: [Synth 8-7071] port 'axi_arvalid' of module 'hdmi_tx_0' is unconnected for instance 'vga_to_hdmi' [c:/Users/Warre/lab_7.1/lab_7.1.tmp/hdmi_text_controller_v1_0_project/hdmi_text_controller_v1_0_project.srcs/sources_1/imports/src/hdmi_text_controller_v1_0.sv:117]
WARNING: [Synth 8-7071] port 'axi_arready' of module 'hdmi_tx_0' is unconnected for instance 'vga_to_hdmi' [c:/Users/Warre/lab_7.1/lab_7.1.tmp/hdmi_text_controller_v1_0_project/hdmi_text_controller_v1_0_project.srcs/sources_1/imports/src/hdmi_text_controller_v1_0.sv:117]
WARNING: [Synth 8-7071] port 'axi_rdata' of module 'hdmi_tx_0' is unconnected for instance 'vga_to_hdmi' [c:/Users/Warre/lab_7.1/lab_7.1.tmp/hdmi_text_controller_v1_0_project/hdmi_text_controller_v1_0_project.srcs/sources_1/imports/src/hdmi_text_controller_v1_0.sv:117]
WARNING: [Synth 8-7071] port 'axi_rresp' of module 'hdmi_tx_0' is unconnected for instance 'vga_to_hdmi' [c:/Users/Warre/lab_7.1/lab_7.1.tmp/hdmi_text_controller_v1_0_project/hdmi_text_controller_v1_0_project.srcs/sources_1/imports/src/hdmi_text_controller_v1_0.sv:117]
WARNING: [Synth 8-7071] port 'axi_rvalid' of module 'hdmi_tx_0' is unconnected for instance 'vga_to_hdmi' [c:/Users/Warre/lab_7.1/lab_7.1.tmp/hdmi_text_controller_v1_0_project/hdmi_text_controller_v1_0_project.srcs/sources_1/imports/src/hdmi_text_controller_v1_0.sv:117]
WARNING: [Synth 8-7071] port 'axi_rready' of module 'hdmi_tx_0' is unconnected for instance 'vga_to_hdmi' [c:/Users/Warre/lab_7.1/lab_7.1.tmp/hdmi_text_controller_v1_0_project/hdmi_text_controller_v1_0_project.srcs/sources_1/imports/src/hdmi_text_controller_v1_0.sv:117]
WARNING: [Synth 8-7023] instance 'vga_to_hdmi' of module 'hdmi_tx_0' has 25 connections declared, but only 0 given [c:/Users/Warre/lab_7.1/lab_7.1.tmp/hdmi_text_controller_v1_0_project/hdmi_text_controller_v1_0_project.srcs/sources_1/imports/src/hdmi_text_controller_v1_0.sv:117]
ERROR: [Synth 8-439] module 'color_mapper' not found [c:/Users/Warre/lab_7.1/lab_7.1.tmp/hdmi_text_controller_v1_0_project/hdmi_text_controller_v1_0_project.srcs/sources_1/imports/src/hdmi_text_controller_v1_0.sv:146]
ERROR: [Synth 8-6156] failed synthesizing module 'hdmi_text_controller_v1_0' [c:/Users/Warre/lab_7.1/lab_7.1.tmp/hdmi_text_controller_v1_0_project/hdmi_text_controller_v1_0_project.srcs/sources_1/imports/src/hdmi_text_controller_v1_0.sv:10]
---------------------------------------------------------------------------------
Finished RTL Elaboration : Time (s): cpu = 00:00:01 ; elapsed = 00:00:04 . Memory (MB): peak = 1283.402 ; gain = 504.281
---------------------------------------------------------------------------------
RTL Elaboration failed
INFO: [Common 17-83] Releasing license: Synthesis
29 Infos, 130 Warnings, 0 Critical Warnings and 21 Errors encountered.
synth_design failed
ERROR: [Common 17-69] Command failed: Synthesis failed - please see the console or run log file for details
INFO: [Common 17-206] Exiting Vivado at Wed Oct 30 23:11:53 2024...
