17:18:08 DEBUG : Logs will be stored at 'C:/Users/Warre/fireboy_watergirl_final_project/IDE.log'.
17:18:10 INFO  : Platform repository initialization has completed.
17:18:10 INFO  : Registering command handlers for Vitis TCF services
17:18:10 INFO  : Launching XSCT server: xsct.bat -n  -interactive C:\Users\Warre\fireboy_watergirl_final_project\temp_xsdb_launch_script.tcl
17:18:12 INFO  : XSCT server has started successfully.
17:18:15 INFO  : Successfully done setting XSCT server connection channel  
17:18:15 INFO  : plnx-install-location is set to ''
17:18:15 INFO  : Successfully done query RDI_DATADIR 
17:18:15 INFO  : Successfully done setting workspace for the tool. 
17:26:56 INFO  : Result from executing command 'getProjects': mb_final_top
17:26:56 INFO  : Result from executing command 'getPlatforms': 
17:26:56 WARN  : An unexpected exception occurred in the module 'platform project logging'
17:26:56 INFO  : Platform 'mb_final_top' is added to custom repositories.
17:26:57 INFO  : Platform 'mb_final_top' is added to custom repositories.
17:37:57 INFO  : Result from executing command 'getProjects': mb_final_top
17:37:57 INFO  : Result from executing command 'getPlatforms': mb_final_top|C:/Users/Warre/fireboy_watergirl_final_project/mb_final_top/export/mb_final_top/mb_final_top.xpfm
17:37:57 INFO  : Checking for BSP changes to sync application flags for project 'final'...
17:38:12 INFO  : Checking for BSP changes to sync application flags for project 'final'...
17:38:41 INFO  : Checking for BSP changes to sync application flags for project 'final'...
17:38:58 INFO  : Checking for BSP changes to sync application flags for project 'final'...
17:39:38 INFO  : Connected to target on host '127.0.0.1' and port '3121'.
17:39:57 INFO  : ----------------XSDB Script----------------
connect -url tcp:127.0.0.1:3121
----------------End of Script----------------

17:39:57 ERROR : Could not find FPGA device on the board for connection 'Local'.


Troubleshooting hints:
1. Check whether board is connected to system properly.
2. In case of zynq board, check whether Digilent/Xilinx cable switch settings are correct.
3. If you are using Xilinx Platform Cable USB, ensure that status LED is green.
17:40:16 INFO  : Connected to target on host '127.0.0.1' and port '3121'.
17:40:16 INFO  : Jtag cable 'RealDigital Boo 887100000003A' is selected.
17:40:16 INFO  : 'jtag frequency' command is executed.
17:40:16 INFO  : 'targets -set -filter {jtag_cable_name =~ "RealDigital Boo 887100000003A" && level==0 && jtag_device_ctx=="jsn1-0362f093-0"}' command is executed.
17:40:17 INFO  : Device configured successfully with "C:/Users/Warre/fireboy_watergirl_final_project/final/_ide/bitstream/mb_final_top.bit"
17:40:17 INFO  : Context for processor 'microblaze_0' is selected.
17:40:17 INFO  : Hardware design and registers information is loaded from 'C:/Users/Warre/fireboy_watergirl_final_project/mb_final_top/export/mb_final_top/hw/mb_final_top.xsa'.
17:40:17 INFO  : 'configparams mdm-detect-bscan-mask 2' command is executed.
17:40:17 INFO  : Context for processor 'microblaze_0' is selected.
17:40:17 INFO  : System reset is completed.
17:40:20 INFO  : 'after 3000' command is executed.
17:40:20 INFO  : Context for processor 'microblaze_0' is selected.
17:40:20 INFO  : The application 'C:/Users/Warre/fireboy_watergirl_final_project/final/Debug/final.elf' is downloaded to processor 'microblaze_0'.
17:40:20 INFO  : ----------------XSDB Script----------------
connect -url tcp:127.0.0.1:3121
targets -set -filter {jtag_cable_name =~ "RealDigital Boo 887100000003A" && level==0 && jtag_device_ctx=="jsn1-0362f093-0"}
fpga -file C:/Users/Warre/fireboy_watergirl_final_project/final/_ide/bitstream/mb_final_top.bit
targets -set -nocase -filter {name =~ "*microblaze*#0" && bscan=="USER2" }
loadhw -hw C:/Users/Warre/fireboy_watergirl_final_project/mb_final_top/export/mb_final_top/hw/mb_final_top.xsa -regs
configparams mdm-detect-bscan-mask 2
targets -set -nocase -filter {name =~ "*microblaze*#0" && bscan=="USER2" }
rst -system
after 3000
targets -set -nocase -filter {name =~ "*microblaze*#0" && bscan=="USER2" }
dow C:/Users/Warre/fireboy_watergirl_final_project/final/Debug/final.elf
----------------End of Script----------------

17:40:20 INFO  : Context for processor 'microblaze_0' is selected.
17:40:20 INFO  : 'con' command is executed.
17:40:20 INFO  : ----------------XSDB Script (After Launch)----------------
targets -set -nocase -filter {name =~ "*microblaze*#0" && bscan=="USER2" }
con
----------------End of Script----------------

17:40:20 INFO  : Disconnected from the channel tcfchan#2.
18:10:10 INFO  : Hardware specification for platform project 'mb_final_top' is updated.
18:10:21 INFO  : Result from executing command 'getProjects': mb_final_top
18:10:21 INFO  : Result from executing command 'getPlatforms': mb_final_top|C:/Users/Warre/fireboy_watergirl_final_project/mb_final_top/export/mb_final_top/mb_final_top.xpfm
18:10:36 INFO  : Connected to target on host '127.0.0.1' and port '3121'.
18:10:36 INFO  : Jtag cable 'RealDigital Boo 887100000003A' is selected.
18:10:36 INFO  : 'jtag frequency' command is executed.
18:10:36 INFO  : 'targets -set -filter {jtag_cable_name =~ "RealDigital Boo 887100000003A" && level==0 && jtag_device_ctx=="jsn1-0362f093-0"}' command is executed.
18:10:37 INFO  : Device configured successfully with "C:/Users/Warre/fireboy_watergirl_final_project/final/_ide/bitstream/mb_final_top.bit"
18:10:37 INFO  : Context for processor 'microblaze_0' is selected.
18:10:37 INFO  : Hardware design and registers information is loaded from 'C:/Users/Warre/fireboy_watergirl_final_project/mb_final_top/export/mb_final_top/hw/mb_final_top.xsa'.
18:10:37 INFO  : 'configparams mdm-detect-bscan-mask 2' command is executed.
18:10:37 INFO  : Context for processor 'microblaze_0' is selected.
18:10:37 INFO  : System reset is completed.
18:10:40 INFO  : 'after 3000' command is executed.
18:10:40 INFO  : Context for processor 'microblaze_0' is selected.
18:10:40 INFO  : The application 'C:/Users/Warre/fireboy_watergirl_final_project/final/Debug/final.elf' is downloaded to processor 'microblaze_0'.
18:10:40 INFO  : ----------------XSDB Script----------------
connect -url tcp:127.0.0.1:3121
targets -set -filter {jtag_cable_name =~ "RealDigital Boo 887100000003A" && level==0 && jtag_device_ctx=="jsn1-0362f093-0"}
fpga -file C:/Users/Warre/fireboy_watergirl_final_project/final/_ide/bitstream/mb_final_top.bit
targets -set -nocase -filter {name =~ "*microblaze*#0" && bscan=="USER2" }
loadhw -hw C:/Users/Warre/fireboy_watergirl_final_project/mb_final_top/export/mb_final_top/hw/mb_final_top.xsa -regs
configparams mdm-detect-bscan-mask 2
targets -set -nocase -filter {name =~ "*microblaze*#0" && bscan=="USER2" }
rst -system
after 3000
targets -set -nocase -filter {name =~ "*microblaze*#0" && bscan=="USER2" }
dow C:/Users/Warre/fireboy_watergirl_final_project/final/Debug/final.elf
----------------End of Script----------------

18:10:40 INFO  : Context for processor 'microblaze_0' is selected.
18:10:40 INFO  : 'con' command is executed.
18:10:40 INFO  : ----------------XSDB Script (After Launch)----------------
targets -set -nocase -filter {name =~ "*microblaze*#0" && bscan=="USER2" }
con
----------------End of Script----------------

18:10:40 INFO  : Disconnected from the channel tcfchan#4.
12:22:02 DEBUG : Logs will be stored at 'C:/Users/Warre/fireboy_watergirl_final_project/IDE.log'.
12:22:02 INFO  : Launching XSCT server: xsct.bat -n  -interactive C:\Users\Warre\fireboy_watergirl_final_project\temp_xsdb_launch_script.tcl
12:22:04 INFO  : Platform repository initialization has completed.
12:22:04 INFO  : Registering command handlers for Vitis TCF services
12:22:04 INFO  : XSCT server has started successfully.
12:22:04 INFO  : plnx-install-location is set to ''
12:22:07 INFO  : Successfully done setting XSCT server connection channel  
12:22:07 INFO  : Successfully done query RDI_DATADIR 
12:22:07 INFO  : Successfully done setting workspace for the tool. 
12:22:25 INFO  : Checking for BSP changes to sync application flags for project 'final'...
12:22:52 INFO  : Result from executing command 'removePlatformRepo': 
12:22:55 INFO  : Result from executing command 'getProjects': mb_final_top
12:22:55 INFO  : Result from executing command 'getPlatforms': 
12:22:55 INFO  : Checking for BSP changes to sync application flags for project 'final'...
12:22:56 INFO  : The hardware specification used by project 'final' is out of sync with the platform. Resource files extracted from the hardware specification will be updated.
12:22:56 INFO  : The file 'C:\Users\Warre\fireboy_watergirl_final_project\final\_ide\bitstream\mb_final_top.bit' stored in project is removed.
12:22:56 INFO  : The file 'C:\Users\Warre\fireboy_watergirl_final_project\final\_ide\bitstream\mb_final_top.mmi' stored in project is removed.
12:22:56 INFO  : The updated bitstream files are copied from platform to folder 'C:\Users\Warre\fireboy_watergirl_final_project\final\_ide\bitstream' in project 'final'.
12:23:56 INFO  : Checking for BSP changes to sync application flags for project 'final'...
12:25:15 INFO  : Result from executing command 'removePlatformRepo': 
12:25:18 INFO  : Result from executing command 'getProjects': mb_final_top
12:25:18 INFO  : Result from executing command 'getPlatforms': 
12:25:18 INFO  : Checking for BSP changes to sync application flags for project 'final'...
12:25:37 INFO  : Connected to target on host '127.0.0.1' and port '3121'.
12:25:38 INFO  : Jtag cable 'RealDigital Boo 887100000003A' is selected.
12:25:38 INFO  : 'jtag frequency' command is executed.
12:25:38 INFO  : 'targets -set -filter {jtag_cable_name =~ "RealDigital Boo 887100000003A" && level==0 && jtag_device_ctx=="jsn1-0362f093-0"}' command is executed.
12:25:39 INFO  : Device configured successfully with "C:/Users/Warre/fireboy_watergirl_final_project/final/_ide/bitstream/mb_final_top.bit"
12:25:39 INFO  : Context for processor 'microblaze_0' is selected.
12:25:39 INFO  : Hardware design and registers information is loaded from 'C:/Users/Warre/fireboy_watergirl_final_project/mb_final_top/export/mb_final_top/hw/mb_final_top.xsa'.
12:25:39 INFO  : 'configparams mdm-detect-bscan-mask 2' command is executed.
12:25:39 INFO  : Context for processor 'microblaze_0' is selected.
12:25:39 INFO  : System reset is completed.
12:25:42 INFO  : 'after 3000' command is executed.
12:25:42 INFO  : Context for processor 'microblaze_0' is selected.
12:25:42 INFO  : The application 'C:/Users/Warre/fireboy_watergirl_final_project/final/Debug/final.elf' is downloaded to processor 'microblaze_0'.
12:25:42 INFO  : ----------------XSDB Script----------------
connect -url tcp:127.0.0.1:3121
targets -set -filter {jtag_cable_name =~ "RealDigital Boo 887100000003A" && level==0 && jtag_device_ctx=="jsn1-0362f093-0"}
fpga -file C:/Users/Warre/fireboy_watergirl_final_project/final/_ide/bitstream/mb_final_top.bit
targets -set -nocase -filter {name =~ "*microblaze*#0" && bscan=="USER2" }
loadhw -hw C:/Users/Warre/fireboy_watergirl_final_project/mb_final_top/export/mb_final_top/hw/mb_final_top.xsa -regs
configparams mdm-detect-bscan-mask 2
targets -set -nocase -filter {name =~ "*microblaze*#0" && bscan=="USER2" }
rst -system
after 3000
targets -set -nocase -filter {name =~ "*microblaze*#0" && bscan=="USER2" }
dow C:/Users/Warre/fireboy_watergirl_final_project/final/Debug/final.elf
----------------End of Script----------------

12:25:42 INFO  : Context for processor 'microblaze_0' is selected.
12:25:42 INFO  : 'con' command is executed.
12:25:42 INFO  : ----------------XSDB Script (After Launch)----------------
targets -set -nocase -filter {name =~ "*microblaze*#0" && bscan=="USER2" }
con
----------------End of Script----------------

12:25:42 INFO  : Disconnected from the channel tcfchan#5.
12:25:53 INFO  : Connected to target on host '127.0.0.1' and port '3121'.
12:25:53 INFO  : Jtag cable 'RealDigital Boo 887100000003A' is selected.
12:25:53 INFO  : 'jtag frequency' command is executed.
12:25:56 ERROR : no targets found with "jtag_cable_name =~ "RealDigital Boo 887100000003A" && level==0 && jtag_device_ctx=="jsn1-0362f093-0"". available targets:
  1  xc7s50
     2  MicroBlaze Debug Module at USER2
        3  MicroBlaze #0 (Running)
12:25:56 ERROR : Exception occured while running Program Device.
java.lang.RuntimeException: no targets found with "jtag_cable_name =~ "RealDigital Boo 887100000003A" && level==0 && jtag_device_ctx=="jsn1-0362f093-0"". available targets:
  1  xc7s50
     2  MicroBlaze Debug Module at USER2
        3  MicroBlaze #0 (Running)
12:25:56 INFO  : ----------------XSDB Script----------------
connect -url tcp:127.0.0.1:3121
----------------End of Script----------------

12:25:56 ERROR : no targets found with "jtag_cable_name =~ "RealDigital Boo 887100000003A" && level==0 && jtag_device_ctx=="jsn1-0362f093-0"". available targets:
  1  xc7s50
     2  MicroBlaze Debug Module at USER2
        3  MicroBlaze #0 (Running)
12:26:21 INFO  : Checking for BSP changes to sync application flags for project 'final'...
12:26:23 INFO  : Connected to target on host '127.0.0.1' and port '3121'.
12:26:23 INFO  : Jtag cable 'RealDigital Boo 887100000003A' is selected.
12:26:23 INFO  : 'jtag frequency' command is executed.
12:26:26 ERROR : no targets found with "jtag_cable_name =~ "RealDigital Boo 887100000003A" && level==0 && jtag_device_ctx=="jsn1-0362f093-0"". available targets:
  1  xc7s50
     2  MicroBlaze Debug Module at USER2
        3  MicroBlaze #0 (Running)
12:26:26 ERROR : Exception occured while running Program Device.
java.lang.RuntimeException: no targets found with "jtag_cable_name =~ "RealDigital Boo 887100000003A" && level==0 && jtag_device_ctx=="jsn1-0362f093-0"". available targets:
  1  xc7s50
     2  MicroBlaze Debug Module at USER2
        3  MicroBlaze #0 (Running)
12:26:26 INFO  : ----------------XSDB Script----------------
connect -url tcp:127.0.0.1:3121
----------------End of Script----------------

12:26:26 ERROR : no targets found with "jtag_cable_name =~ "RealDigital Boo 887100000003A" && level==0 && jtag_device_ctx=="jsn1-0362f093-0"". available targets:
  1  xc7s50
     2  MicroBlaze Debug Module at USER2
        3  MicroBlaze #0 (Running)
12:26:47 INFO  : Connected to target on host '127.0.0.1' and port '3121'.
12:26:47 INFO  : Jtag cable 'RealDigital Boo 887100000003A' is selected.
12:26:47 INFO  : 'jtag frequency' command is executed.
12:26:51 ERROR : no targets found with "jtag_cable_name =~ "RealDigital Boo 887100000003A" && level==0 && jtag_device_ctx=="jsn1-0362f093-0"". available targets:
  1  xc7s50
     2  MicroBlaze Debug Module at USER2
        3  MicroBlaze #0 (Running)
12:26:51 ERROR : Exception occured while running Program Device.
java.lang.RuntimeException: no targets found with "jtag_cable_name =~ "RealDigital Boo 887100000003A" && level==0 && jtag_device_ctx=="jsn1-0362f093-0"". available targets:
  1  xc7s50
     2  MicroBlaze Debug Module at USER2
        3  MicroBlaze #0 (Running)
12:26:51 INFO  : ----------------XSDB Script----------------
connect -url tcp:127.0.0.1:3121
----------------End of Script----------------

12:26:51 ERROR : no targets found with "jtag_cable_name =~ "RealDigital Boo 887100000003A" && level==0 && jtag_device_ctx=="jsn1-0362f093-0"". available targets:
  1  xc7s50
     2  MicroBlaze Debug Module at USER2
        3  MicroBlaze #0 (Running)
12:27:58 INFO  : Result from executing command 'removePlatformRepo': 
12:28:00 INFO  : Result from executing command 'getProjects': mb_final_top
12:28:00 INFO  : Result from executing command 'getPlatforms': 
12:28:01 INFO  : Checking for BSP changes to sync application flags for project 'final'...
12:28:05 INFO  : Connected to target on host '127.0.0.1' and port '3121'.
12:28:05 INFO  : Jtag cable 'RealDigital Boo 887100000003A' is selected.
12:28:05 INFO  : 'jtag frequency' command is executed.
12:28:08 ERROR : no targets found with "jtag_cable_name =~ "RealDigital Boo 887100000003A" && level==0 && jtag_device_ctx=="jsn1-0362f093-0"". available targets:
  1  xc7s50
     2  MicroBlaze Debug Module at USER2
        3  MicroBlaze #0 (Running)
12:28:08 ERROR : Exception occured while running Program Device.
java.lang.RuntimeException: no targets found with "jtag_cable_name =~ "RealDigital Boo 887100000003A" && level==0 && jtag_device_ctx=="jsn1-0362f093-0"". available targets:
  1  xc7s50
     2  MicroBlaze Debug Module at USER2
        3  MicroBlaze #0 (Running)
12:28:08 INFO  : ----------------XSDB Script----------------
connect -url tcp:127.0.0.1:3121
----------------End of Script----------------

12:28:08 ERROR : no targets found with "jtag_cable_name =~ "RealDigital Boo 887100000003A" && level==0 && jtag_device_ctx=="jsn1-0362f093-0"". available targets:
  1  xc7s50
     2  MicroBlaze Debug Module at USER2
        3  MicroBlaze #0 (Running)
12:48:50 INFO  : Connected to target on host '127.0.0.1' and port '3121'.
12:48:50 INFO  : Jtag cable 'RealDigital Boo 887100000003A' is selected.
12:48:50 INFO  : 'jtag frequency' command is executed.
12:48:53 ERROR : no targets found with "jtag_cable_name =~ "RealDigital Boo 887100000003A" && level==0 && jtag_device_ctx=="jsn1-0362f093-0"". available targets:
  1  xc7s50
     2  MicroBlaze Debug Module at USER2
        3  MicroBlaze #0 (Running)
12:48:53 ERROR : Exception occured while running Program Device.
java.lang.RuntimeException: no targets found with "jtag_cable_name =~ "RealDigital Boo 887100000003A" && level==0 && jtag_device_ctx=="jsn1-0362f093-0"". available targets:
  1  xc7s50
     2  MicroBlaze Debug Module at USER2
        3  MicroBlaze #0 (Running)
12:48:53 INFO  : ----------------XSDB Script----------------
connect -url tcp:127.0.0.1:3121
----------------End of Script----------------

12:48:53 ERROR : no targets found with "jtag_cable_name =~ "RealDigital Boo 887100000003A" && level==0 && jtag_device_ctx=="jsn1-0362f093-0"". available targets:
  1  xc7s50
     2  MicroBlaze Debug Module at USER2
        3  MicroBlaze #0 (Running)
12:49:02 INFO  : Hardware specification for platform project 'mb_final_top' is updated.
12:49:09 INFO  : Result from executing command 'getProjects': mb_final_top
12:49:09 INFO  : Result from executing command 'getPlatforms': mb_final_top|C:/Users/Warre/fireboy_watergirl_final_project/mb_final_top/export/mb_final_top/mb_final_top.xpfm
12:49:09 INFO  : Connected to target on host '127.0.0.1' and port '3121'.
12:49:09 INFO  : Jtag cable 'RealDigital Boo 887100000003A' is selected.
12:49:09 INFO  : 'jtag frequency' command is executed.
12:49:12 ERROR : no targets found with "jtag_cable_name =~ "RealDigital Boo 887100000003A" && level==0 && jtag_device_ctx=="jsn1-0362f093-0"". available targets:
  1  xc7s50
     2  MicroBlaze Debug Module at USER2
        3  MicroBlaze #0 (Running)
12:49:12 ERROR : Exception occured while running Program Device.
java.lang.RuntimeException: no targets found with "jtag_cable_name =~ "RealDigital Boo 887100000003A" && level==0 && jtag_device_ctx=="jsn1-0362f093-0"". available targets:
  1  xc7s50
     2  MicroBlaze Debug Module at USER2
        3  MicroBlaze #0 (Running)
12:49:12 INFO  : ----------------XSDB Script----------------
connect -url tcp:127.0.0.1:3121
----------------End of Script----------------

12:49:12 ERROR : no targets found with "jtag_cable_name =~ "RealDigital Boo 887100000003A" && level==0 && jtag_device_ctx=="jsn1-0362f093-0"". available targets:
  1  xc7s50
     2  MicroBlaze Debug Module at USER2
        3  MicroBlaze #0 (Running)
12:52:18 DEBUG : Logs will be stored at 'C:/Users/Warre/fireboy_watergirl_final_project/IDE.log'.
12:52:19 INFO  : Launching XSCT server: xsct.bat -n  -interactive C:\Users\Warre\fireboy_watergirl_final_project\temp_xsdb_launch_script.tcl
12:52:20 INFO  : XSCT server has started successfully.
12:52:20 INFO  : plnx-install-location is set to ''
12:52:20 INFO  : Successfully done setting XSCT server connection channel  
12:52:20 INFO  : Successfully done setting workspace for the tool. 
12:52:20 INFO  : Platform repository initialization has completed.
12:52:21 INFO  : Registering command handlers for Vitis TCF services
12:52:22 INFO  : Successfully done query RDI_DATADIR 
12:54:14 INFO  : Hardware specification for platform project 'mb_final_top' is updated.
12:54:24 INFO  : Result from executing command 'removePlatformRepo': 
12:54:28 INFO  : Result from executing command 'getProjects': mb_final_top
12:54:28 INFO  : Result from executing command 'getPlatforms': 
12:54:28 INFO  : Checking for BSP changes to sync application flags for project 'final'...
12:54:29 INFO  : The hardware specification used by project 'final' is out of sync with the platform. Resource files extracted from the hardware specification will be updated.
12:54:29 INFO  : The file 'C:\Users\Warre\fireboy_watergirl_final_project\final\_ide\bitstream\mb_final_top.bit' stored in project is removed.
12:54:29 INFO  : The file 'C:\Users\Warre\fireboy_watergirl_final_project\final\_ide\bitstream\mb_final_top.mmi' stored in project is removed.
12:54:29 INFO  : The updated bitstream files are copied from platform to folder 'C:\Users\Warre\fireboy_watergirl_final_project\final\_ide\bitstream' in project 'final'.
12:54:43 INFO  : Checking for BSP changes to sync application flags for project 'final'...
12:54:48 INFO  : Connected to target on host '127.0.0.1' and port '3121'.
12:54:49 INFO  : Jtag cable 'RealDigital Boo 887100000003A' is selected.
12:54:49 INFO  : 'jtag frequency' command is executed.
12:54:49 INFO  : 'targets -set -filter {jtag_cable_name =~ "RealDigital Boo 887100000003A" && level==0 && jtag_device_ctx=="jsn1-0362f093-0"}' command is executed.
12:54:50 INFO  : Device configured successfully with "C:/Users/Warre/fireboy_watergirl_final_project/final/_ide/bitstream/mb_final_top.bit"
12:54:50 INFO  : Context for processor 'microblaze_0' is selected.
12:54:50 INFO  : Hardware design and registers information is loaded from 'C:/Users/Warre/fireboy_watergirl_final_project/mb_final_top/export/mb_final_top/hw/mb_final_top.xsa'.
12:54:50 INFO  : 'configparams mdm-detect-bscan-mask 2' command is executed.
12:54:50 INFO  : Context for processor 'microblaze_0' is selected.
12:54:50 INFO  : System reset is completed.
12:54:53 INFO  : 'after 3000' command is executed.
12:54:53 INFO  : Context for processor 'microblaze_0' is selected.
12:54:53 INFO  : The application 'C:/Users/Warre/fireboy_watergirl_final_project/final/Debug/final.elf' is downloaded to processor 'microblaze_0'.
12:54:53 INFO  : ----------------XSDB Script----------------
connect -url tcp:127.0.0.1:3121
targets -set -filter {jtag_cable_name =~ "RealDigital Boo 887100000003A" && level==0 && jtag_device_ctx=="jsn1-0362f093-0"}
fpga -file C:/Users/Warre/fireboy_watergirl_final_project/final/_ide/bitstream/mb_final_top.bit
targets -set -nocase -filter {name =~ "*microblaze*#0" && bscan=="USER2" }
loadhw -hw C:/Users/Warre/fireboy_watergirl_final_project/mb_final_top/export/mb_final_top/hw/mb_final_top.xsa -regs
configparams mdm-detect-bscan-mask 2
targets -set -nocase -filter {name =~ "*microblaze*#0" && bscan=="USER2" }
rst -system
after 3000
targets -set -nocase -filter {name =~ "*microblaze*#0" && bscan=="USER2" }
dow C:/Users/Warre/fireboy_watergirl_final_project/final/Debug/final.elf
----------------End of Script----------------

12:54:53 INFO  : Context for processor 'microblaze_0' is selected.
12:54:53 INFO  : 'con' command is executed.
12:54:53 INFO  : ----------------XSDB Script (After Launch)----------------
targets -set -nocase -filter {name =~ "*microblaze*#0" && bscan=="USER2" }
con
----------------End of Script----------------

12:54:53 INFO  : Disconnected from the channel tcfchan#3.
15:21:09 INFO  : Connected to target on host '127.0.0.1' and port '3121'.
15:21:10 INFO  : Jtag cable 'RealDigital Boo 887100000003A' is selected.
15:21:10 INFO  : 'jtag frequency' command is executed.
15:21:10 INFO  : 'targets -set -filter {jtag_cable_name =~ "RealDigital Boo 887100000003A" && level==0 && jtag_device_ctx=="jsn1-0362f093-0"}' command is executed.
15:21:11 INFO  : Device configured successfully with "C:/Users/Warre/fireboy_watergirl_final_project/final/_ide/bitstream/mb_final_top.bit"
15:21:11 INFO  : Context for processor 'microblaze_0' is selected.
15:21:11 INFO  : Hardware design and registers information is loaded from 'C:/Users/Warre/fireboy_watergirl_final_project/mb_final_top/export/mb_final_top/hw/mb_final_top.xsa'.
15:21:11 INFO  : 'configparams mdm-detect-bscan-mask 2' command is executed.
15:21:11 INFO  : Context for processor 'microblaze_0' is selected.
15:21:11 INFO  : System reset is completed.
15:21:14 INFO  : 'after 3000' command is executed.
15:21:14 INFO  : Context for processor 'microblaze_0' is selected.
15:21:14 INFO  : The application 'C:/Users/Warre/fireboy_watergirl_final_project/final/Debug/final.elf' is downloaded to processor 'microblaze_0'.
15:21:14 INFO  : ----------------XSDB Script----------------
connect -url tcp:127.0.0.1:3121
targets -set -filter {jtag_cable_name =~ "RealDigital Boo 887100000003A" && level==0 && jtag_device_ctx=="jsn1-0362f093-0"}
fpga -file C:/Users/Warre/fireboy_watergirl_final_project/final/_ide/bitstream/mb_final_top.bit
targets -set -nocase -filter {name =~ "*microblaze*#0" && bscan=="USER2" }
loadhw -hw C:/Users/Warre/fireboy_watergirl_final_project/mb_final_top/export/mb_final_top/hw/mb_final_top.xsa -regs
configparams mdm-detect-bscan-mask 2
targets -set -nocase -filter {name =~ "*microblaze*#0" && bscan=="USER2" }
rst -system
after 3000
targets -set -nocase -filter {name =~ "*microblaze*#0" && bscan=="USER2" }
dow C:/Users/Warre/fireboy_watergirl_final_project/final/Debug/final.elf
----------------End of Script----------------

15:21:14 INFO  : Context for processor 'microblaze_0' is selected.
15:21:14 INFO  : 'con' command is executed.
15:21:14 INFO  : ----------------XSDB Script (After Launch)----------------
targets -set -nocase -filter {name =~ "*microblaze*#0" && bscan=="USER2" }
con
----------------End of Script----------------

15:21:14 INFO  : Disconnected from the channel tcfchan#4.
14:43:04 DEBUG : Logs will be stored at 'C:/Users/Warre/fireboy_watergirl_final_project/IDE.log'.
14:43:04 INFO  : Launching XSCT server: xsct.bat -n  -interactive C:\Users\Warre\fireboy_watergirl_final_project\temp_xsdb_launch_script.tcl
14:43:06 INFO  : Platform repository initialization has completed.
14:43:07 INFO  : Registering command handlers for Vitis TCF services
14:43:07 INFO  : XSCT server has started successfully.
14:43:07 INFO  : Successfully done setting XSCT server connection channel  
14:43:10 INFO  : plnx-install-location is set to ''
14:43:10 INFO  : Successfully done setting workspace for the tool. 
14:43:10 INFO  : Successfully done query RDI_DATADIR 
14:43:19 INFO  : Checking for BSP changes to sync application flags for project 'final'...
14:43:23 INFO  : Connected to target on host '127.0.0.1' and port '3121'.
14:43:24 INFO  : Jtag cable 'RealDigital Boo 887100000003A' is selected.
14:43:24 INFO  : 'jtag frequency' command is executed.
14:43:24 INFO  : 'targets -set -filter {jtag_cable_name =~ "RealDigital Boo 887100000003A" && level==0 && jtag_device_ctx=="jsn1-0362f093-0"}' command is executed.
14:43:25 INFO  : Device configured successfully with "C:/Users/Warre/fireboy_watergirl_final_project/final/_ide/bitstream/mb_final_top.bit"
14:43:25 INFO  : Context for processor 'microblaze_0' is selected.
14:43:25 INFO  : Hardware design and registers information is loaded from 'C:/Users/Warre/fireboy_watergirl_final_project/mb_final_top/export/mb_final_top/hw/mb_final_top.xsa'.
14:43:25 INFO  : 'configparams mdm-detect-bscan-mask 2' command is executed.
14:43:25 INFO  : Context for processor 'microblaze_0' is selected.
14:43:25 INFO  : System reset is completed.
14:43:28 INFO  : 'after 3000' command is executed.
14:43:28 INFO  : Context for processor 'microblaze_0' is selected.
14:43:28 INFO  : The application 'C:/Users/Warre/fireboy_watergirl_final_project/final/Debug/final.elf' is downloaded to processor 'microblaze_0'.
14:43:28 INFO  : ----------------XSDB Script----------------
connect -url tcp:127.0.0.1:3121
targets -set -filter {jtag_cable_name =~ "RealDigital Boo 887100000003A" && level==0 && jtag_device_ctx=="jsn1-0362f093-0"}
fpga -file C:/Users/Warre/fireboy_watergirl_final_project/final/_ide/bitstream/mb_final_top.bit
targets -set -nocase -filter {name =~ "*microblaze*#0" && bscan=="USER2" }
loadhw -hw C:/Users/Warre/fireboy_watergirl_final_project/mb_final_top/export/mb_final_top/hw/mb_final_top.xsa -regs
configparams mdm-detect-bscan-mask 2
targets -set -nocase -filter {name =~ "*microblaze*#0" && bscan=="USER2" }
rst -system
after 3000
targets -set -nocase -filter {name =~ "*microblaze*#0" && bscan=="USER2" }
dow C:/Users/Warre/fireboy_watergirl_final_project/final/Debug/final.elf
----------------End of Script----------------

14:43:29 INFO  : Context for processor 'microblaze_0' is selected.
14:43:29 INFO  : 'con' command is executed.
14:43:29 INFO  : ----------------XSDB Script (After Launch)----------------
targets -set -nocase -filter {name =~ "*microblaze*#0" && bscan=="USER2" }
con
----------------End of Script----------------

14:43:29 INFO  : Disconnected from the channel tcfchan#1.
18:04:53 DEBUG : Logs will be stored at 'C:/Users/Warre/fireboy_watergirl_final_project/IDE.log'.
18:04:54 INFO  : Launching XSCT server: xsct.bat -n  -interactive C:\Users\Warre\fireboy_watergirl_final_project\temp_xsdb_launch_script.tcl
18:04:55 INFO  : XSCT server has started successfully.
18:04:55 INFO  : plnx-install-location is set to ''
18:04:55 INFO  : Successfully done setting XSCT server connection channel  
18:04:55 INFO  : Successfully done setting workspace for the tool. 
18:04:56 INFO  : Platform repository initialization has completed.
18:04:56 INFO  : Successfully done query RDI_DATADIR 
18:04:56 INFO  : Registering command handlers for Vitis TCF services
18:05:02 INFO  : Checking for BSP changes to sync application flags for project 'final'...
18:05:06 INFO  : Connected to target on host '127.0.0.1' and port '3121'.
18:05:06 INFO  : Jtag cable 'RealDigital Boo 887100000003A' is selected.
18:05:06 INFO  : 'jtag frequency' command is executed.
18:05:06 INFO  : 'targets -set -filter {jtag_cable_name =~ "RealDigital Boo 887100000003A" && level==0 && jtag_device_ctx=="jsn1-0362f093-0"}' command is executed.
18:05:07 INFO  : Device configured successfully with "C:/Users/Warre/fireboy_watergirl_final_project/final/_ide/bitstream/mb_final_top.bit"
18:05:08 INFO  : Context for processor 'microblaze_0' is selected.
18:05:08 INFO  : Hardware design and registers information is loaded from 'C:/Users/Warre/fireboy_watergirl_final_project/mb_final_top/export/mb_final_top/hw/mb_final_top.xsa'.
18:05:08 INFO  : 'configparams mdm-detect-bscan-mask 2' command is executed.
18:05:08 INFO  : Context for processor 'microblaze_0' is selected.
18:05:08 INFO  : System reset is completed.
18:05:11 INFO  : 'after 3000' command is executed.
18:05:11 INFO  : Context for processor 'microblaze_0' is selected.
18:05:11 INFO  : The application 'C:/Users/Warre/fireboy_watergirl_final_project/final/Debug/final.elf' is downloaded to processor 'microblaze_0'.
18:05:11 INFO  : ----------------XSDB Script----------------
connect -url tcp:127.0.0.1:3121
targets -set -filter {jtag_cable_name =~ "RealDigital Boo 887100000003A" && level==0 && jtag_device_ctx=="jsn1-0362f093-0"}
fpga -file C:/Users/Warre/fireboy_watergirl_final_project/final/_ide/bitstream/mb_final_top.bit
targets -set -nocase -filter {name =~ "*microblaze*#0" && bscan=="USER2" }
loadhw -hw C:/Users/Warre/fireboy_watergirl_final_project/mb_final_top/export/mb_final_top/hw/mb_final_top.xsa -regs
configparams mdm-detect-bscan-mask 2
targets -set -nocase -filter {name =~ "*microblaze*#0" && bscan=="USER2" }
rst -system
after 3000
targets -set -nocase -filter {name =~ "*microblaze*#0" && bscan=="USER2" }
dow C:/Users/Warre/fireboy_watergirl_final_project/final/Debug/final.elf
----------------End of Script----------------

18:05:11 INFO  : Context for processor 'microblaze_0' is selected.
18:05:11 INFO  : 'con' command is executed.
18:05:11 INFO  : ----------------XSDB Script (After Launch)----------------
targets -set -nocase -filter {name =~ "*microblaze*#0" && bscan=="USER2" }
con
----------------End of Script----------------

18:05:11 INFO  : Disconnected from the channel tcfchan#1.
18:10:56 INFO  : Hardware specification for platform project 'mb_final_top' is updated.
18:11:06 INFO  : Result from executing command 'removePlatformRepo': 
18:11:09 INFO  : Result from executing command 'getProjects': mb_final_top
18:11:09 INFO  : Result from executing command 'getPlatforms': 
18:11:09 INFO  : Checking for BSP changes to sync application flags for project 'final'...
18:11:09 WARN  : Failed to closehw "C:/Users/Warre/fireboy_watergirl_final_project/mb_final_top/export/mb_final_top/hw/mb_final_top.xsa"
Reason: Cannot close hw design 'C:/Users/Warre/fireboy_watergirl_final_project/mb_final_top/export/mb_final_top/hw/mb_final_top.xsa'.
Design is not opened in the current session.

18:11:11 INFO  : The hardware specification used by project 'final' is out of sync with the platform. Resource files extracted from the hardware specification will be updated.
18:11:11 INFO  : The file 'C:\Users\Warre\fireboy_watergirl_final_project\final\_ide\bitstream\mb_final_top.bit' stored in project is removed.
18:11:11 INFO  : The file 'C:\Users\Warre\fireboy_watergirl_final_project\final\_ide\bitstream\mb_final_top.mmi' stored in project is removed.
18:11:11 INFO  : The updated bitstream files are copied from platform to folder 'C:\Users\Warre\fireboy_watergirl_final_project\final\_ide\bitstream' in project 'final'.
18:11:15 INFO  : Connected to target on host '127.0.0.1' and port '3121'.
18:11:15 INFO  : Jtag cable 'RealDigital Boo 887100000003A' is selected.
18:11:15 INFO  : 'jtag frequency' command is executed.
18:11:15 INFO  : 'targets -set -filter {jtag_cable_name =~ "RealDigital Boo 887100000003A" && level==0 && jtag_device_ctx=="jsn1-0362f093-0"}' command is executed.
18:11:16 INFO  : Device configured successfully with "C:/Users/Warre/fireboy_watergirl_final_project/final/_ide/bitstream/mb_final_top.bit"
18:11:16 INFO  : Context for processor 'microblaze_0' is selected.
18:11:16 INFO  : Hardware design and registers information is loaded from 'C:/Users/Warre/fireboy_watergirl_final_project/mb_final_top/export/mb_final_top/hw/mb_final_top.xsa'.
18:11:16 INFO  : 'configparams mdm-detect-bscan-mask 2' command is executed.
18:11:16 INFO  : Context for processor 'microblaze_0' is selected.
18:11:16 INFO  : System reset is completed.
18:11:19 INFO  : 'after 3000' command is executed.
18:11:19 INFO  : Context for processor 'microblaze_0' is selected.
18:11:19 INFO  : The application 'C:/Users/Warre/fireboy_watergirl_final_project/final/Debug/final.elf' is downloaded to processor 'microblaze_0'.
18:11:19 INFO  : ----------------XSDB Script----------------
connect -url tcp:127.0.0.1:3121
targets -set -filter {jtag_cable_name =~ "RealDigital Boo 887100000003A" && level==0 && jtag_device_ctx=="jsn1-0362f093-0"}
fpga -file C:/Users/Warre/fireboy_watergirl_final_project/final/_ide/bitstream/mb_final_top.bit
targets -set -nocase -filter {name =~ "*microblaze*#0" && bscan=="USER2" }
loadhw -hw C:/Users/Warre/fireboy_watergirl_final_project/mb_final_top/export/mb_final_top/hw/mb_final_top.xsa -regs
configparams mdm-detect-bscan-mask 2
targets -set -nocase -filter {name =~ "*microblaze*#0" && bscan=="USER2" }
rst -system
after 3000
targets -set -nocase -filter {name =~ "*microblaze*#0" && bscan=="USER2" }
dow C:/Users/Warre/fireboy_watergirl_final_project/final/Debug/final.elf
----------------End of Script----------------

18:11:19 INFO  : Context for processor 'microblaze_0' is selected.
18:11:19 INFO  : 'con' command is executed.
18:11:19 INFO  : ----------------XSDB Script (After Launch)----------------
targets -set -nocase -filter {name =~ "*microblaze*#0" && bscan=="USER2" }
con
----------------End of Script----------------

18:11:19 INFO  : Disconnected from the channel tcfchan#4.
18:11:50 INFO  : Result from executing command 'removePlatformRepo': 
18:11:52 INFO  : Result from executing command 'getProjects': mb_final_top
18:11:52 INFO  : Result from executing command 'getPlatforms': 
18:11:52 INFO  : Checking for BSP changes to sync application flags for project 'final'...
18:12:03 INFO  : Connected to target on host '127.0.0.1' and port '3121'.
18:12:03 INFO  : Jtag cable 'RealDigital Boo 887100000003A' is selected.
18:12:03 INFO  : 'jtag frequency' command is executed.
18:12:04 INFO  : 'targets -set -filter {jtag_cable_name =~ "RealDigital Boo 887100000003A" && level==0 && jtag_device_ctx=="jsn1-0362f093-0"}' command is executed.
18:12:05 INFO  : Device configured successfully with "C:/Users/Warre/fireboy_watergirl_final_project/final/_ide/bitstream/mb_final_top.bit"
18:12:05 INFO  : Context for processor 'microblaze_0' is selected.
18:12:05 INFO  : Hardware design and registers information is loaded from 'C:/Users/Warre/fireboy_watergirl_final_project/mb_final_top/export/mb_final_top/hw/mb_final_top.xsa'.
18:12:05 INFO  : 'configparams mdm-detect-bscan-mask 2' command is executed.
18:12:05 INFO  : Context for processor 'microblaze_0' is selected.
18:12:05 INFO  : System reset is completed.
18:12:08 INFO  : 'after 3000' command is executed.
18:12:08 INFO  : Context for processor 'microblaze_0' is selected.
18:12:08 INFO  : The application 'C:/Users/Warre/fireboy_watergirl_final_project/final/Debug/final.elf' is downloaded to processor 'microblaze_0'.
18:12:08 INFO  : ----------------XSDB Script----------------
connect -url tcp:127.0.0.1:3121
targets -set -filter {jtag_cable_name =~ "RealDigital Boo 887100000003A" && level==0 && jtag_device_ctx=="jsn1-0362f093-0"}
fpga -file C:/Users/Warre/fireboy_watergirl_final_project/final/_ide/bitstream/mb_final_top.bit
targets -set -nocase -filter {name =~ "*microblaze*#0" && bscan=="USER2" }
loadhw -hw C:/Users/Warre/fireboy_watergirl_final_project/mb_final_top/export/mb_final_top/hw/mb_final_top.xsa -regs
configparams mdm-detect-bscan-mask 2
targets -set -nocase -filter {name =~ "*microblaze*#0" && bscan=="USER2" }
rst -system
after 3000
targets -set -nocase -filter {name =~ "*microblaze*#0" && bscan=="USER2" }
dow C:/Users/Warre/fireboy_watergirl_final_project/final/Debug/final.elf
----------------End of Script----------------

18:12:08 INFO  : Context for processor 'microblaze_0' is selected.
18:12:08 INFO  : 'con' command is executed.
18:12:08 INFO  : ----------------XSDB Script (After Launch)----------------
targets -set -nocase -filter {name =~ "*microblaze*#0" && bscan=="USER2" }
con
----------------End of Script----------------

18:12:08 INFO  : Disconnected from the channel tcfchan#7.
20:53:44 DEBUG : Logs will be stored at 'C:/Users/Warre/fireboy_watergirl_final_project/IDE.log'.
20:53:44 INFO  : Launching XSCT server: xsct.bat -n  -interactive C:\Users\Warre\fireboy_watergirl_final_project\temp_xsdb_launch_script.tcl
20:53:45 INFO  : XSCT server has started successfully.
20:53:45 INFO  : plnx-install-location is set to ''
20:53:45 INFO  : Successfully done setting XSCT server connection channel  
20:53:45 INFO  : Successfully done setting workspace for the tool. 
20:53:46 INFO  : Platform repository initialization has completed.
20:53:46 INFO  : Successfully done query RDI_DATADIR 
20:53:46 INFO  : Registering command handlers for Vitis TCF services
20:54:18 INFO  : Hardware specification for platform project 'mb_final_top' is updated.
20:54:25 INFO  : Result from executing command 'removePlatformRepo': 
20:54:28 INFO  : Result from executing command 'getProjects': mb_final_top
20:54:28 INFO  : Result from executing command 'getPlatforms': 
20:54:28 INFO  : Checking for BSP changes to sync application flags for project 'final'...
20:54:29 INFO  : The hardware specification used by project 'final' is out of sync with the platform. Resource files extracted from the hardware specification will be updated.
20:54:29 INFO  : The file 'C:\Users\Warre\fireboy_watergirl_final_project\final\_ide\bitstream\mb_final_top.bit' stored in project is removed.
20:54:29 INFO  : The file 'C:\Users\Warre\fireboy_watergirl_final_project\final\_ide\bitstream\mb_final_top.mmi' stored in project is removed.
20:54:29 INFO  : The updated bitstream files are copied from platform to folder 'C:\Users\Warre\fireboy_watergirl_final_project\final\_ide\bitstream' in project 'final'.
20:55:36 INFO  : Result from executing command 'removePlatformRepo': 
20:55:38 INFO  : Result from executing command 'getProjects': mb_final_top
20:55:38 INFO  : Result from executing command 'getPlatforms': 
20:55:38 INFO  : Checking for BSP changes to sync application flags for project 'final'...
20:55:45 INFO  : Connected to target on host '127.0.0.1' and port '3121'.
20:55:46 INFO  : Jtag cable 'RealDigital Boo 887100000003A' is selected.
20:55:46 INFO  : 'jtag frequency' command is executed.
20:55:46 INFO  : 'targets -set -filter {jtag_cable_name =~ "RealDigital Boo 887100000003A" && level==0 && jtag_device_ctx=="jsn1-0362f093-0"}' command is executed.
20:55:47 INFO  : Device configured successfully with "C:/Users/Warre/fireboy_watergirl_final_project/final/_ide/bitstream/mb_final_top.bit"
20:55:47 INFO  : Context for processor 'microblaze_0' is selected.
20:55:47 INFO  : Hardware design and registers information is loaded from 'C:/Users/Warre/fireboy_watergirl_final_project/mb_final_top/export/mb_final_top/hw/mb_final_top.xsa'.
20:55:47 INFO  : 'configparams mdm-detect-bscan-mask 2' command is executed.
20:55:47 INFO  : Context for processor 'microblaze_0' is selected.
20:55:47 INFO  : System reset is completed.
20:55:50 INFO  : 'after 3000' command is executed.
20:55:50 INFO  : Context for processor 'microblaze_0' is selected.
20:55:50 INFO  : The application 'C:/Users/Warre/fireboy_watergirl_final_project/final/Debug/final.elf' is downloaded to processor 'microblaze_0'.
20:55:50 INFO  : ----------------XSDB Script----------------
connect -url tcp:127.0.0.1:3121
targets -set -filter {jtag_cable_name =~ "RealDigital Boo 887100000003A" && level==0 && jtag_device_ctx=="jsn1-0362f093-0"}
fpga -file C:/Users/Warre/fireboy_watergirl_final_project/final/_ide/bitstream/mb_final_top.bit
targets -set -nocase -filter {name =~ "*microblaze*#0" && bscan=="USER2" }
loadhw -hw C:/Users/Warre/fireboy_watergirl_final_project/mb_final_top/export/mb_final_top/hw/mb_final_top.xsa -regs
configparams mdm-detect-bscan-mask 2
targets -set -nocase -filter {name =~ "*microblaze*#0" && bscan=="USER2" }
rst -system
after 3000
targets -set -nocase -filter {name =~ "*microblaze*#0" && bscan=="USER2" }
dow C:/Users/Warre/fireboy_watergirl_final_project/final/Debug/final.elf
----------------End of Script----------------

20:55:50 INFO  : Context for processor 'microblaze_0' is selected.
20:55:50 INFO  : 'con' command is executed.
20:55:50 INFO  : ----------------XSDB Script (After Launch)----------------
targets -set -nocase -filter {name =~ "*microblaze*#0" && bscan=="USER2" }
con
----------------End of Script----------------

20:55:50 INFO  : Disconnected from the channel tcfchan#5.
17:37:48 DEBUG : Logs will be stored at 'C:/Users/Warre/fireboy_watergirl_final_project/IDE.log'.
17:37:49 INFO  : Launching XSCT server: xsct.bat -n  -interactive C:\Users\Warre\fireboy_watergirl_final_project\temp_xsdb_launch_script.tcl
17:37:51 INFO  : XSCT server has started successfully.
17:37:51 INFO  : plnx-install-location is set to ''
17:37:51 INFO  : Successfully done setting XSCT server connection channel  
17:37:51 INFO  : Successfully done setting workspace for the tool. 
17:37:51 INFO  : Platform repository initialization has completed.
17:37:51 INFO  : Registering command handlers for Vitis TCF services
17:37:54 INFO  : Successfully done query RDI_DATADIR 
17:38:16 INFO  : Hardware specification for platform project 'mb_final_top' is updated.
17:38:23 INFO  : Result from executing command 'removePlatformRepo': 
17:38:27 INFO  : Result from executing command 'getProjects': mb_final_top
17:38:27 INFO  : Result from executing command 'getPlatforms': 
17:38:27 INFO  : Checking for BSP changes to sync application flags for project 'final'...
17:38:29 INFO  : The hardware specification used by project 'final' is out of sync with the platform. Resource files extracted from the hardware specification will be updated.
17:38:29 INFO  : The file 'C:\Users\Warre\fireboy_watergirl_final_project\final\_ide\bitstream\mb_final_top.bit' stored in project is removed.
17:38:29 INFO  : The file 'C:\Users\Warre\fireboy_watergirl_final_project\final\_ide\bitstream\mb_final_top.mmi' stored in project is removed.
17:38:29 INFO  : The updated bitstream files are copied from platform to folder 'C:\Users\Warre\fireboy_watergirl_final_project\final\_ide\bitstream' in project 'final'.
17:38:55 DEBUG : Logs will be stored at 'C:/Users/Warre/fireboy_watergirl_final_project/IDE.log'.
17:38:55 INFO  : Launching XSCT server: xsct.bat -n  -interactive C:\Users\Warre\fireboy_watergirl_final_project\temp_xsdb_launch_script.tcl
17:38:57 INFO  : Platform repository initialization has completed.
17:38:57 INFO  : XSCT server has started successfully.
17:38:57 INFO  : Registering command handlers for Vitis TCF services
17:38:57 INFO  : plnx-install-location is set to ''
17:38:57 INFO  : Successfully done setting XSCT server connection channel  
17:38:57 INFO  : Successfully done query RDI_DATADIR 
17:38:57 INFO  : Successfully done setting workspace for the tool. 
17:39:04 INFO  : Hardware specification for platform project 'mb_final_top' is updated.
17:39:12 INFO  : Result from executing command 'removePlatformRepo': 
17:39:15 INFO  : Result from executing command 'getProjects': mb_final_top
17:39:15 INFO  : Result from executing command 'getPlatforms': 
17:39:15 INFO  : Checking for BSP changes to sync application flags for project 'final'...
17:39:48 INFO  : Hardware specification for platform project 'mb_final_top' is updated.
17:39:56 INFO  : Result from executing command 'removePlatformRepo': 
17:39:59 INFO  : Result from executing command 'getProjects': mb_final_top
17:39:59 INFO  : Result from executing command 'getPlatforms': 
17:39:59 INFO  : Checking for BSP changes to sync application flags for project 'final'...
17:40:00 INFO  : The hardware specification used by project 'final' is out of sync with the platform. Resource files extracted from the hardware specification will be updated.
17:40:00 INFO  : The file 'C:\Users\Warre\fireboy_watergirl_final_project\final\_ide\bitstream\mb_usb_hdmi_top.bit' stored in project is removed.
17:40:00 INFO  : The file 'C:\Users\Warre\fireboy_watergirl_final_project\final\_ide\bitstream\mb_usb_hdmi_top.mmi' stored in project is removed.
17:40:00 INFO  : The updated bitstream files are copied from platform to folder 'C:\Users\Warre\fireboy_watergirl_final_project\final\_ide\bitstream' in project 'final'.
17:40:04 INFO  : Connected to target on host '127.0.0.1' and port '3121'.
17:40:04 INFO  : Jtag cable 'RealDigital Boo 887100000003A' is selected.
17:40:04 INFO  : 'jtag frequency' command is executed.
17:40:04 INFO  : 'targets -set -filter {jtag_cable_name =~ "RealDigital Boo 887100000003A" && level==0 && jtag_device_ctx=="jsn1-0362f093-0"}' command is executed.
17:40:06 INFO  : Device configured successfully with "C:/Users/Warre/fireboy_watergirl_final_project/final/_ide/bitstream/mb_final_top.bit"
17:40:06 INFO  : Context for processor 'microblaze_0' is selected.
17:40:06 INFO  : Hardware design and registers information is loaded from 'C:/Users/Warre/fireboy_watergirl_final_project/mb_final_top/export/mb_final_top/hw/mb_final_top.xsa'.
17:40:06 INFO  : 'configparams mdm-detect-bscan-mask 2' command is executed.
17:40:06 INFO  : Context for processor 'microblaze_0' is selected.
17:40:06 INFO  : System reset is completed.
17:40:09 INFO  : 'after 3000' command is executed.
17:40:09 INFO  : Context for processor 'microblaze_0' is selected.
17:40:09 INFO  : The application 'C:/Users/Warre/fireboy_watergirl_final_project/final/Debug/final.elf' is downloaded to processor 'microblaze_0'.
17:40:09 INFO  : ----------------XSDB Script----------------
connect -url tcp:127.0.0.1:3121
targets -set -filter {jtag_cable_name =~ "RealDigital Boo 887100000003A" && level==0 && jtag_device_ctx=="jsn1-0362f093-0"}
fpga -file C:/Users/Warre/fireboy_watergirl_final_project/final/_ide/bitstream/mb_final_top.bit
targets -set -nocase -filter {name =~ "*microblaze*#0" && bscan=="USER2" }
loadhw -hw C:/Users/Warre/fireboy_watergirl_final_project/mb_final_top/export/mb_final_top/hw/mb_final_top.xsa -regs
configparams mdm-detect-bscan-mask 2
targets -set -nocase -filter {name =~ "*microblaze*#0" && bscan=="USER2" }
rst -system
after 3000
targets -set -nocase -filter {name =~ "*microblaze*#0" && bscan=="USER2" }
dow C:/Users/Warre/fireboy_watergirl_final_project/final/Debug/final.elf
----------------End of Script----------------

17:40:09 INFO  : Context for processor 'microblaze_0' is selected.
17:40:09 INFO  : 'con' command is executed.
17:40:09 INFO  : ----------------XSDB Script (After Launch)----------------
targets -set -nocase -filter {name =~ "*microblaze*#0" && bscan=="USER2" }
con
----------------End of Script----------------

17:40:09 INFO  : Disconnected from the channel tcfchan#5.
