INFO: [VRFC 10-2263] Analyzing SystemVerilog file "C:/Users/Warre/fireboy_watergirl_final_project/fireboy_watergirl_final_project.srcs/sources_1/imports/src/VGA_controller.sv" into library xil_defaultlib
INFO: [VRFC 10-311] analyzing module vga_controller
INFO: [VRFC 10-2263] Analyzing SystemVerilog file "C:/Users/Warre/fireboy_watergirl_final_project/fireboy_watergirl_final_project.srcs/sources_1/new/collision.sv" into library xil_defaultlib
INFO: [VRFC 10-311] analyzing module wall_checker
INFO: [VRFC 10-2263] Analyzing SystemVerilog file "C:/Users/Warre/fireboy_watergirl_final_project/fireboy_watergirl_final_project.srcs/sources_1/new/color_mapper.sv" into library xil_defaultlib
INFO: [VRFC 10-311] analyzing module color_mapper
INFO: [VRFC 10-2263] Analyzing SystemVerilog file "C:/Users/Warre/fireboy_watergirl_final_project/fireboy_watergirl_final_project.srcs/sources_1/new/game_state.sv" into library xil_defaultlib
INFO: [VRFC 10-311] analyzing module game_logic
INFO: [VRFC 10-2263] Analyzing SystemVerilog file "C:/Users/Warre/fireboy_watergirl_final_project/fireboy_watergirl_final_project.srcs/sources_1/new/hex_driver.sv" into library xil_defaultlib
INFO: [VRFC 10-311] analyzing module hex_driver
INFO: [VRFC 10-311] analyzing module nibble_to_hex
INFO: [VRFC 10-2263] Analyzing SystemVerilog file "C:/Users/Warre/fireboy_watergirl_final_project/fireboy_watergirl_final_project.srcs/sources_1/new/map.sv" into library xil_defaultlib
INFO: [VRFC 10-311] analyzing module map
INFO: [VRFC 10-311] analyzing module map_palette
INFO: [VRFC 10-2263] Analyzing SystemVerilog file "C:/Users/Warre/fireboy_watergirl_final_project/fireboy_watergirl_final_project.srcs/sources_1/new/start_background.sv" into library xil_defaultlib
INFO: [VRFC 10-311] analyzing module background
INFO: [VRFC 10-311] analyzing module background_palette
INFO: [VRFC 10-2263] Analyzing SystemVerilog file "C:/Users/Warre/fireboy_watergirl_final_project/fireboy_watergirl_final_project.srcs/sources_1/new/top_level.sv" into library xil_defaultlib
INFO: [VRFC 10-311] analyzing module mb_final_top
INFO: [VRFC 10-2263] Analyzing SystemVerilog file "C:/Users/Warre/fireboy_watergirl_final_project/fireboy_watergirl_final_project.srcs/sources_1/new/watergirl.sv" into library xil_defaultlib
INFO: [VRFC 10-311] analyzing module watergirl
INFO: [VRFC 10-311] analyzing module girl_palette
INFO: [VRFC 10-311] analyzing module girl_left1_palette
INFO: [VRFC 10-311] analyzing module girl_left2_palette
INFO: [VRFC 10-311] analyzing module girl_right1_palette
INFO: [VRFC 10-311] analyzing module girl_right2_palette
INFO: [VRFC 10-2263] Analyzing SystemVerilog file "C:/Users/Warre/fireboy_watergirl_final_project/fireboy_watergirl_final_project.srcs/sim_1/new/top_level_tb.sv" into library xil_defaultlib
INFO: [VRFC 10-311] analyzing module tb_mb_final_top
