19:03:14 DEBUG : Logs will be stored at 'U:/ECE385/lab_6.2/IDE.log'.
19:03:17 INFO  : Launching XSCT server: xsct.bat -n  -interactive U:\ECE385\lab_6.2\temp_xsdb_launch_script.tcl
19:03:17 INFO  : Registering command handlers for Vitis TCF services
19:03:18 INFO  : Platform repository initialization has completed.
19:03:20 INFO  : XSCT server has started successfully.
19:03:20 INFO  : plnx-install-location is set to ''
19:03:23 INFO  : Successfully done setting XSCT server connection channel  
19:03:23 INFO  : Successfully done query RDI_DATADIR 
19:03:23 INFO  : Successfully done setting workspace for the tool. 
19:04:29 INFO  : Result from executing command 'getProjects': mb_usb_hdmi_top
19:04:29 INFO  : Result from executing command 'getPlatforms': xilinx_vck190_base_202220_1|C:/Xilinx/Vitis/2022.2/base_platforms/xilinx_vck190_base_202220_1/xilinx_vck190_base_202220_1.xpfm;xilinx_vck190_base_dfx_202220_1|C:/Xilinx/Vitis/2022.2/base_platforms/xilinx_vck190_base_dfx_202220_1/xilinx_vck190_base_dfx_202220_1.xpfm;xilinx_vmk180_base_202220_1|C:/Xilinx/Vitis/2022.2/base_platforms/xilinx_vmk180_base_202220_1/xilinx_vmk180_base_202220_1.xpfm;xilinx_zcu102_base_202220_1|C:/Xilinx/Vitis/2022.2/base_platforms/xilinx_zcu102_base_202220_1/xilinx_zcu102_base_202220_1.xpfm;xilinx_zcu102_base_dfx_202220_1|C:/Xilinx/Vitis/2022.2/base_platforms/xilinx_zcu102_base_dfx_202220_1/xilinx_zcu102_base_dfx_202220_1.xpfm;xilinx_zcu104_base_202220_1|C:/Xilinx/Vitis/2022.2/base_platforms/xilinx_zcu104_base_202220_1/xilinx_zcu104_base_202220_1.xpfm
19:04:30 WARN  : An unexpected exception occurred in the module 'platform project logging'
19:04:32 INFO  : Platform 'mb_usb_hdmi_top' is added to custom repositories.
19:04:37 INFO  : Platform 'mb_usb_hdmi_top' is added to custom repositories.
19:19:07 INFO  : Hardware specification for platform project 'mb_usb_hdmi_top' is updated.
19:19:37 INFO  : Result from executing command 'removePlatformRepo': 
19:20:19 INFO  : Result from executing command 'getProjects': mb_usb_hdmi_top
19:20:19 INFO  : Result from executing command 'getPlatforms': xilinx_vck190_base_202220_1|C:/Xilinx/Vitis/2022.2/base_platforms/xilinx_vck190_base_202220_1/xilinx_vck190_base_202220_1.xpfm;xilinx_vck190_base_dfx_202220_1|C:/Xilinx/Vitis/2022.2/base_platforms/xilinx_vck190_base_dfx_202220_1/xilinx_vck190_base_dfx_202220_1.xpfm;xilinx_vmk180_base_202220_1|C:/Xilinx/Vitis/2022.2/base_platforms/xilinx_vmk180_base_202220_1/xilinx_vmk180_base_202220_1.xpfm;xilinx_zcu102_base_202220_1|C:/Xilinx/Vitis/2022.2/base_platforms/xilinx_zcu102_base_202220_1/xilinx_zcu102_base_202220_1.xpfm;xilinx_zcu102_base_dfx_202220_1|C:/Xilinx/Vitis/2022.2/base_platforms/xilinx_zcu102_base_dfx_202220_1/xilinx_zcu102_base_dfx_202220_1.xpfm;xilinx_zcu104_base_202220_1|C:/Xilinx/Vitis/2022.2/base_platforms/xilinx_zcu104_base_202220_1/xilinx_zcu104_base_202220_1.xpfm
19:20:20 INFO  : Checking for BSP changes to sync application flags for project 'mb_usb'...
19:20:22 INFO  : The hardware specification used by project 'mb_usb' is out of sync with the platform. Resource files extracted from the hardware specification will be updated.
19:20:22 INFO  : The file 'U:\ECE385\lab_6.2\mb_usb\_ide\bitstream\mb_usb_hdmi_top.bit' stored in project is removed.
19:20:22 INFO  : The file 'U:\ECE385\lab_6.2\mb_usb\_ide\bitstream\mb_usb_hdmi_top.mmi' stored in project is removed.
19:20:22 INFO  : The updated bitstream files are copied from platform to folder 'U:\ECE385\lab_6.2\mb_usb\_ide\bitstream' in project 'mb_usb'.
19:21:36 INFO  : Checking for BSP changes to sync application flags for project 'mb_usb'...
19:21:59 INFO  : Connected to target on host '127.0.0.1' and port '3121'.
19:21:59 INFO  : Jtag cable 'RealDigital Boo 887100000003A' is selected.
19:21:59 INFO  : 'jtag frequency' command is executed.
19:22:00 INFO  : 'targets -set -filter {jtag_cable_name =~ "RealDigital Boo 887100000003A" && level==0 && jtag_device_ctx=="jsn1-0362f093-0"}' command is executed.
19:22:01 INFO  : Device configured successfully with "U:/ECE385/lab_6.2/mb_usb/_ide/bitstream/mb_usb_hdmi_top.bit"
19:22:01 INFO  : Context for processor 'microblaze_0' is selected.
19:22:01 INFO  : Hardware design and registers information is loaded from 'U:/ECE385/lab_6.2/mb_usb_hdmi_top/export/mb_usb_hdmi_top/hw/mb_usb_hdmi_top.xsa'.
19:22:01 INFO  : 'configparams mdm-detect-bscan-mask 2' command is executed.
19:22:01 INFO  : Context for processor 'microblaze_0' is selected.
19:22:01 INFO  : System reset is completed.
19:22:04 INFO  : 'after 3000' command is executed.
19:22:04 INFO  : Context for processor 'microblaze_0' is selected.
19:22:04 INFO  : The application 'U:/ECE385/lab_6.2/mb_usb/Debug/mb_usb.elf' is downloaded to processor 'microblaze_0'.
19:22:04 INFO  : ----------------XSDB Script----------------
connect -url tcp:127.0.0.1:3121
targets -set -filter {jtag_cable_name =~ "RealDigital Boo 887100000003A" && level==0 && jtag_device_ctx=="jsn1-0362f093-0"}
fpga -file U:/ECE385/lab_6.2/mb_usb/_ide/bitstream/mb_usb_hdmi_top.bit
targets -set -nocase -filter {name =~ "*microblaze*#0" && bscan=="USER2" }
loadhw -hw U:/ECE385/lab_6.2/mb_usb_hdmi_top/export/mb_usb_hdmi_top/hw/mb_usb_hdmi_top.xsa -regs
configparams mdm-detect-bscan-mask 2
targets -set -nocase -filter {name =~ "*microblaze*#0" && bscan=="USER2" }
rst -system
after 3000
targets -set -nocase -filter {name =~ "*microblaze*#0" && bscan=="USER2" }
dow U:/ECE385/lab_6.2/mb_usb/Debug/mb_usb.elf
----------------End of Script----------------

19:22:04 INFO  : Context for processor 'microblaze_0' is selected.
19:22:05 INFO  : 'con' command is executed.
19:22:05 INFO  : ----------------XSDB Script (After Launch)----------------
targets -set -nocase -filter {name =~ "*microblaze*#0" && bscan=="USER2" }
con
----------------End of Script----------------

19:22:05 INFO  : Disconnected from the channel tcfchan#3.
19:22:28 INFO  : Connected to target on host '127.0.0.1' and port '3121'.
19:22:28 INFO  : Jtag cable 'RealDigital Boo 887100000003A' is selected.
19:22:28 INFO  : 'jtag frequency' command is executed.
19:22:28 INFO  : 'targets -set -filter {jtag_cable_name =~ "RealDigital Boo 887100000003A" && level==0 && jtag_device_ctx=="jsn1-0362f093-0"}' command is executed.
19:22:30 INFO  : Device configured successfully with "U:/ECE385/lab_6.2/mb_usb/_ide/bitstream/mb_usb_hdmi_top.bit"
19:22:30 INFO  : Context for processor 'microblaze_0' is selected.
19:22:30 INFO  : Hardware design and registers information is loaded from 'U:/ECE385/lab_6.2/mb_usb_hdmi_top/export/mb_usb_hdmi_top/hw/mb_usb_hdmi_top.xsa'.
19:22:30 INFO  : 'configparams mdm-detect-bscan-mask 2' command is executed.
19:22:30 INFO  : Context for processor 'microblaze_0' is selected.
19:22:30 INFO  : System reset is completed.
19:22:33 INFO  : 'after 3000' command is executed.
19:22:33 INFO  : Connected to target on host '127.0.0.1' and port '3121'.
19:22:33 INFO  : Context for processor 'microblaze_0' is selected.
19:22:33 INFO  : The application 'U:/ECE385/lab_6.2/mb_usb/Debug/mb_usb.elf' is downloaded to processor 'microblaze_0'.
19:22:33 INFO  : ----------------XSDB Script----------------
connect -url tcp:127.0.0.1:3121
targets -set -filter {jtag_cable_name =~ "RealDigital Boo 887100000003A" && level==0 && jtag_device_ctx=="jsn1-0362f093-0"}
fpga -file U:/ECE385/lab_6.2/mb_usb/_ide/bitstream/mb_usb_hdmi_top.bit
targets -set -nocase -filter {name =~ "*microblaze*#0" && bscan=="USER2" }
loadhw -hw U:/ECE385/lab_6.2/mb_usb_hdmi_top/export/mb_usb_hdmi_top/hw/mb_usb_hdmi_top.xsa -regs
configparams mdm-detect-bscan-mask 2
targets -set -nocase -filter {name =~ "*microblaze*#0" && bscan=="USER2" }
rst -system
after 3000
targets -set -nocase -filter {name =~ "*microblaze*#0" && bscan=="USER2" }
dow U:/ECE385/lab_6.2/mb_usb/Debug/mb_usb.elf
----------------End of Script----------------

19:22:33 INFO  : Context for processor 'microblaze_0' is selected.
19:22:33 INFO  : 'con' command is executed.
19:22:33 INFO  : ----------------XSDB Script (After Launch)----------------
targets -set -nocase -filter {name =~ "*microblaze*#0" && bscan=="USER2" }
con
----------------End of Script----------------

19:22:33 INFO  : Disconnected from the channel tcfchan#4.
19:22:33 INFO  : ----------------XSDB Script----------------
connect -url tcp:127.0.0.1:3121
----------------End of Script----------------

19:22:33 ERROR : Invalid target. Use "connect" command to connect to hw_server/TCF agent
19:40:53 INFO  : Checking for BSP changes to sync application flags for project 'mb_usb'...
19:44:17 INFO  : Result from executing command 'removePlatformRepo': 
19:45:03 ERROR : Error from executing command 'removePlatformRepo': ERROR: No valid directory exists at given path.
19:45:10 ERROR : Error from executing command 'removePlatformRepo': ERROR: No valid directory exists at given path.
19:45:41 INFO  : Result from executing command 'getProjects': mb_usb_hdmi_top
19:45:41 INFO  : Result from executing command 'getPlatforms': xilinx_vck190_base_202220_1|C:/Xilinx/Vitis/2022.2/base_platforms/xilinx_vck190_base_202220_1/xilinx_vck190_base_202220_1.xpfm;xilinx_vck190_base_dfx_202220_1|C:/Xilinx/Vitis/2022.2/base_platforms/xilinx_vck190_base_dfx_202220_1/xilinx_vck190_base_dfx_202220_1.xpfm;xilinx_vmk180_base_202220_1|C:/Xilinx/Vitis/2022.2/base_platforms/xilinx_vmk180_base_202220_1/xilinx_vmk180_base_202220_1.xpfm;xilinx_zcu102_base_202220_1|C:/Xilinx/Vitis/2022.2/base_platforms/xilinx_zcu102_base_202220_1/xilinx_zcu102_base_202220_1.xpfm;xilinx_zcu102_base_dfx_202220_1|C:/Xilinx/Vitis/2022.2/base_platforms/xilinx_zcu102_base_dfx_202220_1/xilinx_zcu102_base_dfx_202220_1.xpfm;xilinx_zcu104_base_202220_1|C:/Xilinx/Vitis/2022.2/base_platforms/xilinx_zcu104_base_202220_1/xilinx_zcu104_base_202220_1.xpfm
19:45:42 INFO  : Checking for BSP changes to sync application flags for project 'mb_usb'...
19:45:47 INFO  : Checking for BSP changes to sync application flags for project 'mb_usb'...
19:45:49 INFO  : Checking for BSP changes to sync application flags for project 'mb_usb'...
19:45:51 INFO  : Checking for BSP changes to sync application flags for project 'mb_usb'...
19:46:16 INFO  : Connected to target on host '127.0.0.1' and port '3121'.
19:46:17 INFO  : Jtag cable 'RealDigital Boo 887100000003A' is selected.
19:46:17 INFO  : 'jtag frequency' command is executed.
19:46:17 INFO  : 'targets -set -filter {jtag_cable_name =~ "RealDigital Boo 887100000003A" && level==0 && jtag_device_ctx=="jsn1-0362f093-0"}' command is executed.
19:46:19 INFO  : Device configured successfully with "U:/ECE385/lab_6.2/mb_usb/_ide/bitstream/mb_usb_hdmi_top.bit"
19:46:19 INFO  : Context for processor 'microblaze_0' is selected.
19:46:19 INFO  : Hardware design and registers information is loaded from 'U:/ECE385/lab_6.2/mb_usb_hdmi_top/export/mb_usb_hdmi_top/hw/mb_usb_hdmi_top.xsa'.
19:46:19 INFO  : 'configparams mdm-detect-bscan-mask 2' command is executed.
19:46:19 INFO  : Context for processor 'microblaze_0' is selected.
19:46:19 INFO  : System reset is completed.
19:46:22 INFO  : 'after 3000' command is executed.
19:46:22 INFO  : Context for processor 'microblaze_0' is selected.
19:46:22 INFO  : The application 'U:/ECE385/lab_6.2/mb_usb/Debug/mb_usb.elf' is downloaded to processor 'microblaze_0'.
19:46:22 INFO  : ----------------XSDB Script----------------
connect -url tcp:127.0.0.1:3121
targets -set -filter {jtag_cable_name =~ "RealDigital Boo 887100000003A" && level==0 && jtag_device_ctx=="jsn1-0362f093-0"}
fpga -file U:/ECE385/lab_6.2/mb_usb/_ide/bitstream/mb_usb_hdmi_top.bit
targets -set -nocase -filter {name =~ "*microblaze*#0" && bscan=="USER2" }
loadhw -hw U:/ECE385/lab_6.2/mb_usb_hdmi_top/export/mb_usb_hdmi_top/hw/mb_usb_hdmi_top.xsa -regs
configparams mdm-detect-bscan-mask 2
targets -set -nocase -filter {name =~ "*microblaze*#0" && bscan=="USER2" }
rst -system
after 3000
targets -set -nocase -filter {name =~ "*microblaze*#0" && bscan=="USER2" }
dow U:/ECE385/lab_6.2/mb_usb/Debug/mb_usb.elf
----------------End of Script----------------

19:46:22 INFO  : Context for processor 'microblaze_0' is selected.
19:46:22 INFO  : 'con' command is executed.
19:46:22 INFO  : ----------------XSDB Script (After Launch)----------------
targets -set -nocase -filter {name =~ "*microblaze*#0" && bscan=="USER2" }
con
----------------End of Script----------------

19:46:22 INFO  : Disconnected from the channel tcfchan#9.
20:21:30 INFO  : Result from executing command 'removePlatformRepo': 
20:23:14 ERROR : Error from executing command 'removePlatformRepo': ERROR: No valid directory exists at given path.
20:23:18 ERROR : Error from executing command 'removePlatformRepo': ERROR: No valid directory exists at given path.
20:23:22 ERROR : Error from executing command 'removePlatformRepo': ERROR: No valid directory exists at given path.
20:23:48 INFO  : Result from executing command 'getProjects': mb_usb_hdmi_top
20:23:48 INFO  : Result from executing command 'getPlatforms': xilinx_vck190_base_202220_1|C:/Xilinx/Vitis/2022.2/base_platforms/xilinx_vck190_base_202220_1/xilinx_vck190_base_202220_1.xpfm;xilinx_vck190_base_dfx_202220_1|C:/Xilinx/Vitis/2022.2/base_platforms/xilinx_vck190_base_dfx_202220_1/xilinx_vck190_base_dfx_202220_1.xpfm;xilinx_vmk180_base_202220_1|C:/Xilinx/Vitis/2022.2/base_platforms/xilinx_vmk180_base_202220_1/xilinx_vmk180_base_202220_1.xpfm;xilinx_zcu102_base_202220_1|C:/Xilinx/Vitis/2022.2/base_platforms/xilinx_zcu102_base_202220_1/xilinx_zcu102_base_202220_1.xpfm;xilinx_zcu102_base_dfx_202220_1|C:/Xilinx/Vitis/2022.2/base_platforms/xilinx_zcu102_base_dfx_202220_1/xilinx_zcu102_base_dfx_202220_1.xpfm;xilinx_zcu104_base_202220_1|C:/Xilinx/Vitis/2022.2/base_platforms/xilinx_zcu104_base_202220_1/xilinx_zcu104_base_202220_1.xpfm
20:23:49 INFO  : Checking for BSP changes to sync application flags for project 'mb_usb'...
20:23:54 INFO  : Checking for BSP changes to sync application flags for project 'mb_usb'...
20:23:56 INFO  : Checking for BSP changes to sync application flags for project 'mb_usb'...
20:23:57 INFO  : Checking for BSP changes to sync application flags for project 'mb_usb'...
20:26:39 INFO  : Connected to target on host '127.0.0.1' and port '3121'.
20:26:39 INFO  : Jtag cable 'RealDigital Boo 887100000003A' is selected.
20:26:40 INFO  : 'jtag frequency' command is executed.
20:26:40 INFO  : 'targets -set -filter {jtag_cable_name =~ "RealDigital Boo 887100000003A" && level==0 && jtag_device_ctx=="jsn1-0362f093-0"}' command is executed.
20:26:41 INFO  : Device configured successfully with "U:/ECE385/lab_6.2/mb_usb/_ide/bitstream/mb_usb_hdmi_top.bit"
20:26:41 INFO  : Context for processor 'microblaze_0' is selected.
20:26:41 INFO  : Hardware design and registers information is loaded from 'U:/ECE385/lab_6.2/mb_usb_hdmi_top/export/mb_usb_hdmi_top/hw/mb_usb_hdmi_top.xsa'.
20:26:41 INFO  : 'configparams mdm-detect-bscan-mask 2' command is executed.
20:26:41 INFO  : Context for processor 'microblaze_0' is selected.
20:26:41 INFO  : System reset is completed.
20:26:44 INFO  : 'after 3000' command is executed.
20:26:44 INFO  : Context for processor 'microblaze_0' is selected.
20:26:44 INFO  : The application 'U:/ECE385/lab_6.2/mb_usb/Debug/mb_usb.elf' is downloaded to processor 'microblaze_0'.
20:26:44 INFO  : ----------------XSDB Script----------------
connect -url tcp:127.0.0.1:3121
targets -set -filter {jtag_cable_name =~ "RealDigital Boo 887100000003A" && level==0 && jtag_device_ctx=="jsn1-0362f093-0"}
fpga -file U:/ECE385/lab_6.2/mb_usb/_ide/bitstream/mb_usb_hdmi_top.bit
targets -set -nocase -filter {name =~ "*microblaze*#0" && bscan=="USER2" }
loadhw -hw U:/ECE385/lab_6.2/mb_usb_hdmi_top/export/mb_usb_hdmi_top/hw/mb_usb_hdmi_top.xsa -regs
configparams mdm-detect-bscan-mask 2
targets -set -nocase -filter {name =~ "*microblaze*#0" && bscan=="USER2" }
rst -system
after 3000
targets -set -nocase -filter {name =~ "*microblaze*#0" && bscan=="USER2" }
dow U:/ECE385/lab_6.2/mb_usb/Debug/mb_usb.elf
----------------End of Script----------------

20:26:44 INFO  : Context for processor 'microblaze_0' is selected.
20:26:44 INFO  : 'con' command is executed.
20:26:44 INFO  : ----------------XSDB Script (After Launch)----------------
targets -set -nocase -filter {name =~ "*microblaze*#0" && bscan=="USER2" }
con
----------------End of Script----------------

20:26:44 INFO  : Disconnected from the channel tcfchan#15.
20:33:35 INFO  : Connected to target on host '127.0.0.1' and port '3121'.
20:33:36 INFO  : Jtag cable 'RealDigital Boo 887100000003A' is selected.
20:33:36 INFO  : 'jtag frequency' command is executed.
20:33:36 INFO  : 'targets -set -filter {jtag_cable_name =~ "RealDigital Boo 887100000003A" && level==0 && jtag_device_ctx=="jsn1-0362f093-0"}' command is executed.
20:33:37 INFO  : Device configured successfully with "U:/ECE385/lab_6.2/mb_usb/_ide/bitstream/mb_usb_hdmi_top.bit"
20:33:37 INFO  : Context for processor 'microblaze_0' is selected.
20:33:37 INFO  : Hardware design and registers information is loaded from 'U:/ECE385/lab_6.2/mb_usb_hdmi_top/export/mb_usb_hdmi_top/hw/mb_usb_hdmi_top.xsa'.
20:33:37 INFO  : 'configparams mdm-detect-bscan-mask 2' command is executed.
20:33:37 INFO  : Context for processor 'microblaze_0' is selected.
20:33:38 INFO  : System reset is completed.
20:33:41 INFO  : 'after 3000' command is executed.
20:33:41 INFO  : Context for processor 'microblaze_0' is selected.
20:33:41 INFO  : The application 'U:/ECE385/lab_6.2/mb_usb/Debug/mb_usb.elf' is downloaded to processor 'microblaze_0'.
20:33:41 INFO  : ----------------XSDB Script----------------
connect -url tcp:127.0.0.1:3121
targets -set -filter {jtag_cable_name =~ "RealDigital Boo 887100000003A" && level==0 && jtag_device_ctx=="jsn1-0362f093-0"}
fpga -file U:/ECE385/lab_6.2/mb_usb/_ide/bitstream/mb_usb_hdmi_top.bit
targets -set -nocase -filter {name =~ "*microblaze*#0" && bscan=="USER2" }
loadhw -hw U:/ECE385/lab_6.2/mb_usb_hdmi_top/export/mb_usb_hdmi_top/hw/mb_usb_hdmi_top.xsa -regs
configparams mdm-detect-bscan-mask 2
targets -set -nocase -filter {name =~ "*microblaze*#0" && bscan=="USER2" }
rst -system
after 3000
targets -set -nocase -filter {name =~ "*microblaze*#0" && bscan=="USER2" }
dow U:/ECE385/lab_6.2/mb_usb/Debug/mb_usb.elf
----------------End of Script----------------

20:33:41 INFO  : Context for processor 'microblaze_0' is selected.
20:33:41 INFO  : 'con' command is executed.
20:33:41 INFO  : ----------------XSDB Script (After Launch)----------------
targets -set -nocase -filter {name =~ "*microblaze*#0" && bscan=="USER2" }
con
----------------End of Script----------------

20:33:41 INFO  : Disconnected from the channel tcfchan#16.
20:36:20 INFO  : Connected to target on host '127.0.0.1' and port '3121'.
20:36:20 INFO  : Jtag cable 'RealDigital Boo 887100000003A' is selected.
20:36:20 INFO  : 'jtag frequency' command is executed.
20:36:21 INFO  : 'targets -set -filter {jtag_cable_name =~ "RealDigital Boo 887100000003A" && level==0 && jtag_device_ctx=="jsn1-0362f093-0"}' command is executed.
20:36:22 INFO  : Device configured successfully with "U:/ECE385/lab_6.2/mb_usb/_ide/bitstream/mb_usb_hdmi_top.bit"
20:36:22 INFO  : Context for processor 'microblaze_0' is selected.
20:36:22 INFO  : Hardware design and registers information is loaded from 'U:/ECE385/lab_6.2/mb_usb_hdmi_top/export/mb_usb_hdmi_top/hw/mb_usb_hdmi_top.xsa'.
20:36:22 INFO  : 'configparams mdm-detect-bscan-mask 2' command is executed.
20:36:22 INFO  : Context for processor 'microblaze_0' is selected.
20:36:22 INFO  : System reset is completed.
20:36:25 INFO  : 'after 3000' command is executed.
20:36:25 INFO  : Context for processor 'microblaze_0' is selected.
20:36:26 INFO  : The application 'U:/ECE385/lab_6.2/mb_usb/Debug/mb_usb.elf' is downloaded to processor 'microblaze_0'.
20:36:26 INFO  : ----------------XSDB Script----------------
connect -url tcp:127.0.0.1:3121
targets -set -filter {jtag_cable_name =~ "RealDigital Boo 887100000003A" && level==0 && jtag_device_ctx=="jsn1-0362f093-0"}
fpga -file U:/ECE385/lab_6.2/mb_usb/_ide/bitstream/mb_usb_hdmi_top.bit
targets -set -nocase -filter {name =~ "*microblaze*#0" && bscan=="USER2" }
loadhw -hw U:/ECE385/lab_6.2/mb_usb_hdmi_top/export/mb_usb_hdmi_top/hw/mb_usb_hdmi_top.xsa -regs
configparams mdm-detect-bscan-mask 2
targets -set -nocase -filter {name =~ "*microblaze*#0" && bscan=="USER2" }
rst -system
after 3000
targets -set -nocase -filter {name =~ "*microblaze*#0" && bscan=="USER2" }
dow U:/ECE385/lab_6.2/mb_usb/Debug/mb_usb.elf
----------------End of Script----------------

20:36:26 INFO  : Context for processor 'microblaze_0' is selected.
20:36:26 INFO  : 'con' command is executed.
20:36:26 INFO  : ----------------XSDB Script (After Launch)----------------
targets -set -nocase -filter {name =~ "*microblaze*#0" && bscan=="USER2" }
con
----------------End of Script----------------

20:36:26 INFO  : Disconnected from the channel tcfchan#17.
20:41:17 INFO  : Hardware specification for platform project 'mb_usb_hdmi_top' is updated.
20:41:29 INFO  : Result from executing command 'removePlatformRepo': 
20:42:20 INFO  : Result from executing command 'getProjects': mb_usb_hdmi_top
20:42:20 INFO  : Result from executing command 'getPlatforms': xilinx_vck190_base_202220_1|C:/Xilinx/Vitis/2022.2/base_platforms/xilinx_vck190_base_202220_1/xilinx_vck190_base_202220_1.xpfm;xilinx_vck190_base_dfx_202220_1|C:/Xilinx/Vitis/2022.2/base_platforms/xilinx_vck190_base_dfx_202220_1/xilinx_vck190_base_dfx_202220_1.xpfm;xilinx_vmk180_base_202220_1|C:/Xilinx/Vitis/2022.2/base_platforms/xilinx_vmk180_base_202220_1/xilinx_vmk180_base_202220_1.xpfm;xilinx_zcu102_base_202220_1|C:/Xilinx/Vitis/2022.2/base_platforms/xilinx_zcu102_base_202220_1/xilinx_zcu102_base_202220_1.xpfm;xilinx_zcu102_base_dfx_202220_1|C:/Xilinx/Vitis/2022.2/base_platforms/xilinx_zcu102_base_dfx_202220_1/xilinx_zcu102_base_dfx_202220_1.xpfm;xilinx_zcu104_base_202220_1|C:/Xilinx/Vitis/2022.2/base_platforms/xilinx_zcu104_base_202220_1/xilinx_zcu104_base_202220_1.xpfm
20:42:21 INFO  : Checking for BSP changes to sync application flags for project 'mb_usb'...
20:42:26 INFO  : The hardware specification used by project 'mb_usb' is out of sync with the platform. Resource files extracted from the hardware specification will be updated.
20:42:26 INFO  : The file 'U:\ECE385\lab_6.2\mb_usb\_ide\bitstream\mb_usb_hdmi_top.bit' stored in project is removed.
20:42:26 INFO  : The file 'U:\ECE385\lab_6.2\mb_usb\_ide\bitstream\mb_usb_hdmi_top.mmi' stored in project is removed.
20:42:26 INFO  : The updated bitstream files are copied from platform to folder 'U:\ECE385\lab_6.2\mb_usb\_ide\bitstream' in project 'mb_usb'.
20:42:37 INFO  : Connected to target on host '127.0.0.1' and port '3121'.
20:42:38 INFO  : Jtag cable 'RealDigital Boo 887100000003A' is selected.
20:42:38 INFO  : 'jtag frequency' command is executed.
20:42:38 INFO  : 'targets -set -filter {jtag_cable_name =~ "RealDigital Boo 887100000003A" && level==0 && jtag_device_ctx=="jsn1-0362f093-0"}' command is executed.
20:42:39 INFO  : Device configured successfully with "U:/ECE385/lab_6.2/mb_usb/_ide/bitstream/mb_usb_hdmi_top.bit"
20:42:39 INFO  : Context for processor 'microblaze_0' is selected.
20:42:39 INFO  : Hardware design and registers information is loaded from 'U:/ECE385/lab_6.2/mb_usb_hdmi_top/export/mb_usb_hdmi_top/hw/mb_usb_hdmi_top.xsa'.
20:42:39 INFO  : 'configparams mdm-detect-bscan-mask 2' command is executed.
20:42:39 INFO  : Context for processor 'microblaze_0' is selected.
20:42:39 INFO  : System reset is completed.
20:42:42 INFO  : 'after 3000' command is executed.
20:42:43 INFO  : Context for processor 'microblaze_0' is selected.
20:42:43 INFO  : The application 'U:/ECE385/lab_6.2/mb_usb/Debug/mb_usb.elf' is downloaded to processor 'microblaze_0'.
20:42:43 INFO  : ----------------XSDB Script----------------
connect -url tcp:127.0.0.1:3121
targets -set -filter {jtag_cable_name =~ "RealDigital Boo 887100000003A" && level==0 && jtag_device_ctx=="jsn1-0362f093-0"}
fpga -file U:/ECE385/lab_6.2/mb_usb/_ide/bitstream/mb_usb_hdmi_top.bit
targets -set -nocase -filter {name =~ "*microblaze*#0" && bscan=="USER2" }
loadhw -hw U:/ECE385/lab_6.2/mb_usb_hdmi_top/export/mb_usb_hdmi_top/hw/mb_usb_hdmi_top.xsa -regs
configparams mdm-detect-bscan-mask 2
targets -set -nocase -filter {name =~ "*microblaze*#0" && bscan=="USER2" }
rst -system
after 3000
targets -set -nocase -filter {name =~ "*microblaze*#0" && bscan=="USER2" }
dow U:/ECE385/lab_6.2/mb_usb/Debug/mb_usb.elf
----------------End of Script----------------

20:42:43 INFO  : Context for processor 'microblaze_0' is selected.
20:42:43 INFO  : 'con' command is executed.
20:42:43 INFO  : ----------------XSDB Script (After Launch)----------------
targets -set -nocase -filter {name =~ "*microblaze*#0" && bscan=="USER2" }
con
----------------End of Script----------------

20:42:43 INFO  : Disconnected from the channel tcfchan#20.
