22:52:17 DEBUG : Logs will be stored at 'C:/Users/Warre/lab_6.2/workspace/IDE.log'.
22:52:18 INFO  : Launching XSCT server: xsct.bat -n  -interactive C:\Users\Warre\lab_6.2\workspace\temp_xsdb_launch_script.tcl
22:52:18 INFO  : Platform repository initialization has completed.
22:52:18 INFO  : Registering command handlers for Vitis TCF services
22:52:20 INFO  : XSCT server has started successfully.
22:52:22 INFO  : plnx-install-location is set to ''
22:52:22 INFO  : Successfully done setting XSCT server connection channel  
22:52:22 INFO  : Successfully done query RDI_DATADIR 
22:52:22 INFO  : Successfully done setting workspace for the tool. 
22:54:32 INFO  : Result from executing command 'getProjects': mb_usb_hdmi_top
22:54:32 INFO  : Result from executing command 'getPlatforms': 
22:54:32 WARN  : An unexpected exception occurred in the module 'platform project logging'
22:54:32 INFO  : Platform 'mb_usb_hdmi_top' is added to custom repositories.
22:54:33 INFO  : Platform 'mb_usb_hdmi_top' is added to custom repositories.
14:45:48 INFO  : Result from executing command 'getProjects': mb_usb_hdmi_top
14:45:48 INFO  : Result from executing command 'getPlatforms': mb_usb_hdmi_top|C:/Users/Warre/lab_6.2/workspace/mb_usb_hdmi_top/export/mb_usb_hdmi_top/mb_usb_hdmi_top.xpfm
14:45:48 INFO  : Checking for BSP changes to sync application flags for project 'mb_usb'...
14:49:19 INFO  : Checking for BSP changes to sync application flags for project 'mb_usb'...
15:00:28 INFO  : Hardware specification for platform project 'mb_usb_hdmi_top' is updated.
15:00:36 INFO  : Result from executing command 'getProjects': mb_usb_hdmi_top
15:00:36 INFO  : Result from executing command 'getPlatforms': mb_usb_hdmi_top|C:/Users/Warre/lab_6.2/workspace/mb_usb_hdmi_top/export/mb_usb_hdmi_top/mb_usb_hdmi_top.xpfm
15:00:57 INFO  : Result from executing command 'removePlatformRepo': 
15:01:00 INFO  : Result from executing command 'getProjects': mb_usb_hdmi_top
15:01:00 INFO  : Result from executing command 'getPlatforms': 
15:01:00 INFO  : Checking for BSP changes to sync application flags for project 'mb_usb'...
15:01:01 INFO  : The hardware specification used by project 'mb_usb' is out of sync with the platform. Resource files extracted from the hardware specification will be updated.
15:01:01 INFO  : The file 'C:\Users\Warre\lab_6.2\workspace\mb_usb\_ide\bitstream\mb_usb_hdmi_top.bit' stored in project is removed.
15:01:01 INFO  : The file 'C:\Users\Warre\lab_6.2\workspace\mb_usb\_ide\bitstream\mb_usb_hdmi_top.mmi' stored in project is removed.
15:01:01 INFO  : The updated bitstream files are copied from platform to folder 'C:\Users\Warre\lab_6.2\workspace\mb_usb\_ide\bitstream' in project 'mb_usb'.
15:01:24 INFO  : Hardware specification for platform project 'mb_usb_hdmi_top' is updated.
15:01:55 INFO  : Result from executing command 'getProjects': mb_usb_hdmi_top
15:01:55 INFO  : Result from executing command 'getPlatforms': mb_usb_hdmi_top|C:/Users/Warre/lab_6.2/workspace/mb_usb_hdmi_top/export/mb_usb_hdmi_top/mb_usb_hdmi_top.xpfm
15:02:08 INFO  : Checking for BSP changes to sync application flags for project 'mb_usb'...
15:03:24 INFO  : Result from executing command 'removePlatformRepo': 
15:03:27 INFO  : Result from executing command 'getProjects': mb_usb_hdmi_top
15:03:27 INFO  : Result from executing command 'getPlatforms': 
15:03:27 INFO  : Checking for BSP changes to sync application flags for project 'mb_usb'...
15:06:28 INFO  : Checking for BSP changes to sync application flags for project 'mb_usb'...
15:06:56 INFO  : Checking for BSP changes to sync application flags for project 'mb_usb'...
15:08:55 INFO  : Connected to target on host '127.0.0.1' and port '3121'.
15:08:56 INFO  : Jtag cable 'RealDigital Boo 887100000003A' is selected.
15:08:56 INFO  : 'jtag frequency' command is executed.
15:08:56 INFO  : 'targets -set -filter {jtag_cable_name =~ "RealDigital Boo 887100000003A" && level==0 && jtag_device_ctx=="jsn1-0362f093-0"}' command is executed.
15:08:57 INFO  : Device configured successfully with "C:/Users/Warre/lab_6.2/workspace/mb_usb/_ide/bitstream/mb_usb_hdmi_top.bit"
15:08:57 INFO  : Context for processor 'microblaze_0' is selected.
15:08:57 INFO  : Hardware design and registers information is loaded from 'C:/Users/Warre/lab_6.2/workspace/mb_usb_hdmi_top/export/mb_usb_hdmi_top/hw/mb_usb_hdmi_top.xsa'.
15:08:57 INFO  : 'configparams mdm-detect-bscan-mask 2' command is executed.
15:08:57 INFO  : Context for processor 'microblaze_0' is selected.
15:08:57 INFO  : System reset is completed.
15:09:00 INFO  : 'after 3000' command is executed.
15:09:00 INFO  : Context for processor 'microblaze_0' is selected.
15:09:00 INFO  : The application 'C:/Users/Warre/lab_6.2/workspace/mb_usb/Debug/mb_usb.elf' is downloaded to processor 'microblaze_0'.
15:09:00 INFO  : ----------------XSDB Script----------------
connect -url tcp:127.0.0.1:3121
targets -set -filter {jtag_cable_name =~ "RealDigital Boo 887100000003A" && level==0 && jtag_device_ctx=="jsn1-0362f093-0"}
fpga -file C:/Users/Warre/lab_6.2/workspace/mb_usb/_ide/bitstream/mb_usb_hdmi_top.bit
targets -set -nocase -filter {name =~ "*microblaze*#0" && bscan=="USER2" }
loadhw -hw C:/Users/Warre/lab_6.2/workspace/mb_usb_hdmi_top/export/mb_usb_hdmi_top/hw/mb_usb_hdmi_top.xsa -regs
configparams mdm-detect-bscan-mask 2
targets -set -nocase -filter {name =~ "*microblaze*#0" && bscan=="USER2" }
rst -system
after 3000
targets -set -nocase -filter {name =~ "*microblaze*#0" && bscan=="USER2" }
dow C:/Users/Warre/lab_6.2/workspace/mb_usb/Debug/mb_usb.elf
----------------End of Script----------------

15:09:00 INFO  : Context for processor 'microblaze_0' is selected.
15:09:00 INFO  : 'con' command is executed.
15:09:00 INFO  : ----------------XSDB Script (After Launch)----------------
targets -set -nocase -filter {name =~ "*microblaze*#0" && bscan=="USER2" }
con
----------------End of Script----------------

15:09:00 INFO  : Disconnected from the channel tcfchan#8.
15:09:30 INFO  : Connected to target on host '127.0.0.1' and port '3121'.
15:09:30 INFO  : Jtag cable 'RealDigital Boo 887100000003A' is selected.
15:09:30 INFO  : 'jtag frequency' command is executed.
15:09:31 INFO  : 'targets -set -filter {jtag_cable_name =~ "RealDigital Boo 887100000003A" && level==0 && jtag_device_ctx=="jsn1-0362f093-0"}' command is executed.
15:09:32 INFO  : Device configured successfully with "C:/Users/Warre/lab_6.2/workspace/mb_usb/_ide/bitstream/mb_usb_hdmi_top.bit"
15:09:32 INFO  : Context for processor 'microblaze_0' is selected.
15:09:32 INFO  : Hardware design and registers information is loaded from 'C:/Users/Warre/lab_6.2/workspace/mb_usb_hdmi_top/export/mb_usb_hdmi_top/hw/mb_usb_hdmi_top.xsa'.
15:09:32 INFO  : 'configparams mdm-detect-bscan-mask 2' command is executed.
15:09:32 INFO  : Context for processor 'microblaze_0' is selected.
15:09:32 INFO  : System reset is completed.
15:09:35 INFO  : 'after 3000' command is executed.
15:09:35 INFO  : Context for processor 'microblaze_0' is selected.
15:09:35 INFO  : The application 'C:/Users/Warre/lab_6.2/workspace/mb_usb/Debug/mb_usb.elf' is downloaded to processor 'microblaze_0'.
15:09:35 INFO  : ----------------XSDB Script----------------
connect -url tcp:127.0.0.1:3121
targets -set -filter {jtag_cable_name =~ "RealDigital Boo 887100000003A" && level==0 && jtag_device_ctx=="jsn1-0362f093-0"}
fpga -file C:/Users/Warre/lab_6.2/workspace/mb_usb/_ide/bitstream/mb_usb_hdmi_top.bit
targets -set -nocase -filter {name =~ "*microblaze*#0" && bscan=="USER2" }
loadhw -hw C:/Users/Warre/lab_6.2/workspace/mb_usb_hdmi_top/export/mb_usb_hdmi_top/hw/mb_usb_hdmi_top.xsa -regs
configparams mdm-detect-bscan-mask 2
targets -set -nocase -filter {name =~ "*microblaze*#0" && bscan=="USER2" }
rst -system
after 3000
targets -set -nocase -filter {name =~ "*microblaze*#0" && bscan=="USER2" }
dow C:/Users/Warre/lab_6.2/workspace/mb_usb/Debug/mb_usb.elf
----------------End of Script----------------

15:09:35 INFO  : Context for processor 'microblaze_0' is selected.
15:09:35 INFO  : 'con' command is executed.
15:09:35 INFO  : ----------------XSDB Script (After Launch)----------------
targets -set -nocase -filter {name =~ "*microblaze*#0" && bscan=="USER2" }
con
----------------End of Script----------------

15:09:35 INFO  : Disconnected from the channel tcfchan#9.
15:13:46 INFO  : Connected to target on host '127.0.0.1' and port '3121'.
15:13:46 INFO  : Jtag cable 'RealDigital Boo 887100000003A' is selected.
15:13:46 INFO  : 'jtag frequency' command is executed.
15:13:46 INFO  : 'targets -set -filter {jtag_cable_name =~ "RealDigital Boo 887100000003A" && level==0 && jtag_device_ctx=="jsn1-0362f093-0"}' command is executed.
15:13:47 INFO  : Device configured successfully with "C:/Users/Warre/lab_6.2/workspace/mb_usb/_ide/bitstream/mb_usb_hdmi_top.bit"
15:13:47 INFO  : Context for processor 'microblaze_0' is selected.
15:13:47 INFO  : Hardware design and registers information is loaded from 'C:/Users/Warre/lab_6.2/workspace/mb_usb_hdmi_top/export/mb_usb_hdmi_top/hw/mb_usb_hdmi_top.xsa'.
15:13:47 INFO  : 'configparams mdm-detect-bscan-mask 2' command is executed.
15:13:47 INFO  : Context for processor 'microblaze_0' is selected.
15:13:47 INFO  : System reset is completed.
15:13:50 INFO  : 'after 3000' command is executed.
15:13:50 INFO  : Context for processor 'microblaze_0' is selected.
15:13:51 INFO  : The application 'C:/Users/Warre/lab_6.2/workspace/mb_usb/Debug/mb_usb.elf' is downloaded to processor 'microblaze_0'.
15:13:51 INFO  : ----------------XSDB Script----------------
connect -url tcp:127.0.0.1:3121
targets -set -filter {jtag_cable_name =~ "RealDigital Boo 887100000003A" && level==0 && jtag_device_ctx=="jsn1-0362f093-0"}
fpga -file C:/Users/Warre/lab_6.2/workspace/mb_usb/_ide/bitstream/mb_usb_hdmi_top.bit
targets -set -nocase -filter {name =~ "*microblaze*#0" && bscan=="USER2" }
loadhw -hw C:/Users/Warre/lab_6.2/workspace/mb_usb_hdmi_top/export/mb_usb_hdmi_top/hw/mb_usb_hdmi_top.xsa -regs
configparams mdm-detect-bscan-mask 2
targets -set -nocase -filter {name =~ "*microblaze*#0" && bscan=="USER2" }
rst -system
after 3000
targets -set -nocase -filter {name =~ "*microblaze*#0" && bscan=="USER2" }
dow C:/Users/Warre/lab_6.2/workspace/mb_usb/Debug/mb_usb.elf
----------------End of Script----------------

15:13:51 INFO  : Context for processor 'microblaze_0' is selected.
15:13:51 INFO  : 'con' command is executed.
15:13:51 INFO  : ----------------XSDB Script (After Launch)----------------
targets -set -nocase -filter {name =~ "*microblaze*#0" && bscan=="USER2" }
con
----------------End of Script----------------

15:13:51 INFO  : Disconnected from the channel tcfchan#10.
